#
# A fatal error has been detected by the Java Runtime Environment:
#
#  EXCEPTION_ACCESS_VIOLATION (0xc0000005) at pc=0x0000000070bd2a16, pid=14000, tid=7332
#
# JRE version: OpenJDK Runtime Environment (15.0.1+9) (build 15.0.1+9-18)
# Java VM: OpenJDK 64-Bit Server VM (15.0.1+9-18, mixed mode, sharing, tiered, compressed oops, g1 gc, windows-amd64)
# Problematic frame:
# C  [sqlite-3.36.0.3-0b2fdf0e-26bd-4711-8d2c-31dc87a96d81-sqlitejdbc.dll+0x12a16]
#
# No core dump will be written. Minidumps are not enabled by default on client versions of Windows
#
# If you would like to submit a bug report, please visit:
#   https://bugreport.java.com/bugreport/crash.jsp
# The crash happened outside the Java Virtual Machine in native code.
# See problematic frame for where to report the bug.
#

---------------  S U M M A R Y ------------

Command Line: -XX:+ShowCodeDetailsInExceptionMessages nl.han.minor.alliander.rfid.prototype.PrototypeApplication

Host: Intel(R) Core(TM) i5-8400 CPU @ 2.80GHz, 6 cores, 15G,  Windows 10 , 64 bit Build 19041 (10.0.19041.292)
Time: Wed Dec 15 16:57:27 2021 W. Europe Standard Time elapsed time: 2.080734 seconds (0d 0h 0m 2s)

---------------  T H R E A D  ---------------

Current thread (0x0000027f049325e0):  JavaThread "http-nio-8080-exec-4" daemon [_thread_in_native, id=7332, stack(0x0000007fdee00000,0x0000007fdef00000)]

Stack: [0x0000007fdee00000,0x0000007fdef00000],  sp=0x0000007fdeefcd80,  free space=1011k
Native frames: (J=compiled Java code, j=interpreted, Vv=VM code, C=native code)
C  [sqlite-3.36.0.3-0b2fdf0e-26bd-4711-8d2c-31dc87a96d81-sqlitejdbc.dll+0x12a16]

Java frames: (J=compiled Java code, j=interpreted, Vv=VM code)
j  org.sqlite.core.NativeDB.column_int(JI)I+0
j  org.sqlite.jdbc3.JDBC3ResultSet.getInt(I)I+18
j  org.sqlite.jdbc3.JDBC3ResultSet.getInt(Ljava/lang/String;)I+6
j  nl.han.minor.alliander.rfid.prototype.persistence.SQLiteDB.getAllMSRs()Ljava/util/List;+27
j  nl.han.minor.alliander.rfid.prototype.service.MainService.getAllMSRs()Ljava/util/List;+3
j  nl.han.minor.alliander.rfid.prototype.controller.IndexController.getAllMSR(Lorg/springframework/ui/Model;)Ljava/lang/String;+7
v  ~StubRoutines::call_stub
J 2402  jdk.internal.reflect.NativeMethodAccessorImpl.invoke0(Ljava/lang/reflect/Method;Ljava/lang/Object;[Ljava/lang/Object;)Ljava/lang/Object; java.base@15.0.1 (0 bytes) @ 0x0000027f6c9774cf [0x0000027f6c977440+0x000000000000008f]
J 2294 c1 jdk.internal.reflect.NativeMethodAccessorImpl.invoke(Ljava/lang/Object;[Ljava/lang/Object;)Ljava/lang/Object; java.base@15.0.1 (117 bytes) @ 0x0000027f657b3bd4 [0x0000027f657b3020+0x0000000000000bb4]
J 2063 c1 jdk.internal.reflect.DelegatingMethodAccessorImpl.invoke(Ljava/lang/Object;[Ljava/lang/Object;)Ljava/lang/Object; java.base@15.0.1 (10 bytes) @ 0x0000027f657182cc [0x0000027f657181c0+0x000000000000010c]
J 2171 c1 java.lang.reflect.Method.invoke(Ljava/lang/Object;[Ljava/lang/Object;)Ljava/lang/Object; java.base@15.0.1 (65 bytes) @ 0x0000027f6574c04c [0x0000027f6574bd00+0x000000000000034c]
j  org.springframework.web.method.support.InvocableHandlerMethod.doInvoke([Ljava/lang/Object;)Ljava/lang/Object;+28
j  org.springframework.web.method.support.InvocableHandlerMethod.invokeForRequest(Lorg/springframework/web/context/request/NativeWebRequest;Lorg/springframework/web/method/support/ModelAndViewContainer;[Ljava/lang/Object;)Ljava/lang/Object;+54
j  org.springframework.web.servlet.mvc.method.annotation.ServletInvocableHandlerMethod.invokeAndHandle(Lorg/springframework/web/context/request/ServletWebRequest;Lorg/springframework/web/method/support/ModelAndViewContainer;[Ljava/lang/Object;)V+4
j  org.springframework.web.servlet.mvc.method.annotation.RequestMappingHandlerAdapter.invokeHandlerMethod(Ljavax/servlet/http/HttpServletRequest;Ljavax/servlet/http/HttpServletResponse;Lorg/springframework/web/method/HandlerMethod;)Lorg/springframework/web/servlet/ModelAndView;+244
j  org.springframework.web.servlet.mvc.method.annotation.RequestMappingHandlerAdapter.handleInternal(Ljavax/servlet/http/HttpServletRequest;Ljavax/servlet/http/HttpServletResponse;Lorg/springframework/web/method/HandlerMethod;)Lorg/springframework/web/servlet/ModelAndView;+81
j  org.springframework.web.servlet.mvc.method.AbstractHandlerMethodAdapter.handle(Ljavax/servlet/http/HttpServletRequest;Ljavax/servlet/http/HttpServletResponse;Ljava/lang/Object;)Lorg/springframework/web/servlet/ModelAndView;+7
j  org.springframework.web.servlet.DispatcherServlet.doDispatch(Ljavax/servlet/http/HttpServletRequest;Ljavax/servlet/http/HttpServletResponse;)V+259
j  org.springframework.web.servlet.DispatcherServlet.doService(Ljavax/servlet/http/HttpServletRequest;Ljavax/servlet/http/HttpServletResponse;)V+241
j  org.springframework.web.servlet.FrameworkServlet.processRequest(Ljavax/servlet/http/HttpServletRequest;Ljavax/servlet/http/HttpServletResponse;)V+71
j  org.springframework.web.servlet.FrameworkServlet.doGet(Ljavax/servlet/http/HttpServletRequest;Ljavax/servlet/http/HttpServletResponse;)V+3
j  javax.servlet.http.HttpServlet.service(Ljavax/servlet/http/HttpServletRequest;Ljavax/servlet/http/HttpServletResponse;)V+35
j  org.springframework.web.servlet.FrameworkServlet.service(Ljavax/servlet/http/HttpServletRequest;Ljavax/servlet/http/HttpServletResponse;)V+33
j  javax.servlet.http.HttpServlet.service(Ljavax/servlet/ServletRequest;Ljavax/servlet/ServletResponse;)V+36
j  org.apache.catalina.core.ApplicationFilterChain.internalDoFilter(Ljavax/servlet/ServletRequest;Ljavax/servlet/ServletResponse;)V+304
j  org.apache.catalina.core.ApplicationFilterChain.doFilter(Ljavax/servlet/ServletRequest;Ljavax/servlet/ServletResponse;)V+99
j  org.apache.tomcat.websocket.server.WsFilter.doFilter(Ljavax/servlet/ServletRequest;Ljavax/servlet/ServletResponse;Ljavax/servlet/FilterChain;)V+21
j  org.apache.catalina.core.ApplicationFilterChain.internalDoFilter(Ljavax/servlet/ServletRequest;Ljavax/servlet/ServletResponse;)V+135
j  org.apache.catalina.core.ApplicationFilterChain.doFilter(Ljavax/servlet/ServletRequest;Ljavax/servlet/ServletResponse;)V+99
j  org.springframework.web.filter.RequestContextFilter.doFilterInternal(Ljavax/servlet/http/HttpServletRequest;Ljavax/servlet/http/HttpServletResponse;Ljavax/servlet/FilterChain;)V+21
j  org.springframework.web.filter.OncePerRequestFilter.doFilter(Ljavax/servlet/ServletRequest;Ljavax/servlet/ServletResponse;Ljavax/servlet/FilterChain;)V+147
j  org.apache.catalina.core.ApplicationFilterChain.internalDoFilter(Ljavax/servlet/ServletRequest;Ljavax/servlet/ServletResponse;)V+135
j  org.apache.catalina.core.ApplicationFilterChain.doFilter(Ljavax/servlet/ServletRequest;Ljavax/servlet/ServletResponse;)V+99
j  org.springframework.web.filter.FormContentFilter.doFilterInternal(Ljavax/servlet/http/HttpServletRequest;Ljavax/servlet/http/HttpServletResponse;Ljavax/servlet/FilterChain;)V+38
j  org.springframework.web.filter.OncePerRequestFilter.doFilter(Ljavax/servlet/ServletRequest;Ljavax/servlet/ServletResponse;Ljavax/servlet/FilterChain;)V+147
j  org.apache.catalina.core.ApplicationFilterChain.internalDoFilter(Ljavax/servlet/ServletRequest;Ljavax/servlet/ServletResponse;)V+135
j  org.apache.catalina.core.ApplicationFilterChain.doFilter(Ljavax/servlet/ServletRequest;Ljavax/servlet/ServletResponse;)V+99
j  org.springframework.web.filter.CharacterEncodingFilter.doFilterInternal(Ljavax/servlet/http/HttpServletRequest;Ljavax/servlet/http/HttpServletResponse;Ljavax/servlet/FilterChain;)V+53
j  org.springframework.web.filter.OncePerRequestFilter.doFilter(Ljavax/servlet/ServletRequest;Ljavax/servlet/ServletResponse;Ljavax/servlet/FilterChain;)V+147
j  org.apache.catalina.core.ApplicationFilterChain.internalDoFilter(Ljavax/servlet/ServletRequest;Ljavax/servlet/ServletResponse;)V+135
j  org.apache.catalina.core.ApplicationFilterChain.doFilter(Ljavax/servlet/ServletRequest;Ljavax/servlet/ServletResponse;)V+99
j  org.apache.catalina.core.StandardWrapperValve.invoke(Lorg/apache/catalina/connector/Request;Lorg/apache/catalina/connector/Response;)V+694
j  org.apache.catalina.core.StandardContextValve.invoke(Lorg/apache/catalina/connector/Request;Lorg/apache/catalina/connector/Response;)V+169
j  org.apache.catalina.authenticator.AuthenticatorBase.invoke(Lorg/apache/catalina/connector/Request;Lorg/apache/catalina/connector/Response;)V+260
j  org.apache.catalina.core.StandardHostValve.invoke(Lorg/apache/catalina/connector/Request;Lorg/apache/catalina/connector/Response;)V+128
j  org.apache.catalina.valves.ErrorReportValve.invoke(Lorg/apache/catalina/connector/Request;Lorg/apache/catalina/connector/Response;)V+6
j  org.apache.catalina.core.StandardEngineValve.invoke(Lorg/apache/catalina/connector/Request;Lorg/apache/catalina/connector/Response;)V+59
j  org.apache.catalina.connector.CoyoteAdapter.service(Lorg/apache/coyote/Request;Lorg/apache/coyote/Response;)V+199
j  org.apache.coyote.http11.Http11Processor.service(Lorg/apache/tomcat/util/net/SocketWrapperBase;)Lorg/apache/tomcat/util/net/AbstractEndpoint$Handler$SocketState;+737
j  org.apache.coyote.AbstractProcessorLight.process(Lorg/apache/tomcat/util/net/SocketWrapperBase;Lorg/apache/tomcat/util/net/SocketEvent;)Lorg/apache/tomcat/util/net/AbstractEndpoint$Handler$SocketState;+170
j  org.apache.coyote.AbstractProtocol$ConnectionHandler.process(Lorg/apache/tomcat/util/net/SocketWrapperBase;Lorg/apache/tomcat/util/net/SocketEvent;)Lorg/apache/tomcat/util/net/AbstractEndpoint$Handler$SocketState;+505
j  org.apache.tomcat.util.net.NioEndpoint$SocketProcessor.doRun()V+216
j  org.apache.tomcat.util.net.SocketProcessorBase.run()V+21
j  org.apache.tomcat.util.threads.ThreadPoolExecutor.runWorker(Lorg/apache/tomcat/util/threads/ThreadPoolExecutor$Worker;)V+92
j  org.apache.tomcat.util.threads.ThreadPoolExecutor$Worker.run()V+5
j  org.apache.tomcat.util.threads.TaskThread$WrappingRunnable.run()V+4
j  java.lang.Thread.run()V+11 java.base@15.0.1
v  ~StubRoutines::call_stub

siginfo: EXCEPTION_ACCESS_VIOLATION (0xc0000005), reading address 0x0000027f054d9f48


Register to memory mapping:

RIP=0x0000000070bd2a16 sqlite-3.36.0.3-0b2fdf0e-26bd-4711-8d2c-31dc87a96d81-sqlitejdbc.dll
RAX=0x0000000070c78860 sqlite-3.36.0.3-0b2fdf0e-26bd-4711-8d2c-31dc87a96d81-sqlitejdbc.dll
RBX=0x0 is NULL
RCX=0x0000027f054d9f48 is an unknown value
RDX=0x0 is NULL
RSP=0x0000007fdeefcd80 is pointing into the stack for thread: 0x0000027f049325e0
RBP=0x0000007fdeefce98 is pointing into the stack for thread: 0x0000027f049325e0
RSI=0x0000027f054d9f48 is an unknown value
RDI=0x0000027f64dc9bc0 is at code_begin+832 in an Interpreter codelet
invoke return entry points  [0x0000027f64dc9880, 0x0000027f64dca280]  2560 bytes
R8 =0x0000027f054d9f48 is an unknown value
R9 =0x0 is NULL
R10=0x0000027f64dcfcfd is at code_begin+1277 in an Interpreter codelet
method entry point (kind = native_synchronized)  [0x0000027f64dcf800, 0x0000027f64dd03a0]  2976 bytes
R11=0x0000000000000121 is an unknown value
R12=0x0 is NULL
R13={method} {0x0000027f05ebfe60} 'column_int' '(JI)I' in 'org/sqlite/core/NativeDB'
R14=0x0000007fdeefced0 is pointing into the stack for thread: 0x0000027f049325e0
R15=0x0000027f049325e0 is a thread


Registers:
RAX=0x0000000070c78860, RBX=0x0000000000000000, RCX=0x0000027f054d9f48, RDX=0x0000000000000000
RSP=0x0000007fdeefcd80, RBP=0x0000007fdeefce98, RSI=0x0000027f054d9f48, RDI=0x0000027f64dc9bc0
R8 =0x0000027f054d9f48, R9 =0x0000000000000000, R10=0x0000027f64dcfcfd, R11=0x0000000000000121
R12=0x0000000000000000, R13=0x0000027f05ebfe58, R14=0x0000007fdeefced0, R15=0x0000027f049325e0
RIP=0x0000000070bd2a16, EFLAGS=0x0000000000010206

Top of Stack: (sp=0x0000007fdeefcd80)
0x0000007fdeefcd80:   0000000000000000 0000027f049325e0
0x0000007fdeefcd90:   0000027f03509f02 0000007fdeefce40
0x0000007fdeefcda0:   0000027f03aa57d0 0000027f054d9f48
0x0000007fdeefcdb0:   0000000000000000 0000000070bd2a71
0x0000007fdeefcdc0:   0000027f00000005 0000007f00000002
0x0000007fdeefcdd0:   0000007fdeefced0 00007ff907aeb4c3
0x0000007fdeefcde0:   0000027f049325e0 00000007032c0958
0x0000007fdeefcdf0:   0000027f05ebfe58 0000027f64dcfd2c
0x0000007fdeefce00:   0000027f64dc9bc0 0000027f64dcfa3f
0x0000007fdeefce10:   0000027f05ebfe58 0000007fdeefce98
0x0000007fdeefce20:   0000000000000000 0000000000000000
0x0000007fdeefce30:   0000007fdeefce48 0000027f64dcf9fc
0x0000007fdeefce40:   0000000000000003 00000007032c0958
0x0000007fdeefce50:   0000007fdeefce40 0000027f05ebfe58
0x0000007fdeefce60:   0000007fdeefced0 0000027f05f16620
0x0000007fdeefce70:   0000000000000000 000000070cd57778 

Instructions: (pc=0x0000000070bd2a16)
0x0000000070bd2916:   fa 63 48 89 ce 75 4c 48 8b 19 48 8b 4b 18 e8 f0
0x0000000070bd2926:   16 ff ff 48 8d 44 24 2c 48 89 f2 48 89 d9 c7 44
0x0000000070bd2936:   24 2c 00 00 00 00 48 89 83 e0 02 00 00 e8 a8 fe
0x0000000070bd2946:   ff ff 48 89 d9 48 89 f2 e8 f4 a6 ff ff 48 8b 4b
0x0000000070bd2956:   18 48 c7 83 e0 02 00 00 00 00 00 00 e8 ce 16 ff
0x0000000070bd2966:   ff eb 20 48 63 d2 45 85 c0 48 8d 04 91 8b 90 ec
0x0000000070bd2976:   00 00 00 89 54 24 2c 74 0a c7 80 ec 00 00 00 00
0x0000000070bd2986:   00 00 00 8b 44 24 2c 48 83 c4 38 5b 5e c3 55 57
0x0000000070bd2996:   56 53 48 83 ec 28 8d 42 ff 89 d7 44 89 c5 44 89
0x0000000070bd29a6:   ce 83 f8 01 77 49 48 8b 19 44 89 ca 48 89 d9 e8
0x0000000070bd29b6:   ff d7 ff ff 44 8d 4e 01 48 89 d9 44 89 ca e8 fb
0x0000000070bd29c6:   2e ff ff 80 38 b2 75 0b 44 89 ca 48 89 d9 e8 e0
0x0000000070bd29d6:   d7 ff ff 83 ff 02 75 17 89 f2 48 89 d9 e8 dc 2e
0x0000000070bd29e6:   ff ff c6 00 48 c7 40 04 01 00 00 00 89 68 08 48
0x0000000070bd29f6:   83 c4 28 5b 5e 5f 5d c3 56 53 48 83 ec 28 48 8d
0x0000000070bd2a06:   05 55 5e 0a 00 48 85 c9 48 89 ce 48 63 da 74 47
0x0000000070bd2a16:   48 8b 01 48 8b 48 18 e8 f7 15 ff ff 48 8b 86 a0
0x0000000070bd2a26:   00 00 00 48 85 c0 74 1b 0f b7 96 c0 00 00 00 39
0x0000000070bd2a36:   da 7e 10 89 da 83 ea 00 78 09 48 6b db 38 48 01
0x0000000070bd2a46:   d8 eb 14 48 8b 0e ba 19 00 00 00 e8 c8 b6 ff ff
0x0000000070bd2a56:   48 8d 05 03 5e 0a 00 48 83 c4 28 5b 5e c3 53 48
0x0000000070bd2a66:   83 ec 30 48 89 cb e8 8d ff ff ff 48 89 c1 e8 35
0x0000000070bd2a76:   bf ff ff 48 89 d9 48 89 44 24 28 e8 38 f9 ff ff
0x0000000070bd2a86:   48 8b 44 24 28 48 83 c4 30 5b c3 53 48 83 ec 30
0x0000000070bd2a96:   48 89 cb e8 60 ff ff ff 48 89 c1 e8 08 bf ff ff
0x0000000070bd2aa6:   48 89 d9 48 89 44 24 28 e8 0b f9 ff ff 48 8b 44
0x0000000070bd2ab6:   24 28 48 83 c4 30 5b c3 53 48 83 ec 30 48 89 cb
0x0000000070bd2ac6:   e8 33 ff ff ff 8b 50 08 f6 c6 08 74 0a 80 e6 f7
0x0000000070bd2ad6:   80 ce 10 66 89 50 08 48 89 d9 48 89 44 24 28 e8
0x0000000070bd2ae6:   d4 f8 ff ff 48 8b 44 24 28 48 83 c4 30 5b c3 56
0x0000000070bd2af6:   53 48 83 ec 28 48 89 cb e8 fb fe ff ff 8b 40 08
0x0000000070bd2b06:   48 8d 15 13 74 0a 00 48 89 d9 83 e0 3f 0f b6 34 


Stack slot to memory mapping:
stack at sp + 0 slots: 0x0 is NULL
stack at sp + 1 slots: 0x0000027f049325e0 is a thread
stack at sp + 2 slots: 0x0000027f03509f02 points into unknown readable memory: 00 00 00 00 00 00
stack at sp + 3 slots: 0x0000007fdeefce40 is pointing into the stack for thread: 0x0000027f049325e0
stack at sp + 4 slots: 0x0000027f03aa57d0 points into unknown readable memory: 0x00000007032c0958 | 58 09 2c 03 07 00 00 00
stack at sp + 5 slots: 0x0000027f054d9f48 is an unknown value
stack at sp + 6 slots: 0x0 is NULL
stack at sp + 7 slots: 0x0000000070bd2a71 sqlite-3.36.0.3-0b2fdf0e-26bd-4711-8d2c-31dc87a96d81-sqlitejdbc.dll


---------------  P R O C E S S  ---------------

Threads class SMR info:
_java_thread_list=0x0000027f0450d180, length=24, elements={
0x0000027f7fe6cff0, 0x0000027f7fe6dbc0, 0x0000027f7fe877c0, 0x0000027f7fe8a280,
0x0000027f7fe8ad30, 0x0000027f7fe93f30, 0x0000027f7fe990f0, 0x0000027f7febd760,
0x0000027f00996e60, 0x0000027f0099e080, 0x0000027f00a41f80, 0x0000027f015a3a20,
0x0000027f015a4d60, 0x0000027f015a3ef0, 0x0000027f015a1870, 0x0000027f015a2210,
0x0000027f015a1d40, 0x0000027f015a2bb0, 0x0000027f015a26e0, 0x0000027f015a3080,
0x0000027f04931770, 0x0000027f0492ddb0, 0x0000027f0492ff60, 0x0000027f049325e0
}

Java Threads: ( => current thread )
  0x0000027f7fe6cff0 JavaThread "Reference Handler" daemon [_thread_blocked, id=17696, stack(0x0000007fdd100000,0x0000007fdd200000)]
  0x0000027f7fe6dbc0 JavaThread "Finalizer" daemon [_thread_blocked, id=9164, stack(0x0000007fdd200000,0x0000007fdd300000)]
  0x0000027f7fe877c0 JavaThread "Signal Dispatcher" daemon [_thread_blocked, id=6852, stack(0x0000007fdd300000,0x0000007fdd400000)]
  0x0000027f7fe8a280 JavaThread "Attach Listener" daemon [_thread_blocked, id=9256, stack(0x0000007fdd400000,0x0000007fdd500000)]
  0x0000027f7fe8ad30 JavaThread "Service Thread" daemon [_thread_blocked, id=2968, stack(0x0000007fdd500000,0x0000007fdd600000)]
  0x0000027f7fe93f30 JavaThread "C2 CompilerThread0" daemon [_thread_in_native, id=13940, stack(0x0000007fdd600000,0x0000007fdd700000)]
  0x0000027f7fe990f0 JavaThread "C1 CompilerThread0" daemon [_thread_blocked, id=9320, stack(0x0000007fdd700000,0x0000007fdd800000)]
  0x0000027f7febd760 JavaThread "Sweeper thread" daemon [_thread_blocked, id=8768, stack(0x0000007fdd800000,0x0000007fdd900000)]
  0x0000027f00996e60 JavaThread "Notification Thread" daemon [_thread_blocked, id=16584, stack(0x0000007fdd900000,0x0000007fdda00000)]
  0x0000027f0099e080 JavaThread "Common-Cleaner" daemon [_thread_blocked, id=17596, stack(0x0000007fddb00000,0x0000007fddc00000)]
  0x0000027f00a41f80 JavaThread "C2 CompilerThread1" daemon [_thread_in_native, id=1984, stack(0x0000007fddc00000,0x0000007fddd00000)]
  0x0000027f015a3a20 JavaThread "Catalina-utility-1" [_thread_blocked, id=4232, stack(0x0000007fde500000,0x0000007fde600000)]
  0x0000027f015a4d60 JavaThread "Catalina-utility-2" [_thread_blocked, id=15672, stack(0x0000007fde600000,0x0000007fde700000)]
  0x0000027f015a3ef0 JavaThread "container-0" [_thread_blocked, id=16928, stack(0x0000007fde700000,0x0000007fde800000)]
  0x0000027f015a1870 JavaThread "File Watcher" daemon [_thread_blocked, id=17992, stack(0x0000007fde800000,0x0000007fde900000)]
  0x0000027f015a2210 JavaThread "Live Reload Server" daemon [_thread_in_native, id=15128, stack(0x0000007fdea00000,0x0000007fdeb00000)]
  0x0000027f015a1d40 JavaThread "http-nio-8080-Poller" daemon [_thread_in_native, id=17036, stack(0x0000007fde900000,0x0000007fdea00000)]
  0x0000027f015a2bb0 JavaThread "http-nio-8080-Acceptor" daemon [_thread_in_native, id=11960, stack(0x0000007fdeb00000,0x0000007fdec00000)]
  0x0000027f015a26e0 JavaThread "http-nio-8080-exec-1" daemon [_thread_in_Java, id=10928, stack(0x0000007fdec00000,0x0000007fded00000)]
  0x0000027f015a3080 JavaThread "scheduling-1" [_thread_blocked, id=17560, stack(0x0000007fded00000,0x0000007fdee00000)]
  0x0000027f04931770 JavaThread "DestroyJavaVM" [_thread_blocked, id=17580, stack(0x0000007fdca00000,0x0000007fdcb00000)]
  0x0000027f0492ddb0 JavaThread "http-nio-8080-exec-2" daemon [_thread_blocked, id=1952, stack(0x0000007fddd00000,0x0000007fdde00000)]
  0x0000027f0492ff60 JavaThread "http-nio-8080-exec-3" daemon [_thread_blocked, id=9864, stack(0x0000007fdde00000,0x0000007fddf00000)]
=>0x0000027f049325e0 JavaThread "http-nio-8080-exec-4" daemon [_thread_in_native, id=7332, stack(0x0000007fdee00000,0x0000007fdef00000)]

Other Threads:
  0x0000027f7fe67750 VMThread "VM Thread" [stack: 0x0000007fdd000000,0x0000007fdd100000] [id=12904]
  0x0000027f00997740 WatcherThread [stack: 0x0000007fdda00000,0x0000007fddb00000] [id=3532]
  0x0000027f5cbecc20 GCTaskThread "GC Thread#0" [stack: 0x0000007fdcb00000,0x0000007fdcc00000] [id=4968]
  0x0000027f00bfd9c0 GCTaskThread "GC Thread#1" [stack: 0x0000007fddf00000,0x0000007fde000000] [id=12248]
  0x0000027f00bfe350 GCTaskThread "GC Thread#2" [stack: 0x0000007fde000000,0x0000007fde100000] [id=14888]
  0x0000027f00bfc040 GCTaskThread "GC Thread#3" [stack: 0x0000007fde100000,0x0000007fde200000] [id=11492]
  0x0000027f00bfd690 GCTaskThread "GC Thread#4" [stack: 0x0000007fde200000,0x0000007fde300000] [id=12308]
  0x0000027f00bfdcf0 GCTaskThread "GC Thread#5" [stack: 0x0000007fde300000,0x0000007fde400000] [id=6948]
  0x0000027f5cbfdcb0 ConcurrentGCThread "G1 Main Marker" [stack: 0x0000007fdcc00000,0x0000007fdcd00000] [id=11860]
  0x0000027f5cbff040 ConcurrentGCThread "G1 Conc#0" [stack: 0x0000007fdcd00000,0x0000007fdce00000] [id=15968]
  0x0000027f00bfcd00 ConcurrentGCThread "G1 Conc#1" [stack: 0x0000007fde400000,0x0000007fde500000] [id=6940]
  0x0000027f7fd640f0 ConcurrentGCThread "G1 Refine#0" [stack: 0x0000007fdce00000,0x0000007fdcf00000] [id=15648]
  0x0000027f7fd64cf0 ConcurrentGCThread "G1 Young RemSet Sampling" [stack: 0x0000007fdcf00000,0x0000007fdd000000] [id=17044]

Threads with active compile tasks:
C2 CompilerThread0     2173 3682 %     4       org.springframework.util.ReflectionUtils::findMethod @ 14 (109 bytes)
C2 CompilerThread1     2173 3681       4       org.springframework.core.annotation.MergedAnnotations::from (9 bytes)

VM state: not at safepoint (normal execution)

VM Mutex/Monitor currently owned by a thread: None

Heap address: 0x0000000700c00000, size: 4084 MB, Compressed Oops mode: Zero based, Oop shift amount: 3
CDS archive(s) mapped at: [0x0000000800000000-0x0000000800b50000-0x0000000800b50000), size 11862016, SharedBaseAddress: 0x0000000800000000, ArchiveRelocationMode: 0.
Compressed class space mapped at: 0x0000000800b50000-0x0000000840b50000, size: 1073741824
Narrow klass base: 0x0000000800000000, Narrow klass shift: 3, Narrow klass range: 0x100000000

GC Precious Log:
 CPUs: 6 total, 6 available
 Memory: 16330M
 Large Page Support: Disabled
 NUMA Support: Disabled
 Compressed Oops: Enabled (Zero based)
 Heap Region Size: 2M
 Heap Min Capacity: 8M
 Heap Initial Capacity: 256M
 Heap Max Capacity: 4084M
 Pre-touch: Disabled
 Parallel Workers: 6
 Concurrent Workers: 2
 Concurrent Refinement Workers: 6
 Periodic GC: Disabled

Heap:
 garbage-first heap   total 49152K, used 23608K [0x0000000700c00000, 0x0000000800000000)
  region size 2048K, 9 young (18432K), 2 survivors (4096K)
 Metaspace       used 31424K, capacity 31850K, committed 32176K, reserved 1077248K
  class space    used 3810K, capacity 4000K, committed 4096K, reserved 1048576K

Heap Regions: E=young(eden), S=young(survivor), O=old, HS=humongous(starts), HC=humongous(continues), CS=collection set, F=free, OA=open archive, CA=closed archive, TAMS=top-at-mark-start (previous, next)
|   0|0x0000000700c00000, 0x0000000700e00000, 0x0000000700e00000|100%| O|  |TAMS 0x0000000700e00000, 0x0000000700c00000| Untracked 
|   1|0x0000000700e00000, 0x0000000701000000, 0x0000000701000000|100%| O|  |TAMS 0x0000000701000000, 0x0000000700e00000| Untracked 
|   2|0x0000000701000000, 0x0000000701026800, 0x0000000701200000|  7%| O|  |TAMS 0x0000000701026800, 0x0000000701000000| Untracked 
|   3|0x0000000701200000, 0x0000000701400000, 0x0000000701400000|100%| O|  |TAMS 0x0000000701200000, 0x0000000701200000| Untracked 
|   4|0x0000000701400000, 0x0000000701600000, 0x0000000701600000|100%| O|  |TAMS 0x0000000701400000, 0x0000000701400000| Untracked 
|   5|0x0000000701600000, 0x00000007016e7800, 0x0000000701800000| 45%| O|  |TAMS 0x0000000701600000, 0x0000000701600000| Untracked 
|   6|0x0000000701800000, 0x0000000701800000, 0x0000000701a00000|  0%| F|  |TAMS 0x0000000701800000, 0x0000000701800000| Untracked 
|   7|0x0000000701a00000, 0x0000000701a00000, 0x0000000701c00000|  0%| F|  |TAMS 0x0000000701a00000, 0x0000000701a00000| Untracked 
|   8|0x0000000701c00000, 0x0000000701c00000, 0x0000000701e00000|  0%| F|  |TAMS 0x0000000701c00000, 0x0000000701c00000| Untracked 
|   9|0x0000000701e00000, 0x0000000701e00000, 0x0000000702000000|  0%| F|  |TAMS 0x0000000701e00000, 0x0000000701e00000| Untracked 
|  10|0x0000000702000000, 0x0000000702000000, 0x0000000702200000|  0%| F|  |TAMS 0x0000000702000000, 0x0000000702000000| Untracked 
|  11|0x0000000702200000, 0x0000000702200000, 0x0000000702400000|  0%| F|  |TAMS 0x0000000702200000, 0x0000000702200000| Untracked 
|  12|0x0000000702400000, 0x0000000702600000, 0x0000000702600000|100%| S|CS|TAMS 0x0000000702400000, 0x0000000702400000| Complete 
|  13|0x0000000702600000, 0x0000000702800000, 0x0000000702800000|100%| S|CS|TAMS 0x0000000702600000, 0x0000000702600000| Complete 
|  14|0x0000000702800000, 0x0000000702800000, 0x0000000702a00000|  0%| F|  |TAMS 0x0000000702800000, 0x0000000702800000| Untracked 
|  15|0x0000000702a00000, 0x0000000702a00000, 0x0000000702c00000|  0%| F|  |TAMS 0x0000000702a00000, 0x0000000702a00000| Untracked 
|  16|0x0000000702c00000, 0x0000000702c00000, 0x0000000702e00000|  0%| F|  |TAMS 0x0000000702c00000, 0x0000000702c00000| Untracked 
|  17|0x0000000702e00000, 0x0000000702eb1070, 0x0000000703000000| 34%| E|  |TAMS 0x0000000702e00000, 0x0000000702e00000| Complete 
|  18|0x0000000703000000, 0x0000000703200000, 0x0000000703200000|100%| E|CS|TAMS 0x0000000703000000, 0x0000000703000000| Complete 
|  19|0x0000000703200000, 0x0000000703400000, 0x0000000703400000|100%| E|CS|TAMS 0x0000000703200000, 0x0000000703200000| Complete 
|  96|0x000000070cc00000, 0x000000070ce00000, 0x000000070ce00000|100%| E|  |TAMS 0x000000070cc00000, 0x000000070cc00000| Complete 
|  97|0x000000070ce00000, 0x000000070d000000, 0x000000070d000000|100%| E|CS|TAMS 0x000000070ce00000, 0x000000070ce00000| Complete 
|  98|0x000000070d000000, 0x000000070d200000, 0x000000070d200000|100%| E|CS|TAMS 0x000000070d000000, 0x000000070d000000| Complete 
| 127|0x0000000710a00000, 0x0000000710c00000, 0x0000000710c00000|100%| E|CS|TAMS 0x0000000710a00000, 0x0000000710a00000| Complete 

Card table byte_map: [0x0000027f746d0000,0x0000027f74ed0000] _byte_map_base: 0x0000027f70eca000

Marking Bits (Prev, Next): (CMBitMap*) 0x0000027f5cbed450, (CMBitMap*) 0x0000027f5cbed410
 Prev Bits: [0x0000027f796a0000, 0x0000027f7d670000)
 Next Bits: [0x0000027f756d0000, 0x0000027f796a0000)

Polling page: 0x0000027f5c370000

Metaspace:

Usage:
  Non-class:     27.20 MB capacity,    26.97 MB (>99%) used,   183.12 KB ( <1%) free+waste,    48.81 KB ( <1%) overhead. 
      Class:      3.91 MB capacity,     3.72 MB ( 95%) used,   170.05 KB (  4%) free+waste,    19.69 KB ( <1%) overhead. 
       Both:     31.10 MB capacity,    30.69 MB ( 99%) used,   353.17 KB (  1%) free+waste,    68.50 KB ( <1%) overhead. 

Virtual space:
  Non-class space:       28.00 MB reserved,      27.42 MB ( 98%) committed 
      Class space:        1.00 GB reserved,       4.00 MB ( <1%) committed 
             Both:        1.03 GB reserved,      31.42 MB (  3%) committed 

Chunk freelists:
   Non-Class:  38.00 KB
       Class:  0 bytes
        Both:  38.00 KB

MaxMetaspaceSize: 17179869184.00 GB
CompressedClassSpaceSize: 1.00 GB

CodeHeap 'non-profiled nmethods': size=120000Kb used=1808Kb max_used=1808Kb free=118191Kb
 bounds [0x0000027f6c890000, 0x0000027f6cb00000, 0x0000027f73dc0000]
CodeHeap 'profiled nmethods': size=120000Kb used=7975Kb max_used=7975Kb free=112024Kb
 bounds [0x0000027f65360000, 0x0000027f65b30000, 0x0000027f6c890000]
CodeHeap 'non-nmethods': size=5760Kb used=1242Kb max_used=1324Kb free=4517Kb
 bounds [0x0000027f64dc0000, 0x0000027f65030000, 0x0000027f65360000]
 total_blobs=4263 nmethods=3750 adapters=425
 compilation: enabled
              stopped_count=0, restarted_count=0
 full_count=0

Compilation events (20 events):
Event: 2.034 Thread 0x0000027f7fe990f0 3670       3       java.io.BufferedInputStream::getInIfOpen (21 bytes)
Event: 2.034 Thread 0x0000027f7fe990f0 nmethod 3670 0x0000027f65afd410 code [0x0000027f65afd5c0, 0x0000027f65afd7c8]
Event: 2.036 Thread 0x0000027f7fe93f30 nmethod 3665 0x0000027f6ca46d90 code [0x0000027f6ca46fa0, 0x0000027f6ca48690]
Event: 2.036 Thread 0x0000027f7fe93f30 3669 %     4       org.sqlite.SQLiteJDBCLoader::contentsEquals @ 37 (78 bytes)
Event: 2.040 Thread 0x0000027f7fe93f30 nmethod 3669% 0x0000027f6ca49110 code [0x0000027f6ca492c0, 0x0000027f6ca49a38]
Event: 2.040 Thread 0x0000027f7fe93f30 3666  s    4       java.io.BufferedInputStream::read (49 bytes)
Event: 2.040 Thread 0x0000027f7fe93f30 nmethod 3666 0x0000027f6ca49d90 code [0x0000027f6ca49f20, 0x0000027f6ca4a228]
Event: 2.046 Thread 0x0000027f7fe990f0 3671       3       java.io.BufferedInputStream::fill (203 bytes)
Event: 2.047 Thread 0x0000027f7fe990f0 nmethod 3671 0x0000027f65afd890 code [0x0000027f65afdb00, 0x0000027f65afe8a8]
Event: 2.064 Thread 0x0000027f7fe990f0 3672       3       java.util.HashMap::afterNodeRemoval (1 bytes)
Event: 2.064 Thread 0x0000027f7fe990f0 nmethod 3672 0x0000027f65afec90 code [0x0000027f65afee20, 0x0000027f65afef18]
Event: 2.066 Thread 0x0000027f7fe990f0 3673       3       jdk.internal.misc.Unsafe::checkOffset (32 bytes)
Event: 2.066 Thread 0x0000027f7fe990f0 nmethod 3673 0x0000027f65afef90 code [0x0000027f65aff140, 0x0000027f65aff3c8]
Event: 2.066 Thread 0x0000027f7fe990f0 3674       3       jdk.internal.misc.Unsafe::copyMemory (33 bytes)
Event: 2.067 Thread 0x0000027f7fe990f0 nmethod 3674 0x0000027f65aff510 code [0x0000027f65aff7c0, 0x0000027f65b004f8]
Event: 2.067 Thread 0x0000027f7fe990f0 3676       3       java.lang.ThreadLocal$ThreadLocalMap::getEntryAfterMiss (63 bytes)
Event: 2.067 Thread 0x0000027f7fe990f0 nmethod 3676 0x0000027f65b00a90 code [0x0000027f65b00c60, 0x0000027f65b011c8]
Event: 2.067 Thread 0x0000027f7fe990f0 3677       3       java.nio.Buffer::remaining (10 bytes)
Event: 2.067 Thread 0x0000027f7fe990f0 nmethod 3677 0x0000027f65b01390 code [0x0000027f65b01520, 0x0000027f65b01618]
Event: 2.067 Thread 0x0000027f7fe990f0 3675       3       jdk.internal.misc.Unsafe::copyMemoryChecks (21 bytes)

GC Heap History (10 events):
Event: 0.362 GC heap before
{Heap before GC invocations=0 (full 0):
 garbage-first heap   total 262144K, used 20480K [0x0000000700c00000, 0x0000000800000000)
  region size 2048K, 10 young (20480K), 0 survivors (0K)
 Metaspace       used 5362K, capacity 6955K, committed 7168K, reserved 1056768K
  class space    used 601K, capacity 719K, committed 768K, reserved 1048576K
}
Event: 0.365 GC heap after
{Heap after GC invocations=1 (full 0):
 garbage-first heap   total 262144K, used 4234K [0x0000000700c00000, 0x0000000800000000)
  region size 2048K, 2 young (4096K), 2 survivors (4096K)
 Metaspace       used 5362K, capacity 6955K, committed 7168K, reserved 1056768K
  class space    used 601K, capacity 719K, committed 768K, reserved 1048576K
}
Event: 0.642 GC heap before
{Heap before GC invocations=1 (full 0):
 garbage-first heap   total 262144K, used 24714K [0x0000000700c00000, 0x0000000800000000)
  region size 2048K, 13 young (26624K), 2 survivors (4096K)
 Metaspace       used 10937K, capacity 11454K, committed 11648K, reserved 1058816K
  class space    used 1313K, capacity 1390K, committed 1408K, reserved 1048576K
}
Event: 0.645 GC heap after
{Heap after GC invocations=2 (full 0):
 garbage-first heap   total 262144K, used 6039K [0x0000000700c00000, 0x0000000800000000)
  region size 2048K, 1 young (2048K), 1 survivors (2048K)
 Metaspace       used 10937K, capacity 11454K, committed 11648K, reserved 1058816K
  class space    used 1313K, capacity 1390K, committed 1408K, reserved 1048576K
}
Event: 1.267 GC heap before
{Heap before GC invocations=2 (full 0):
 garbage-first heap   total 262144K, used 61335K [0x0000000700c00000, 0x0000000800000000)
  region size 2048K, 29 young (59392K), 1 survivors (2048K)
 Metaspace       used 20835K, capacity 21156K, committed 21296K, reserved 1069056K
  class space    used 2532K, capacity 2618K, committed 2688K, reserved 1048576K
}
Event: 1.270 GC heap after
{Heap after GC invocations=3 (full 0):
 garbage-first heap   total 262144K, used 9232K [0x0000000700c00000, 0x0000000800000000)
  region size 2048K, 3 young (6144K), 3 survivors (6144K)
 Metaspace       used 20835K, capacity 21156K, committed 21296K, reserved 1069056K
  class space    used 2532K, capacity 2618K, committed 2688K, reserved 1048576K
}
Event: 1.617 GC heap before
{Heap before GC invocations=4 (full 0):
 garbage-first heap   total 49152K, used 31760K [0x0000000700c00000, 0x0000000800000000)
  region size 2048K, 14 young (28672K), 3 survivors (6144K)
 Metaspace       used 24726K, capacity 25149K, committed 25392K, reserved 1071104K
  class space    used 2981K, capacity 3074K, committed 3200K, reserved 1048576K
}
Event: 1.620 GC heap after
{Heap after GC invocations=5 (full 0):
 garbage-first heap   total 49152K, used 11080K [0x0000000700c00000, 0x0000000800000000)
  region size 2048K, 1 young (2048K), 1 survivors (2048K)
 Metaspace       used 24726K, capacity 25149K, committed 25392K, reserved 1071104K
  class space    used 2981K, capacity 3074K, committed 3200K, reserved 1048576K
}
Event: 1.895 GC heap before
{Heap before GC invocations=5 (full 0):
 garbage-first heap   total 49152K, used 31560K [0x0000000700c00000, 0x0000000800000000)
  region size 2048K, 11 young (22528K), 1 survivors (2048K)
 Metaspace       used 27889K, capacity 28349K, committed 28592K, reserved 1075200K
  class space    used 3391K, capacity 3558K, committed 3584K, reserved 1048576K
}
Event: 1.898 GC heap after
{Heap after GC invocations=6 (full 0):
 garbage-first heap   total 49152K, used 13368K [0x0000000700c00000, 0x0000000800000000)
  region size 2048K, 2 young (4096K), 2 survivors (4096K)
 Metaspace       used 27889K, capacity 28349K, committed 28592K, reserved 1075200K
  class space    used 3391K, capacity 3558K, committed 3584K, reserved 1048576K
}

Deoptimization events (20 events):
Event: 2.038 Thread 0x0000027f049325e0 DEOPT PACKING pc=0x0000027f65afc12e sp=0x0000007fdeefc850
Event: 2.038 Thread 0x0000027f049325e0 DEOPT UNPACKING pc=0x0000027f64e0e23f sp=0x0000007fdeefbd58 mode 0
Event: 2.038 Thread 0x0000027f049325e0 DEOPT PACKING pc=0x0000027f65afc12e sp=0x0000007fdeefc850
Event: 2.038 Thread 0x0000027f049325e0 DEOPT UNPACKING pc=0x0000027f64e0e23f sp=0x0000007fdeefbd58 mode 0
Event: 2.039 Thread 0x0000027f049325e0 DEOPT PACKING pc=0x0000027f65afc12e sp=0x0000007fdeefc850
Event: 2.039 Thread 0x0000027f049325e0 DEOPT UNPACKING pc=0x0000027f64e0e23f sp=0x0000007fdeefbd58 mode 0
Event: 2.039 Thread 0x0000027f049325e0 DEOPT PACKING pc=0x0000027f65afc12e sp=0x0000007fdeefc850
Event: 2.039 Thread 0x0000027f049325e0 DEOPT UNPACKING pc=0x0000027f64e0e23f sp=0x0000007fdeefbd58 mode 0
Event: 2.039 Thread 0x0000027f049325e0 DEOPT PACKING pc=0x0000027f65afc12e sp=0x0000007fdeefc850
Event: 2.039 Thread 0x0000027f049325e0 DEOPT UNPACKING pc=0x0000027f64e0e23f sp=0x0000007fdeefbd58 mode 0
Event: 2.040 Thread 0x0000027f049325e0 DEOPT PACKING pc=0x0000027f65afc12e sp=0x0000007fdeefc850
Event: 2.040 Thread 0x0000027f049325e0 DEOPT UNPACKING pc=0x0000027f64e0e23f sp=0x0000007fdeefbd58 mode 0
Event: 2.055 Thread 0x0000027f049325e0 Uncommon trap: trap_request=0xffffff45 fr.pc=0x0000027f6ca4966c relative=0x00000000000003ac
Event: 2.055 Thread 0x0000027f049325e0 Uncommon trap: reason=unstable_if action=reinterpret pc=0x0000027f6ca4966c method=java.io.BufferedInputStream.read()I @ 23 c2
Event: 2.055 Thread 0x0000027f049325e0 DEOPT PACKING pc=0x0000027f6ca4966c sp=0x0000007fdeefc890
Event: 2.055 Thread 0x0000027f049325e0 DEOPT UNPACKING pc=0x0000027f64e0e42f sp=0x0000007fdeefc7e8 mode 2
Event: 2.055 Thread 0x0000027f049325e0 Uncommon trap: trap_request=0xffffff45 fr.pc=0x0000027f6ca4a0c4 relative=0x00000000000001a4
Event: 2.055 Thread 0x0000027f049325e0 Uncommon trap: reason=unstable_if action=reinterpret pc=0x0000027f6ca4a0c4 method=java.io.BufferedInputStream.read()I @ 23 c2
Event: 2.055 Thread 0x0000027f049325e0 DEOPT PACKING pc=0x0000027f6ca4a0c4 sp=0x0000007fdeefc820
Event: 2.055 Thread 0x0000027f049325e0 DEOPT UNPACKING pc=0x0000027f64e0e42f sp=0x0000007fdeefc7d8 mode 2

Classes unloaded (0 events):
No events

Classes redefined (0 events):
No events

Internal exceptions (20 events):
Event: 1.612 Thread 0x0000027f0128cf10 Exception <a 'java/io/FileNotFoundException'{0x0000000702144108}> (0x0000000702144108) 
thrown [./open/src/hotspot/share/prims/jni.cpp, line 578]
Event: 1.664 Thread 0x0000027f0128cf10 Exception <a 'java/lang/ClassNotFoundException'{0x000000070d1213d0}: java/lang/ObjectCustomizer> (0x000000070d1213d0) 
thrown [./open/src/hotspot/share/classfile/systemDictionary.cpp, line 295]
Event: 1.664 Thread 0x0000027f0128cf10 Exception <a 'java/lang/ClassNotFoundException'{0x000000070d128918}: org/springframework/web/servlet/config/annotation/WebMvcConfigurationSupportCustomizer> (0x000000070d128918) 
thrown [./open/src/hotspot/share/classfile/systemDictionary.cpp, line 295]
Event: 1.665 Thread 0x0000027f0128cf10 Exception <a 'java/lang/ClassNotFoundException'{0x000000070d13c1c0}: org/springframework/web/servlet/config/annotation/DelegatingWebMvcConfigurationCustomizer> (0x000000070d13c1c0) 
thrown [./open/src/hotspot/share/classfile/systemDictionary.cpp, line 295]
Event: 1.666 Thread 0x0000027f0128cf10 Exception <a 'java/lang/ClassNotFoundException'{0x000000070d145008}: org/springframework/boot/autoconfigure/web/servlet/WebMvcAutoConfiguration$EnableWebMvcConfigurationCustomizer> (0x000000070d145008) 
thrown [./open/src/hotspot/share/classfile/systemDictionary.cpp, line 295]
Event: 1.666 Thread 0x0000027f0128cf10 Exception <a 'java/lang/ClassNotFoundException'{0x000000070d158ff8}: org/springframework/context/ResourceLoaderAwareCustomizer> (0x000000070d158ff8) 
thrown [./open/src/hotspot/share/classfile/systemDictionary.cpp, line 295]
Event: 1.667 Thread 0x0000027f0128cf10 Exception <a 'java/lang/ClassNotFoundException'{0x000000070d15d860}: org/springframework/beans/factory/AwareCustomizer> (0x000000070d15d860) 
thrown [./open/src/hotspot/share/classfile/systemDictionary.cpp, line 295]
Event: 1.667 Thread 0x0000027f0128cf10 Exception <a 'java/lang/ClassNotFoundException'{0x000000070d1614a8}: org/springframework/context/ApplicationContextAwareCustomizer> (0x000000070d1614a8) 
thrown [./open/src/hotspot/share/classfile/systemDictionary.cpp, line 295]
Event: 1.667 Thread 0x0000027f0128cf10 Exception <a 'java/lang/ClassNotFoundException'{0x000000070d1668f0}: org/springframework/beans/factory/AwareCustomizer> (0x000000070d1668f0) 
thrown [./open/src/hotspot/share/classfile/systemDictionary.cpp, line 295]
Event: 1.667 Thread 0x0000027f0128cf10 Exception <a 'java/lang/ClassNotFoundException'{0x000000070d16a510}: org/springframework/web/context/ServletContextAwareCustomizer> (0x000000070d16a510) 
thrown [./open/src/hotspot/share/classfile/systemDictionary.cpp, line 295]
Event: 1.667 Thread 0x0000027f0128cf10 Exception <a 'java/lang/ClassNotFoundException'{0x000000070d16f1d0}: org/springframework/beans/factory/AwareCustomizer> (0x000000070d16f1d0) 
thrown [./open/src/hotspot/share/classfile/systemDictionary.cpp, line 295]
Event: 1.729 Thread 0x0000027f0128cf10 Exception <a 'java/lang/NoSuchMethodError'{0x000000070cdea6b0}: 'void java.lang.invoke.DirectMethodHandle$Holder.invokeVirtual(java.lang.Object, java.lang.Object, int)'> (0x000000070cdea6b0) 
thrown [./open/src/hotspot/share/interpreter/linkResolver.cpp, line 782]
Event: 1.730 Thread 0x0000027f0128cf10 Exception <a 'java/lang/NoSuchMethodError'{0x0000000703206bf0}: 'void java.lang.invoke.DirectMethodHandle$Holder.invokeVirtual(java.lang.Object, java.lang.Object, long)'> (0x0000000703206bf0) 
thrown [./open/src/hotspot/share/interpreter/linkResolver.cpp, line 782]
Event: 1.802 Thread 0x0000027f0128cf10 Exception <a 'java/lang/IncompatibleClassChangeError'{0x0000000702f3dd30}: Found class java.lang.Object, but interface was expected> (0x0000000702f3dd30) 
thrown [./open/src/hotspot/share/interpreter/linkResolver.cpp, line 848]
Event: 1.825 Thread 0x0000027f0128cf10 Exception <a 'java/lang/NoSuchMethodError'{0x0000000702ccd398}: 'int java.lang.invoke.DirectMethodHandle$Holder.invokeStaticInit(java.lang.Object, java.lang.Object, java.lang.Object, java.lang.Object)'> (0x0000000702ccd398) 
thrown [./open/src/hotspot/share/interpreter/linkResolver.cpp, line 782]
Event: 1.894 Thread 0x0000027f0128cf10 Exception <a 'java/lang/NoSuchMethodError'{0x00000007029ea2f8}: 'java.lang.Object java.lang.invoke.DirectMethodHandle$Holder.newInvokeSpecial(java.lang.Object, java.lang.Object, int, java.lang.Object, java.lang.Object)'> (0x00000007029ea2f8) 
thrown [./open/src/hotspot/share/interpreter/linkResolver.cpp, line 782]
Event: 1.895 Thread 0x0000027f0128cf10 Exception <a 'java/lang/NoSuchMethodError'{0x00000007029f6000}: 'java.lang.Object java.lang.invoke.DirectMethodHandle$Holder.invokeSpecial(java.lang.Object, java.lang.Object, int, java.lang.Object, int, java.lang.Object)'> (0x00000007029f6000) 
thrown [./open/src/hotspot/share/interpreter/linkResolver.cpp, line 782]
Event: 1.895 Thread 0x0000027f0128cf10 Exception <a 'java/lang/NoSuchMethodError'{0x00000007029fea90}: 'java.lang.Object java.lang.invoke.DirectMethodHandle$Holder.newInvokeSpecial(java.lang.Object, java.lang.Object, int, java.lang.Object, int)'> (0x00000007029fea90) 
thrown [./open/src/hotspot/share/interpreter/linkResolver.cpp, line 782]
Event: 1.898 Thread 0x0000027f0128cf10 Exception <a 'java/lang/NoSuchMethodError'{0x0000000710a03258}: 'java.lang.Object java.lang.invoke.DirectMethodHandle$Holder.invokeSpecial(java.lang.Object, java.lang.Object, java.lang.Object, int, java.lang.Object, int)'> (0x0000000710a03258) 
thrown [./open/src/hotspot/share/interpreter/linkResolver.cpp, line 782]
Event: 1.899 Thread 0x0000027f0128cf10 Exception <a 'java/lang/NoSuchMethodError'{0x0000000710a0d7f8}: 'void java.lang.invoke.DirectMethodHandle$Holder.invokeVirtual(java.lang.Object, java.lang.Object)'> (0x0000000710a0d7f8) 
thrown [./open/src/hotspot/share/interpreter/linkResolver.cpp, line 782]

Events (20 events):
Event: 1.944 Executing VM operation: HandshakeAllThreads done
Event: 1.953 Thread 0x0000027f0492ff60 Thread added: 0x0000027f0492ff60
Event: 1.953 Thread 0x0000027f049325e0 Thread added: 0x0000027f049325e0
Event: 1.954 loading class java/util/concurrent/locks/ReentrantReadWriteLock$Sync$HoldCounter
Event: 1.954 loading class java/util/concurrent/locks/ReentrantReadWriteLock$Sync$HoldCounter done
Event: 1.987 Executing VM operation: HandshakeAllThreads
Event: 1.987 Executing VM operation: HandshakeAllThreads done
Event: 1.998 loading class sun/util/locale/LocaleExtensions
Event: 1.998 loading class sun/util/locale/LocaleExtensions done
Event: 1.998 loading class sun/util/locale/UnicodeLocaleExtension
Event: 1.998 loading class sun/util/locale/Extension
Event: 1.998 loading class sun/util/locale/Extension done
Event: 1.998 loading class sun/util/locale/UnicodeLocaleExtension done
Event: 2.000 loading class java/io/FilenameFilter
Event: 2.000 loading class java/io/FilenameFilter done
Event: 2.010 loading class java/util/UUID$Holder
Event: 2.010 loading class java/util/UUID$Holder done
Event: 2.011 loading class java/io/FileOutputStream$1
Event: 2.011 loading class java/io/FileOutputStream$1 done
Event: 2.059 Loaded shared library C:\Users\micro\AppData\Local\Temp\sqlite-3.36.0.3-0b2fdf0e-26bd-4711-8d2c-31dc87a96d81-sqlitejdbc.dll


Dynamic libraries:
0x00007ff6b6b90000 - 0x00007ff6b6b9d000 	C:\Program Files\Java\jdk-15.0.1\bin\java.exe
0x00007ff9863d0000 - 0x00007ff9865c5000 	C:\Windows\SYSTEM32\ntdll.dll
0x00007ff984970000 - 0x00007ff984a2d000 	C:\Windows\System32\KERNEL32.DLL
0x00007ff984170000 - 0x00007ff984437000 	C:\Windows\System32\KERNELBASE.dll
0x00007ff984010000 - 0x00007ff984110000 	C:\Windows\System32\ucrtbase.dll
0x00007ff9650c0000 - 0x00007ff9650d8000 	C:\Program Files\Java\jdk-15.0.1\bin\jli.dll
0x00007ff964bf0000 - 0x00007ff964c09000 	C:\Program Files\Java\jdk-15.0.1\bin\VCRUNTIME140.dll
0x00007ff985e80000 - 0x00007ff986020000 	C:\Windows\System32\USER32.dll
0x00007ff983ca0000 - 0x00007ff983cc2000 	C:\Windows\System32\win32u.dll
0x00007ff9642f0000 - 0x00007ff96458a000 	C:\Windows\WinSxS\amd64_microsoft.windows.common-controls_6595b64144ccf1df_6.0.19041.1_none_b555e41d4684ddec\COMCTL32.dll
0x00007ff985d90000 - 0x00007ff985dba000 	C:\Windows\System32\GDI32.dll
0x00007ff985a00000 - 0x00007ff985a9e000 	C:\Windows\System32\msvcrt.dll
0x00007ff983cd0000 - 0x00007ff983dda000 	C:\Windows\System32\gdi32full.dll
0x00007ff983bd0000 - 0x00007ff983c6d000 	C:\Windows\System32\msvcp_win.dll
0x00007ff9845d0000 - 0x00007ff984600000 	C:\Windows\System32\IMM32.DLL
0x00007ff9679a0000 - 0x00007ff9679ac000 	C:\Program Files\Java\jdk-15.0.1\bin\vcruntime140_1.dll
0x00007ff9275a0000 - 0x00007ff927631000 	C:\Program Files\Java\jdk-15.0.1\bin\msvcp140.dll
0x00007ff9077a0000 - 0x00007ff9082fe000 	C:\Program Files\Java\jdk-15.0.1\bin\server\jvm.dll
0x00007ff9861b0000 - 0x00007ff98625a000 	C:\Windows\System32\ADVAPI32.dll
0x00007ff984db0000 - 0x00007ff984e4b000 	C:\Windows\System32\sechost.dll
0x00007ff984a90000 - 0x00007ff984bb3000 	C:\Windows\System32\RPCRT4.dll
0x00007ff985dc0000 - 0x00007ff985dc8000 	C:\Windows\System32\PSAPI.DLL
0x00007ff948690000 - 0x00007ff948699000 	C:\Windows\SYSTEM32\WSOCK32.dll
0x00007ff978110000 - 0x00007ff978137000 	C:\Windows\SYSTEM32\WINMM.dll
0x00007ff984ca0000 - 0x00007ff984d0b000 	C:\Windows\System32\WS2_32.dll
0x00007ff97b7f0000 - 0x00007ff97b7fa000 	C:\Windows\SYSTEM32\VERSION.dll
0x00007ff981ac0000 - 0x00007ff981ad3000 	C:\Windows\SYSTEM32\kernel.appcore.dll
0x00007ff966460000 - 0x00007ff96646a000 	C:\Program Files\Java\jdk-15.0.1\bin\jimage.dll
0x00007ff97a9a0000 - 0x00007ff97ab84000 	C:\Windows\SYSTEM32\DBGHELP.DLL
0x00007ff970130000 - 0x00007ff97015c000 	C:\Windows\SYSTEM32\dbgcore.DLL
0x00007ff983e30000 - 0x00007ff983eaf000 	C:\Windows\System32\bcryptPrimitives.dll
0x00007ff95e4a0000 - 0x00007ff95e4c5000 	C:\Program Files\Java\jdk-15.0.1\bin\java.dll
0x00007ff9852c0000 - 0x00007ff985a00000 	C:\Windows\System32\SHELL32.dll
0x00007ff981cc0000 - 0x00007ff982451000 	C:\Windows\SYSTEM32\windows.storage.dll
0x00007ff984600000 - 0x00007ff984953000 	C:\Windows\System32\combase.dll
0x00007ff9835a0000 - 0x00007ff9835cc000 	C:\Windows\SYSTEM32\Wldp.dll
0x00007ff986020000 - 0x00007ff9860ce000 	C:\Windows\System32\SHCORE.dll
0x00007ff984510000 - 0x00007ff984565000 	C:\Windows\System32\shlwapi.dll
0x00007ff983a60000 - 0x00007ff983a7f000 	C:\Windows\SYSTEM32\profapi.dll
0x00007ff9647f0000 - 0x00007ff964809000 	C:\Program Files\Java\jdk-15.0.1\bin\net.dll
0x00007ff97dd50000 - 0x00007ff97de50000 	C:\Windows\SYSTEM32\WINHTTP.dll
0x00007ff983320000 - 0x00007ff98338a000 	C:\Windows\system32\mswsock.dll
0x00007ff963c40000 - 0x00007ff963c52000 	C:\Program Files\Java\jdk-15.0.1\bin\nio.dll
0x00007ff95ed50000 - 0x00007ff95ed68000 	C:\Program Files\Java\jdk-15.0.1\bin\zip.dll
0x00007ff97c630000 - 0x00007ff97c640000 	C:\Program Files\Java\jdk-15.0.1\bin\verify.dll
0x00007ff965160000 - 0x00007ff965169000 	C:\Program Files\Java\jdk-15.0.1\bin\management.dll
0x00007ff9650f0000 - 0x00007ff9650fb000 	C:\Program Files\Java\jdk-15.0.1\bin\management_ext.dll
0x00007ff95ed90000 - 0x00007ff95eda7000 	C:\Windows\system32\napinsp.dll
0x00007ff95ed70000 - 0x00007ff95ed8b000 	C:\Windows\system32\pnrpnsp.dll
0x00007ff97dcc0000 - 0x00007ff97dcd5000 	C:\Windows\system32\wshbth.dll
0x00007ff97f890000 - 0x00007ff97f8ad000 	C:\Windows\system32\NLAapi.dll
0x00007ff982fc0000 - 0x00007ff982ffb000 	C:\Windows\SYSTEM32\IPHLPAPI.DLL
0x00007ff983000000 - 0x00007ff9830ca000 	C:\Windows\SYSTEM32\DNSAPI.dll
0x00007ff984960000 - 0x00007ff984969000 	C:\Windows\System32\NSI.dll
0x00007ff961430000 - 0x00007ff961442000 	C:\Windows\System32\winrnr.dll
0x0000000056cb0000 - 0x0000000056cd6000 	C:\Program Files\Bonjour\mdnsNSP.dll
0x00007ff97c000000 - 0x00007ff97c00a000 	C:\Windows\System32\rasadhlp.dll
0x00007ff97abf0000 - 0x00007ff97ac6f000 	C:\Windows\System32\fwpuclnt.dll
0x00007ff983c70000 - 0x00007ff983c97000 	C:\Windows\System32\bcrypt.dll
0x00007ff9834f0000 - 0x00007ff983508000 	C:\Windows\SYSTEM32\CRYPTSP.dll
0x00007ff982c40000 - 0x00007ff982c74000 	C:\Windows\system32\rsaenh.dll
0x00007ff983a20000 - 0x00007ff983a4e000 	C:\Windows\SYSTEM32\USERENV.dll
0x00007ff983510000 - 0x00007ff98351c000 	C:\Windows\SYSTEM32\CRYPTBASE.dll
0x00007ff97d5b0000 - 0x00007ff97d5c7000 	C:\Windows\SYSTEM32\dhcpcsvc6.DLL
0x00007ff97d560000 - 0x00007ff97d57d000 	C:\Windows\SYSTEM32\dhcpcsvc.DLL
0x0000000070bc0000 - 0x0000000070c9c000 	C:\Users\micro\AppData\Local\Temp\sqlite-3.36.0.3-0b2fdf0e-26bd-4711-8d2c-31dc87a96d81-sqlitejdbc.dll

dbghelp: loaded successfully - version: 4.0.5 - missing functions: none
symbol engine: initialized successfully - sym options: 0x614 - pdb path: .;C:\Program Files\Java\jdk-15.0.1\bin;C:\Windows\SYSTEM32;C:\Windows\WinSxS\amd64_microsoft.windows.common-controls_6595b64144ccf1df_6.0.19041.1_none_b555e41d4684ddec;C:\Program Files\Java\jdk-15.0.1\bin\server;C:\Program Files\Bonjour;C:\Users\micro\AppData\Local\Temp

VM Arguments:
jvm_args: -XX:+ShowCodeDetailsInExceptionMessages 
java_command: nl.han.minor.alliander.rfid.prototype.PrototypeApplication
java_class_path (initial): E:\Software_Projecten\Java\Alliander-RFID-component-registration\target\classes;C:\Users\micro\.m2\repository\org\springframework\boot\spring-boot-starter-thymeleaf\2.5.6\spring-boot-starter-thymeleaf-2.5.6.jar;C:\Users\micro\.m2\repository\org\springframework\boot\spring-boot-starter\2.5.6\spring-boot-starter-2.5.6.jar;C:\Users\micro\.m2\repository\org\springframework\boot\spring-boot-starter-logging\2.5.6\spring-boot-starter-logging-2.5.6.jar;C:\Users\micro\.m2\repository\ch\qos\logback\logback-classic\1.2.6\logback-classic-1.2.6.jar;C:\Users\micro\.m2\repository\ch\qos\logback\logback-core\1.2.6\logback-core-1.2.6.jar;C:\Users\micro\.m2\repository\org\apache\logging\log4j\log4j-to-slf4j\2.14.1\log4j-to-slf4j-2.14.1.jar;C:\Users\micro\.m2\repository\org\apache\logging\log4j\log4j-api\2.14.1\log4j-api-2.14.1.jar;C:\Users\micro\.m2\repository\org\slf4j\jul-to-slf4j\1.7.32\jul-to-slf4j-1.7.32.jar;C:\Users\micro\.m2\repository\jakarta\annotation\jakarta.annotation-api\1.3.5\jakarta.annotation-api-1.3.5.jar;C:\Users\micro\.m2\repository\org\yaml\snakeyaml\1.28\snakeyaml-1.28.jar;C:\Users\micro\.m2\repository\org\thymeleaf\thymeleaf-spring5\3.0.12.RELEASE\thymeleaf-spring5-3.0.12.RELEASE.jar;C:\Users\micro\.m2\repository\org\thymeleaf\thymeleaf\3.0.12.RELEASE\thymeleaf-3.0.12.RELEASE.jar;C:\Users\micro\.m2\repository\org\attoparser\attoparser\2.0.5.RELEASE\attoparser-2.0.5.RELEASE.jar;C:\Users\micro\.m2\repository\org\unbescape\unbescape\1.1.6.RELEASE\unbescape-1.1.6.RELEASE.jar;C:\Users\micro\.m2\repository\org\slf4j\slf4j-api\1.7.32\slf4j-api-1.7.32.jar;C:\Users\micro\.m2\repository\org\thymeleaf\extras\thymeleaf-extras-java8time\3.0.4.RELEASE\thymeleaf-extras-java8time-3.0.4.RELEASE.jar;C:\Users\micro\.m2\repository\org\springframework\boot\spring-boot-starter-web\2.5.6\spring-boot-starter-web-2.5.6.jar;C:\Users\micro\.m2\repository\org\springframework\boot\spring-boot-starter-json\2.5.6\spring-boot-starter-json-2.5.6.jar;C:\Users\micro\.
Launcher Type: SUN_STANDARD

[Global flags]
     intx CICompilerCount                          = 3                                         {product} {ergonomic}
     uint ConcGCThreads                            = 2                                         {product} {ergonomic}
     uint G1ConcRefinementThreads                  = 6                                         {product} {ergonomic}
   size_t G1HeapRegionSize                         = 2097152                                   {product} {ergonomic}
    uintx GCDrainStackTargetSize                   = 64                                        {product} {ergonomic}
   size_t InitialHeapSize                          = 268435456                                 {product} {ergonomic}
   size_t MarkStackSize                            = 4194304                                   {product} {ergonomic}
   size_t MaxHeapSize                              = 4282384384                                {product} {ergonomic}
   size_t MaxNewSize                               = 2569011200                                {product} {ergonomic}
   size_t MinHeapDeltaBytes                        = 2097152                                   {product} {ergonomic}
   size_t MinHeapSize                              = 8388608                                   {product} {ergonomic}
    uintx NonNMethodCodeHeapSize                   = 5832780                                {pd product} {ergonomic}
    uintx NonProfiledCodeHeapSize                  = 122912730                              {pd product} {ergonomic}
    uintx ProfiledCodeHeapSize                     = 122912730                              {pd product} {ergonomic}
    uintx ReservedCodeCacheSize                    = 251658240                              {pd product} {ergonomic}
     bool SegmentedCodeCache                       = true                                      {product} {ergonomic}
     bool ShowCodeDetailsInExceptionMessages       = true                                   {manageable} {command line}
   size_t SoftMaxHeapSize                          = 4282384384                             {manageable} {ergonomic}
     bool UseCompressedClassPointers               = true                                 {lp64_product} {ergonomic}
     bool UseCompressedOops                        = true                                 {lp64_product} {ergonomic}
     bool UseG1GC                                  = true                                      {product} {ergonomic}
     bool UseLargePagesIndividualAllocation        = false                                  {pd product} {ergonomic}

Logging:
Log output configuration:
 #0: stdout all=warning uptime,level,tags
 #1: stderr all=off uptime,level,tags

Environment Variables:
JAVA_HOME=C:\Program Files\Java\jdk-15.0.1
PATH=C:\Program Files (x86)\NVIDIA Corporation\PhysX\Common;C:\Windows\system32;C:\Windows;C:\Windows\System32\Wbem;C:\Windows\System32\WindowsPowerShell\v1.0\;C:\Windows\System32\OpenSSH\;C:\Program Files\Java\jdk-15.0.1\bin;E:\Program Files\nodejs\;C:\ProgramData\chocolatey\bin;C:\Gradle\gradle-6.7.1\bin;C:\Program Files\dotnet\;E:\Program Files\Git\cmd;E:\Program Files\xampp\php;E:\composer;E:\Program Files\Maven\apache-maven-3.8.3\bin;C:\Program Files\Microsoft SQL Server\Client SDK\ODBC\110\Tools\Binn\;C:\Program Files (x86)\Microsoft SQL Server\120\Tools\Binn\;C:\Program Files\Microsoft SQL Server\120\Tools\Binn\;C:\Program Files\Microsoft SQL Server\120\DTS\Binn\;C:\Program Files (x86)\Windows Kits\8.1\Windows Performance Toolkit\;C:\Users\micro\AppData\Local\Programs\Python\Python39\Scripts\;C:\Users\micro\AppData\Local\Programs\Python\Python39\;C:\Users\micro\AppData\Local\Microsoft\WindowsApps;C:\Users\micro\AppData\Local\GitHubDesktop\bin;E:\Program Files\Microsoft VS Code\bin;E:\intellij\maven\apache-maven-3.6.3\bin;C:\Users\micro\AppData\Roaming\npm;C:\Users\micro\AppData\Local\atom\bin;C:\Users\micro\.dotnet\tools;C:\Program Files (x86)\Nmap;C:\Users\micro\AppData\Roaming\Composer\vendor\bin;E:\Program Files (x86)\SQLite3;C:\Users\micro\AppData\Local\gitkraken\bin
USERNAME=micro
LANG=en_US.UTF-8
OS=Windows_NT
PROCESSOR_IDENTIFIER=Intel64 Family 6 Model 158 Stepping 10, GenuineIntel



---------------  S Y S T E M  ---------------

OS:
 Windows 10 , 64 bit Build 19041 (10.0.19041.292)
OS uptime: 0 days 8:05 hours

CPU: total 6 (initial active 6) (6 cores per cpu, 1 threads per core) family 6 model 158 stepping 10 microcode 0xb4, cmov, cx8, fxsr, mmx, sse, sse2, sse3, ssse3, sse4.1, sse4.2, popcnt, vzeroupper, avx, avx2, aes, clmul, erms, 3dnowpref, lzcnt, tsc, tscinvbit, bmi1, bmi2, adx, fma, clflush, clflushopt

Memory: 4k page, system-wide physical 16330M (8943M free)
TotalPageFile size 18762M (AvailPageFile size 4073M)
current process WorkingSet (physical memory assigned to process): 170M, peak: 171M
current process commit charge ("private bytes"): 216M, peak: 405M

vm_info: OpenJDK 64-Bit Server VM (15.0.1+9-18) for windows-amd64 JRE (15.0.1+9-18), built on Sep 15 2020 14:39:31 by "mach5one" with unknown MS VC++:1925

END.
