#
# A fatal error has been detected by the Java Runtime Environment:
#
#  SIGSEGV (0xb) at pc=0x00007f6aece1f6c0, pid=21378, tid=24274
#
# JRE version: OpenJDK Runtime Environment (11.0.12+7) (build 11.0.12+7-post-Debian-2deb10u1)
# Java VM: OpenJDK 64-Bit Server VM (11.0.12+7-post-Debian-2deb10u1, mixed mode, sharing, tiered, compressed oops, g1 gc, linux-amd64)
# Problematic frame:
# C  [libpthread.so.0+0xa6c0]  __pthread_mutex_lock+0x0
#
# Core dump will be written. Default location: Core dumps may be processed with "/sbin/crash_reporter --user=%P:%s:%u:%g:%f" (or dumping to /home/evanwf2001/Documents/Alliander/prototype/core.21378)
#
# If you would like to submit a bug report, please visit:
#   https://bugs.debian.org/openjdk-11
# The crash happened outside the Java Virtual Machine in native code.
# See problematic frame for where to report the bug.
#

---------------  S U M M A R Y ------------

Command Line: nl.han.minor.alliander.rfid.prototype.PrototypeApplication

Host: 06/5c, 4 cores, 6G, Debian GNU/Linux 10 (buster)
Time: Wed Dec 22 16:18:41 2021 CET elapsed time: 835.506111 seconds (0d 0h 13m 55s)

---------------  T H R E A D  ---------------

Current thread (0x00007f6a6812c000):  JavaThread "scheduling-1" [_thread_in_native, id=24274, stack(0x00007f6aa62ec000,0x00007f6aa63ed000)]

Stack: [0x00007f6aa62ec000,0x00007f6aa63ed000],  sp=0x00007f6aa63eafd8,  free space=1019k
Native frames: (J=compiled Java code, A=aot compiled Java code, j=interpreted, Vv=VM code, C=native code)
C  [libpthread.so.0+0xa6c0]  __pthread_mutex_lock+0x0

Java frames: (J=compiled Java code, j=interpreted, Vv=VM code)
J 5003  org.sqlite.core.NativeDB.column_int(JI)I (0 bytes) @ 0x00007f6ad4607608 [0x00007f6ad46075c0+0x0000000000000048]
J 5002 c1 org.sqlite.jdbc3.JDBC3ResultSet.getInt(Ljava/lang/String;)I (10 bytes) @ 0x00007f6acd8df8fc [0x00007f6acd8df140+0x00000000000007bc]
J 9759 c1 nl.han.minor.alliander.rfid.prototype.persistence.SQLiteDB.createComponentFromResultSet(Ljava/sql/ResultSet;)Lnl/han/minor/alliander/rfid/prototype/persistence/DAOs/ComponentDAO; (120 bytes) @ 0x00007f6ace52f84c [0x00007f6ace52f700+0x000000000000014c]
J 9831 c1 nl.han.minor.alliander.rfid.prototype.persistence.SQLiteDB.getSingleComponent(Ljava/lang/String;)Lnl/han/minor/alliander/rfid/prototype/persistence/DAOs/ComponentDAO; (44 bytes) @ 0x00007f6ace573a7c [0x00007f6ace573440+0x000000000000063c]
J 9810 c1 nl.han.minor.alliander.rfid.prototype.persistence.SQLiteDB.getComponentFromRFID(Ljava/lang/String;)Lnl/han/minor/alliander/rfid/prototype/persistence/DAOs/ComponentDAO; (28 bytes) @ 0x00007f6ace56aa94 [0x00007f6ace56a420+0x0000000000000674]
j  nl.han.minor.alliander.rfid.prototype.service.TagConnector.getScannedComponents(Ljava/util/List;)Ljava/util/List;+38
j  nl.han.minor.alliander.rfid.prototype.service.MainService.mainController()V+29
j  jdk.internal.reflect.GeneratedMethodAccessor201.invoke(Ljava/lang/Object;[Ljava/lang/Object;)Ljava/lang/Object;+36
J 4855 c2 jdk.internal.reflect.DelegatingMethodAccessorImpl.invoke(Ljava/lang/Object;[Ljava/lang/Object;)Ljava/lang/Object; java.base@11.0.12 (10 bytes) @ 0x00007f6ad45ddcf4 [0x00007f6ad45ddca0+0x0000000000000054]
J 5590 c1 org.springframework.scheduling.support.ScheduledMethodRunnable.run()V (48 bytes) @ 0x00007f6acd9f2124 [0x00007f6acd9f1ca0+0x0000000000000484]
J 5589 c1 org.springframework.scheduling.support.DelegatingErrorHandlingRunnable.run()V (41 bytes) @ 0x00007f6acd9f14b4 [0x00007f6acd9f1380+0x0000000000000134]
J 5535 c1 java.util.concurrent.Executors$RunnableAdapter.call()Ljava/lang/Object; java.base@11.0.12 (14 bytes) @ 0x00007f6acd9cac74 [0x00007f6acd9cab40+0x0000000000000134]
J 5534 c1 java.util.concurrent.FutureTask.runAndReset()Z java.base@11.0.12 (125 bytes) @ 0x00007f6acd9c890c [0x00007f6acd9c8220+0x00000000000006ec]
J 5079 c1 java.util.concurrent.ScheduledThreadPoolExecutor$ScheduledFutureTask.run()V java.base@11.0.12 (57 bytes) @ 0x00007f6acd90cf44 [0x00007f6acd90cd40+0x0000000000000204]
j  java.util.concurrent.ThreadPoolExecutor.runWorker(Ljava/util/concurrent/ThreadPoolExecutor$Worker;)V+92 java.base@11.0.12
j  java.util.concurrent.ThreadPoolExecutor$Worker.run()V+5 java.base@11.0.12
j  java.lang.Thread.run()V+11 java.base@11.0.12
v  ~StubRoutines::call_stub

siginfo: si_signo: 11 (SIGSEGV), si_code: 128 (SI_KERNEL), si_addr: 0x0000000000000000

Register to memory mapping:

RAX=0x00007f6a60056c68 points into unknown readable memory: 0x00007f6a60055e58 | 58 5e 05 60 6a 7f 00 00
RBX=0x00007f6a60056308 points into unknown readable memory: 0x00007f6a60056c68 | 68 6c 05 60 6a 7f 00 00
RCX=0x0 is NULL
RDX=0x00007f6a60056308 points into unknown readable memory: 0x00007f6a60056c68 | 68 6c 05 60 6a 7f 00 00
RSP=0x00007f6aa63eafd8 is pointing into the stack for thread: 0x00007f6a6812c000
RBP=0x0 is NULL
RSI=0x0 is NULL
RDI=0x707954746e656e6f is an unknown value
R8 =0x0 is NULL
R9 =0x00007ffd991e20b8 points into unknown readable memory: 0x00180e45f780314c | 4c 31 80 f7 45 0e 18 00
R10=0x00007f6aa63ead80 is pointing into the stack for thread: 0x00007f6a6812c000
R11=0x00007f6aa543de6d: <offset 0x0000000000040e6d> in /tmp/sqlite-3.36.0.3-a31c0fda-a1a3-44c8-b163-39d5e2225b2e-libsqlitejdbc.so at 0x00007f6aa53fd000
R12=0x00007f6a60056308 points into unknown readable memory: 0x00007f6a60056c68 | 68 6c 05 60 6a 7f 00 00
R13=0x00007f6aa63eb050 is pointing into the stack for thread: 0x00007f6a6812c000
R14=0x00007f6aa63eb020 is pointing into the stack for thread: 0x00007f6a6812c000
R15=0x00007f6a6812c000 is a thread


Registers:
RAX=0x00007f6a60056c68, RBX=0x00007f6a60056308, RCX=0x0000000000000000, RDX=0x00007f6a60056308
RSP=0x00007f6aa63eafd8, RBP=0x0000000000000000, RSI=0x0000000000000000, RDI=0x707954746e656e6f
R8 =0x0000000000000000, R9 =0x00007ffd991e20b8, R10=0x00007f6aa63ead80, R11=0x00007f6aa543de6d
R12=0x00007f6a60056308, R13=0x00007f6aa63eb050, R14=0x00007f6aa63eb020, R15=0x00007f6a6812c000
RIP=0x00007f6aece1f6c0, EFLAGS=0x0000000000010206, CSGSFS=0x002b000000000033, ERR=0x0000000000000000
  TRAPNO=0x000000000000000d

Top of Stack: (sp=0x00007f6aa63eafd8)
0x00007f6aa63eafd8:   00007f6aa541efce 00007f6aa63eb050
0x00007f6aa63eafe8:   000000009aba90c0 00007f6aa63eb060
0x00007f6aa63eaff8:   00007f6aa541f166 0000000000000010
0x00007f6aa63eb008:   000000009aba90c0 0000000000000000 

Instructions: (pc=0x00007f6aece1f6c0)
0x00007f6aece1f5c0:   c7 43 04 00 00 00 00 45 31 d2 31 d2 48 89 df be
0x00007f6aece1f5d0:   07 00 00 00 b8 ca 00 00 00 0f 05 64 48 c7 04 25
0x00007f6aece1f5e0:   f0 02 00 00 00 00 00 00 b8 83 00 00 00 e9 55 fc
0x00007f6aece1f5f0:   ff ff b8 23 00 00 00 e9 4b fc ff ff 89 d1 89 d0
0x00007f6aece1f600:   81 c9 00 00 00 80 f0 0f b1 0b 0f 85 a6 00 00 00
0x00007f6aece1f610:   89 ca e9 a5 fe ff ff 41 8b 0f 83 e1 7f 83 f9 12
0x00007f6aece1f620:   74 5e 83 f9 11 0f 85 89 fe ff ff 64 48 c7 04 25
0x00007f6aece1f630:   f0 02 00 00 00 00 00 00 8b 53 04 83 fa ff 0f 84
0x00007f6aece1f640:   47 fe ff ff 83 c2 01 89 53 04 e9 f8 fb ff ff 90
0x00007f6aece1f650:   41 83 e9 01 41 83 f9 01 0f 87 ca fb ff ff 48 8d
0x00007f6aece1f660:   0d fb af 00 00 ba ae 01 00 00 48 8d 35 84 ae 00
0x00007f6aece1f670:   00 48 8d 3d b8 ae 00 00 e8 53 bb ff ff 0f 1f 00
0x00007f6aece1f680:   64 48 c7 04 25 f0 02 00 00 00 00 00 00 b8 23 00
0x00007f6aece1f690:   00 00 e9 b0 fb ff ff 48 8d 0d c2 af 00 00 ba b1
0x00007f6aece1f6a0:   01 00 00 48 8d 35 4b ae 00 00 48 8d 3d ff ae 00
0x00007f6aece1f6b0:   00 e8 1a bb ff ff 8b 03 e9 45 fa ff ff 0f 1f 00
0x00007f6aece1f6c0:   8b 47 10 89 c2 81 e2 7f 01 00 00 83 e0 7c 0f 85
0x00007f6aece1f6d0:   9c 00 00 00 48 83 ec 08 49 89 f8 85 d2 0f 85 95
0x00007f6aece1f6e0:   00 00 00 8b 0d 1f 5d 01 00 85 c9 75 53 41 8b 70
0x00007f6aece1f6f0:   10 bf 01 00 00 00 31 c0 81 e6 80 00 00 00 f0 41
0x00007f6aece1f700:   0f b1 38 74 16 49 8d 38 48 81 ec 80 00 00 00 e8
0x00007f6aece1f710:   6c 6b 00 00 48 81 c4 80 00 00 00 41 8b 50 08 85
0x00007f6aece1f720:   d2 0f 85 a8 01 00 00 64 8b 04 25 d0 02 00 00 41
0x00007f6aece1f730:   83 40 0c 01 41 89 40 08 31 c0 48 83 c4 08 c3 90
0x00007f6aece1f740:   8b 47 10 f6 c4 03 74 08 f6 c4 01 74 a0 eb 07 90
0x00007f6aece1f750:   80 cc 01 89 47 10 41 8b 50 10 49 8d 70 16 4c 89
0x00007f6aece1f760:   c7 48 83 c4 08 81 e2 80 00 00 00 e9 90 9c 00 00
0x00007f6aece1f770:   e9 0b f9 ff ff 0f 1f 00 81 fa 00 01 00 00 74 d6
0x00007f6aece1f780:   8b 7f 10 83 e7 7f 83 ff 01 75 66 64 8b 14 25 d0
0x00007f6aece1f790:   02 00 00 41 39 50 08 75 18 41 8b 40 04 83 f8 ff
0x00007f6aece1f7a0:   0f 84 1f 01 00 00 83 c0 01 41 89 40 04 31 c0 eb
0x00007f6aece1f7b0:   89 41 8b 70 10 81 e6 80 00 00 00 f0 41 0f b1 38 


Stack slot to memory mapping:
stack at sp + 0 slots: 0x00007f6aa541efce: <offset 0x0000000000021fce> in /tmp/sqlite-3.36.0.3-a31c0fda-a1a3-44c8-b163-39d5e2225b2e-libsqlitejdbc.so at 0x00007f6aa53fd000
stack at sp + 1 slots: 0x00007f6aa63eb050 is pointing into the stack for thread: 0x00007f6a6812c000
stack at sp + 2 slots: 0x000000009aba90c0 is an oop: org.sqlite.core.NativeDB 
{0x000000009aba90c0} - klass: 'org/sqlite/core/NativeDB'
stack at sp + 3 slots: 0x00007f6aa63eb060 is pointing into the stack for thread: 0x00007f6a6812c000
stack at sp + 4 slots: 0x00007f6aa541f166: <offset 0x0000000000022166> in /tmp/sqlite-3.36.0.3-a31c0fda-a1a3-44c8-b163-39d5e2225b2e-libsqlitejdbc.so at 0x00007f6aa53fd000
stack at sp + 5 slots: 0x0000000000000010 is an unknown value
stack at sp + 6 slots: 0x000000009aba90c0 is an oop: org.sqlite.core.NativeDB 
{0x000000009aba90c0} - klass: 'org/sqlite/core/NativeDB'
stack at sp + 7 slots: 0x0 is NULL


---------------  P R O C E S S  ---------------

Threads class SMR info:
_java_thread_list=0x00007f6a80149ac0, length=27, elements={
0x00007f6ae40f6800, 0x00007f6ae4100800, 0x00007f6ae4106000, 0x00007f6ae4108000,
0x00007f6ae410a000, 0x00007f6ae410c000, 0x00007f6ae410e000, 0x00007f6ae4181800,
0x00007f6a742f3000, 0x00007f6ae4017800, 0x00007f6a680fe800, 0x00007f6a680ff800,
0x00007f6a681a9800, 0x00007f6a68126000, 0x00007f6a6812a000, 0x00007f6a6812b000,
0x00007f6a6812c000, 0x00007f6a8004b800, 0x00007f6a80052800, 0x00007f6a80053800,
0x00007f6a800e1000, 0x00007f6a800e1800, 0x00007f6a800e2800, 0x00007f6a80059800,
0x00007f6a8005a000, 0x00007f6a8005b000, 0x00007f6a8005b800
}

Java Threads: ( => current thread )
  0x00007f6ae40f6800 JavaThread "Reference Handler" daemon [_thread_blocked, id=21387, stack(0x00007f6ac451f000,0x00007f6ac4620000)]
  0x00007f6ae4100800 JavaThread "Finalizer" daemon [_thread_blocked, id=21388, stack(0x00007f6ac441e000,0x00007f6ac451f000)]
  0x00007f6ae4106000 JavaThread "Signal Dispatcher" daemon [_thread_blocked, id=21389, stack(0x00007f6ac4038000,0x00007f6ac4139000)]
  0x00007f6ae4108000 JavaThread "Service Thread" daemon [_thread_blocked, id=21390, stack(0x00007f6aa7eff000,0x00007f6aa8000000)]
  0x00007f6ae410a000 JavaThread "C2 CompilerThread0" daemon [_thread_blocked, id=21391, stack(0x00007f6aa7dfe000,0x00007f6aa7eff000)]
  0x00007f6ae410c000 JavaThread "C1 CompilerThread0" daemon [_thread_blocked, id=21392, stack(0x00007f6aa7cfd000,0x00007f6aa7dfe000)]
  0x00007f6ae410e000 JavaThread "Sweeper thread" daemon [_thread_blocked, id=21393, stack(0x00007f6aa7bfc000,0x00007f6aa7cfd000)]
  0x00007f6ae4181800 JavaThread "Common-Cleaner" daemon [_thread_blocked, id=21395, stack(0x00007f6aa79f9000,0x00007f6aa7afa000)]
  0x00007f6a742f3000 JavaThread "Live Reload Server" daemon [_thread_in_native, id=21465, stack(0x00007f6aa5ae8000,0x00007f6aa5be9000)]
  0x00007f6ae4017800 JavaThread "DestroyJavaVM" [_thread_blocked, id=21380, stack(0x00007f6aeb5be000,0x00007f6aeb6bf000)]
  0x00007f6a680fe800 JavaThread "Catalina-utility-1" [_thread_blocked, id=24268, stack(0x00007f6aa4cf8000,0x00007f6aa4df9000)]
  0x00007f6a680ff800 JavaThread "Catalina-utility-2" [_thread_blocked, id=24269, stack(0x00007f6aa5be9000,0x00007f6aa5cea000)]
  0x00007f6a681a9800 JavaThread "container-0" [_thread_blocked, id=24270, stack(0x00007f6aa75f3000,0x00007f6aa76f4000)]
  0x00007f6a68126000 JavaThread "File Watcher" daemon [_thread_blocked, id=24271, stack(0x00007f6aa6fed000,0x00007f6aa70ee000)]
  0x00007f6a6812a000 JavaThread "http-nio-8080-Poller" daemon [_thread_in_native, id=24272, stack(0x00007f6aa70ee000,0x00007f6aa71ef000)]
  0x00007f6a6812b000 JavaThread "http-nio-8080-Acceptor" daemon [_thread_in_native, id=24273, stack(0x00007f6aa4bf7000,0x00007f6aa4cf8000)]
=>0x00007f6a6812c000 JavaThread "scheduling-1" [_thread_in_native, id=24274, stack(0x00007f6aa62ec000,0x00007f6aa63ed000)]
  0x00007f6a8004b800 JavaThread "http-nio-8080-exec-1" daemon [_thread_blocked, id=24294, stack(0x00007f6aa4ffb000,0x00007f6aa50fc000)]
  0x00007f6a80052800 JavaThread "http-nio-8080-exec-2" daemon [_thread_blocked, id=24295, stack(0x00007f6aa58e6000,0x00007f6aa59e7000)]
  0x00007f6a80053800 JavaThread "http-nio-8080-exec-3" daemon [_thread_blocked, id=24296, stack(0x00007f6aa50fc000,0x00007f6aa51fd000)]
  0x00007f6a800e1000 JavaThread "http-nio-8080-exec-4" daemon [_thread_blocked, id=24297, stack(0x00007f6aa76f4000,0x00007f6aa77f5000)]
  0x00007f6a800e1800 JavaThread "http-nio-8080-exec-5" daemon [_thread_blocked, id=24308, stack(0x00007f6aa4df9000,0x00007f6aa4efa000)]
  0x00007f6a800e2800 JavaThread "http-nio-8080-exec-6" daemon [_thread_blocked, id=24314, stack(0x00007f6aa4af6000,0x00007f6aa4bf7000)]
  0x00007f6a80059800 JavaThread "http-nio-8080-exec-7" daemon [_thread_blocked, id=24315, stack(0x00007f6aa5cea000,0x00007f6aa5deb000)]
  0x00007f6a8005a000 JavaThread "http-nio-8080-exec-8" daemon [_thread_blocked, id=24316, stack(0x00007f6aa4efa000,0x00007f6aa4ffb000)]
  0x00007f6a8005b000 JavaThread "http-nio-8080-exec-9" daemon [_thread_blocked, id=24317, stack(0x00007f6aa61eb000,0x00007f6aa62ec000)]
  0x00007f6a8005b800 JavaThread "http-nio-8080-exec-10" daemon [_thread_blocked, id=24318, stack(0x00007f6aa47f5000,0x00007f6aa48f6000)]

Other Threads:
  0x00007f6ae40f3800 VMThread "VM Thread" [stack: 0x00007f6ae8046000,0x00007f6ae8146000] [id=21386]
  0x00007f6ae417f000 WatcherThread [stack: 0x00007f6aa7afc000,0x00007f6aa7bfc000] [id=21394]
  0x00007f6ae402f000 GCTaskThread "GC Thread#0" [stack: 0x00007f6aeb26a000,0x00007f6aeb36a000] [id=21381]
  0x00007f6ab4001000 GCTaskThread "GC Thread#1" [stack: 0x00007f6aa78f9000,0x00007f6aa79f9000] [id=21412]
  0x00007f6ab4003800 GCTaskThread "GC Thread#2" [stack: 0x00007f6aa74f3000,0x00007f6aa75f3000] [id=21416]
  0x00007f6ab4005000 GCTaskThread "GC Thread#3" [stack: 0x00007f6aa73f1000,0x00007f6aa74f1000] [id=21417]
  0x00007f6ae4059000 ConcurrentGCThread "G1 Main Marker" [stack: 0x00007f6ae8998000,0x00007f6ae8a98000] [id=21382]
  0x00007f6ae405b000 ConcurrentGCThread "G1 Conc#0" [stack: 0x00007f6ae8896000,0x00007f6ae8996000] [id=21383]
  0x00007f6ae40c2000 ConcurrentGCThread "G1 Refine#0" [stack: 0x00007f6ae8390000,0x00007f6ae8490000] [id=21384]
  0x00007f6abc001000 ConcurrentGCThread "G1 Refine#1" [stack: 0x00007f6aa77f7000,0x00007f6aa78f7000] [id=21413]
  0x00007f6ae40c4000 ConcurrentGCThread "G1 Young RemSet Sampling" [stack: 0x00007f6ae828e000,0x00007f6ae838e000] [id=21385]

Threads with active compile tasks:

VM state:not at safepoint (normal execution)

VM Mutex/Monitor currently owned by a thread: None

Heap address: 0x0000000098800000, size: 1656 MB, Compressed Oops mode: 32-bit
Narrow klass base: 0x0000000800000000, Narrow klass shift: 3
Compressed class space size: 1073741824 Address: 0x0000000840000000

Heap:
 garbage-first heap   total 55296K, used 35909K [0x0000000098800000, 0x0000000100000000)
  region size 1024K, 21 young (21504K), 4 survivors (4096K)
 Metaspace       used 40575K, capacity 42907K, committed 43180K, reserved 1087488K
  class space    used 4571K, capacity 5631K, committed 5632K, reserved 1048576K
Heap Regions: E=young(eden), S=young(survivor), O=old, HS=humongous(starts), HC=humongous(continues), CS=collection set, F=free, A=archive, TAMS=top-at-mark-start (previous, next)
|   0|0x0000000098800000, 0x00000000988fffd0, 0x0000000098900000| 99%| O|  |TAMS 0x0000000098800000, 0x0000000098800000| Untracked 
|   1|0x0000000098900000, 0x00000000989ffff8, 0x0000000098a00000| 99%| O|  |TAMS 0x0000000098900000, 0x0000000098900000| Untracked 
|   2|0x0000000098a00000, 0x0000000098afe958, 0x0000000098b00000| 99%| O|  |TAMS 0x0000000098a00000, 0x0000000098a00000| Untracked 
|   3|0x0000000098b00000, 0x0000000098bfffe0, 0x0000000098c00000| 99%| O|  |TAMS 0x0000000098b00000, 0x0000000098b00000| Untracked 
|   4|0x0000000098c00000, 0x0000000098cfffc8, 0x0000000098d00000| 99%| O|  |TAMS 0x0000000098c00000, 0x0000000098c00000| Untracked 
|   5|0x0000000098d00000, 0x0000000098dfff20, 0x0000000098e00000| 99%| O|  |TAMS 0x0000000098d00000, 0x0000000098d00000| Untracked 
|   6|0x0000000098e00000, 0x0000000098f00000, 0x0000000098f00000|100%| O|  |TAMS 0x0000000098e00000, 0x0000000098e00000| Untracked 
|   7|0x0000000098f00000, 0x0000000098ffffc0, 0x0000000099000000| 99%| O|  |TAMS 0x0000000098f00000, 0x0000000098f00000| Untracked 
|   8|0x0000000099000000, 0x00000000990ffff8, 0x0000000099100000| 99%| O|  |TAMS 0x0000000099000000, 0x0000000099000000| Untracked 
|   9|0x0000000099100000, 0x00000000991fffe0, 0x0000000099200000| 99%| O|  |TAMS 0x0000000099100000, 0x0000000099100000| Untracked 
|  10|0x0000000099200000, 0x0000000099300000, 0x0000000099300000|100%| O|  |TAMS 0x0000000099200000, 0x0000000099200000| Untracked 
|  11|0x0000000099300000, 0x00000000993fffe8, 0x0000000099400000| 99%| O|  |TAMS 0x0000000099300000, 0x0000000099300000| Untracked 
|  12|0x0000000099400000, 0x00000000994fc780, 0x0000000099500000| 98%| O|  |TAMS 0x0000000099400000, 0x0000000099400000| Untracked 
|  13|0x0000000099500000, 0x00000000995ff0e8, 0x0000000099600000| 99%| O|  |TAMS 0x0000000099500000, 0x0000000099500000| Untracked 
|  14|0x0000000099600000, 0x00000000996d63e8, 0x0000000099700000| 83%| O|  |TAMS 0x0000000099600000, 0x0000000099600000| Untracked 
|  15|0x0000000099700000, 0x0000000099700000, 0x0000000099800000|  0%| F|  |TAMS 0x0000000099700000, 0x0000000099700000| Untracked 
|  16|0x0000000099800000, 0x0000000099800000, 0x0000000099900000|  0%| F|  |TAMS 0x0000000099800000, 0x0000000099800000| Untracked 
|  17|0x0000000099900000, 0x0000000099900000, 0x0000000099a00000|  0%| F|  |TAMS 0x0000000099900000, 0x0000000099900000| Untracked 
|  18|0x0000000099a00000, 0x0000000099a00000, 0x0000000099b00000|  0%| F|  |TAMS 0x0000000099a00000, 0x0000000099a00000| Untracked 
|  19|0x0000000099b00000, 0x0000000099b00000, 0x0000000099c00000|  0%| F|  |TAMS 0x0000000099b00000, 0x0000000099b00000| Untracked 
|  20|0x0000000099c00000, 0x0000000099c00000, 0x0000000099d00000|  0%| F|  |TAMS 0x0000000099c00000, 0x0000000099c00000| Untracked 
|  21|0x0000000099d00000, 0x0000000099d00000, 0x0000000099e00000|  0%| F|  |TAMS 0x0000000099d00000, 0x0000000099d00000| Untracked 
|  22|0x0000000099e00000, 0x0000000099e00000, 0x0000000099f00000|  0%| F|  |TAMS 0x0000000099e00000, 0x0000000099e00000| Untracked 
|  23|0x0000000099f00000, 0x0000000099f8f160, 0x000000009a000000| 55%| S|CS|TAMS 0x0000000099f00000, 0x0000000099f00000| Complete 
|  24|0x000000009a000000, 0x000000009a000000, 0x000000009a100000|  0%| F|  |TAMS 0x000000009a000000, 0x000000009a000000| Untracked 
|  25|0x000000009a100000, 0x000000009a100000, 0x000000009a200000|  0%| F|  |TAMS 0x000000009a100000, 0x000000009a100000| Untracked 
|  26|0x000000009a200000, 0x000000009a200000, 0x000000009a300000|  0%| F|  |TAMS 0x000000009a200000, 0x000000009a200000| Untracked 
|  27|0x000000009a300000, 0x000000009a400000, 0x000000009a400000|100%| S|CS|TAMS 0x000000009a300000, 0x000000009a300000| Complete 
|  28|0x000000009a400000, 0x000000009a500000, 0x000000009a500000|100%| S|CS|TAMS 0x000000009a400000, 0x000000009a400000| Complete 
|  29|0x000000009a500000, 0x000000009a600000, 0x000000009a600000|100%| S|CS|TAMS 0x000000009a500000, 0x000000009a500000| Complete 
|  30|0x000000009a600000, 0x000000009a600000, 0x000000009a700000|  0%| F|  |TAMS 0x000000009a600000, 0x000000009a600000| Untracked 
|  31|0x000000009a700000, 0x000000009a700000, 0x000000009a800000|  0%| F|  |TAMS 0x000000009a700000, 0x000000009a700000| Untracked 
|  32|0x000000009a800000, 0x000000009a800000, 0x000000009a900000|  0%| F|  |TAMS 0x000000009a800000, 0x000000009a800000| Untracked 
|  33|0x000000009a900000, 0x000000009a900000, 0x000000009aa00000|  0%| F|  |TAMS 0x000000009a900000, 0x000000009a900000| Untracked 
|  34|0x000000009aa00000, 0x000000009aa00000, 0x000000009ab00000|  0%| F|  |TAMS 0x000000009aa00000, 0x000000009aa00000| Untracked 
|  35|0x000000009ab00000, 0x000000009abf20b8, 0x000000009ac00000| 94%| E|  |TAMS 0x000000009ab00000, 0x000000009ab00000| Complete 
|  36|0x000000009ac00000, 0x000000009ad00000, 0x000000009ad00000|100%| E|CS|TAMS 0x000000009ac00000, 0x000000009ac00000| Complete 
|  37|0x000000009ad00000, 0x000000009ae00000, 0x000000009ae00000|100%| E|CS|TAMS 0x000000009ad00000, 0x000000009ad00000| Complete 
|  38|0x000000009ae00000, 0x000000009af00000, 0x000000009af00000|100%| E|CS|TAMS 0x000000009ae00000, 0x000000009ae00000| Complete 
|  39|0x000000009af00000, 0x000000009b000000, 0x000000009b000000|100%| E|CS|TAMS 0x000000009af00000, 0x000000009af00000| Complete 
|  40|0x000000009b000000, 0x000000009b100000, 0x000000009b100000|100%| E|CS|TAMS 0x000000009b000000, 0x000000009b000000| Complete 
|  41|0x000000009b100000, 0x000000009b200000, 0x000000009b200000|100%| E|CS|TAMS 0x000000009b100000, 0x000000009b100000| Complete 
|  42|0x000000009b200000, 0x000000009b300000, 0x000000009b300000|100%| E|CS|TAMS 0x000000009b200000, 0x000000009b200000| Complete 
|  43|0x000000009b300000, 0x000000009b400000, 0x000000009b400000|100%| E|CS|TAMS 0x000000009b300000, 0x000000009b300000| Complete 
|  44|0x000000009b400000, 0x000000009b500000, 0x000000009b500000|100%| E|CS|TAMS 0x000000009b400000, 0x000000009b400000| Complete 
|  45|0x000000009b500000, 0x000000009b600000, 0x000000009b600000|100%| E|CS|TAMS 0x000000009b500000, 0x000000009b500000| Complete 
|  46|0x000000009b600000, 0x000000009b700000, 0x000000009b700000|100%| E|CS|TAMS 0x000000009b600000, 0x000000009b600000| Complete 
|  47|0x000000009b700000, 0x000000009b800000, 0x000000009b800000|100%| E|CS|TAMS 0x000000009b700000, 0x000000009b700000| Complete 
|  83|0x000000009db00000, 0x000000009dc00000, 0x000000009dc00000|100%| E|CS|TAMS 0x000000009db00000, 0x000000009db00000| Complete 
|  84|0x000000009dc00000, 0x000000009dd00000, 0x000000009dd00000|100%| E|CS|TAMS 0x000000009dc00000, 0x000000009dc00000| Complete 
|  85|0x000000009dd00000, 0x000000009de00000, 0x000000009de00000|100%| E|CS|TAMS 0x000000009dd00000, 0x000000009dd00000| Complete 
|  86|0x000000009de00000, 0x000000009df00000, 0x000000009df00000|100%| E|CS|TAMS 0x000000009de00000, 0x000000009de00000| Complete 
|1654|0x00000000ffe00000, 0x00000000ffe47000, 0x00000000fff00000| 27%|OA|  |TAMS 0x00000000ffe47000, 0x00000000ffe00000| Untracked 
|1655|0x00000000fff00000, 0x00000000fff6b000, 0x0000000100000000| 41%|CA|  |TAMS 0x00000000fff6b000, 0x00000000fff00000| Untracked 

Card table byte_map: [0x00007f6aea7ec000,0x00007f6aeab28000] _byte_map_base: 0x00007f6aea328000

Marking Bits (Prev, Next): (CMBitMap*) 0x00007f6ae4051de8, (CMBitMap*) 0x00007f6ae4051e20
 Prev Bits: [0x00007f6ae8ad0000, 0x00007f6aea4b0000)
 Next Bits: [0x00007f6ac6620000, 0x00007f6ac8000000)

Polling page: 0x00007f6aeb574000

Metaspace:

Usage:
  Non-class:     36.40 MB capacity,    35.16 MB ( 97%) used,     1.06 MB (  3%) free+waste,   187.38 KB ( <1%) overhead. 
      Class:      5.50 MB capacity,     4.46 MB ( 81%) used,   972.45 KB ( 17%) free+waste,    87.00 KB (  2%) overhead. 
       Both:     41.90 MB capacity,    39.62 MB ( 95%) used,     2.01 MB (  5%) free+waste,   274.38 KB ( <1%) overhead. 

Virtual space:
  Non-class space:       38.00 MB reserved,      36.67 MB ( 96%) committed 
      Class space:        1.00 GB reserved,       5.50 MB ( <1%) committed 
             Both:        1.04 GB reserved,      42.17 MB (  4%) committed 

Chunk freelists:
   Non-Class:  60.00 KB
       Class:  1.00 KB
        Both:  61.00 KB

MaxMetaspaceSize: unlimited
CompressedClassSpaceSize: 1.00 GB
Initial GC threshold: 20.80 MB
Current GC threshold: 69.45 MB
CDS: on

CodeHeap 'non-profiled nmethods': size=120032Kb used=8557Kb max_used=8557Kb free=111474Kb
 bounds [0x00007f6ad4327000, 0x00007f6ad4b87000, 0x00007f6adb85f000]
CodeHeap 'profiled nmethods': size=120032Kb used=24087Kb max_used=24087Kb free=95944Kb
 bounds [0x00007f6accdef000, 0x00007f6ace57f000, 0x00007f6ad4327000]
CodeHeap 'non-nmethods': size=5696Kb used=1258Kb max_used=1304Kb free=4437Kb
 bounds [0x00007f6acc85f000, 0x00007f6accacf000, 0x00007f6accdef000]
 total_blobs=10217 nmethods=9682 adapters=448
 compilation: enabled
              stopped_count=0, restarted_count=0
 full_count=0

Compilation events (20 events):
Event: 823.527 Thread 0x00007f6ae410c000 nmethod 9826 0x00007f6ace571e90 code [0x00007f6ace572040, 0x00007f6ace5721a0]
Event: 823.530 Thread 0x00007f6ae410a000 nmethod 9824 0x00007f6ad4b7fe90 code [0x00007f6ad4b80040, 0x00007f6ad4b80188]
Event: 823.530 Thread 0x00007f6ae410a000 9825       4       ch.qos.logback.core.pattern.LiteralConverter::convert (5 bytes)
Event: 823.530 Thread 0x00007f6ae410c000 9827       3       java.io.PrintWriter::ensureOpen (18 bytes)
Event: 823.531 Thread 0x00007f6ae410c000 nmethod 9827 0x00007f6ace572290 code [0x00007f6ace572460, 0x00007f6ace572680]
Event: 823.531 Thread 0x00007f6ae410c000 9828  s    3       java.lang.StringBuffer::append (15 bytes)
Event: 823.531 Thread 0x00007f6ae410a000 nmethod 9825 0x00007f6ad4b80290 code [0x00007f6ad4b80420, 0x00007f6ad4b80498]
Event: 823.533 Thread 0x00007f6ae410c000 nmethod 9828 0x00007f6ace572790 code [0x00007f6ace572960, 0x00007f6ace572c80]
Event: 824.507 Thread 0x00007f6ae410a000 9829       4       org.thymeleaf.linkbuilder.StandardLinkBuilder::findCharInSequence (34 bytes)
Event: 824.510 Thread 0x00007f6ae410c000 9830       3       java.net.InetSocketAddress::getAddress (8 bytes)
Event: 824.511 Thread 0x00007f6ae410c000 nmethod 9830 0x00007f6ace572d90 code [0x00007f6ace572f40, 0x00007f6ace573070]
Event: 824.526 Thread 0x00007f6ae410a000 nmethod 9829 0x00007f6ad4b80590 code [0x00007f6ad4b80740, 0x00007f6ad4b80ac8]
Event: 826.483 Thread 0x00007f6ae410c000 9831   !   3       nl.han.minor.alliander.rfid.prototype.persistence.SQLiteDB::getSingleComponent (44 bytes)
Event: 826.486 Thread 0x00007f6ae410c000 nmethod 9831 0x00007f6ace573110 code [0x00007f6ace573440, 0x00007f6ace5746f0]
Event: 826.487 Thread 0x00007f6ae410a000 9832       4       org.springframework.util.ClassUtils::getInterfaceMethodIfPossible (40 bytes)
Event: 826.498 Thread 0x00007f6ae410a000 nmethod 9832 0x00007f6ad4b80d10 code [0x00007f6ad4b80ee0, 0x00007f6ad4b81088]
Event: 833.489 Thread 0x00007f6ae410a000 9833       4       java.lang.Integer::stringSize (47 bytes)
Event: 833.501 Thread 0x00007f6ae410a000 nmethod 9833 0x00007f6ad4b81310 code [0x00007f6ad4b814a0, 0x00007f6ad4b81558]
Event: 834.530 Thread 0x00007f6ae410a000 9834       4       org.springframework.expression.spel.ast.OpNE::getValueInternal (6 bytes)
Event: 834.580 Thread 0x00007f6ae410a000 nmethod 9834 0x00007f6ad4b81610 code [0x00007f6ad4b81840, 0x00007f6ad4b82090]

GC Heap History (20 events):
Event: 675.647 GC heap before
{Heap before GC invocations=32 (full 10):
 garbage-first heap   total 55296K, used 32490K [0x0000000098800000, 0x0000000100000000)
  region size 1024K, 21 young (21504K), 3 survivors (3072K)
 Metaspace       used 39064K, capacity 41101K, committed 41132K, reserved 1085440K
  class space    used 4423K, capacity 5349K, committed 5376K, reserved 1048576K
}
Event: 675.809 GC heap after
{Heap after GC invocations=33 (full 11):
 garbage-first heap   total 55296K, used 15241K [0x0000000098800000, 0x0000000100000000)
  region size 1024K, 0 young (0K), 0 survivors (0K)
 Metaspace       used 39061K, capacity 41095K, committed 41132K, reserved 1085440K
  class space    used 4423K, capacity 5347K, committed 5376K, reserved 1048576K
}
Event: 676.572 GC heap before
{Heap before GC invocations=33 (full 11):
 garbage-first heap   total 55296K, used 38793K [0x0000000098800000, 0x0000000100000000)
  region size 1024K, 24 young (24576K), 0 survivors (0K)
 Metaspace       used 39138K, capacity 41246K, committed 41388K, reserved 1085440K
  class space    used 4426K, capacity 5351K, committed 5376K, reserved 1048576K
}
Event: 676.581 GC heap after
{Heap after GC invocations=34 (full 11):
 garbage-first heap   total 55296K, used 17289K [0x0000000098800000, 0x0000000100000000)
  region size 1024K, 2 young (2048K), 2 survivors (2048K)
 Metaspace       used 39138K, capacity 41246K, committed 41388K, reserved 1085440K
  class space    used 4426K, capacity 5351K, committed 5376K, reserved 1048576K
}
Event: 694.445 GC heap before
{Heap before GC invocations=34 (full 11):
 garbage-first heap   total 55296K, used 32649K [0x0000000098800000, 0x0000000100000000)
  region size 1024K, 18 young (18432K), 2 survivors (2048K)
 Metaspace       used 39256K, capacity 41392K, committed 41516K, reserved 1085440K
  class space    used 4438K, capacity 5398K, committed 5504K, reserved 1048576K
}
Event: 694.608 GC heap after
{Heap after GC invocations=35 (full 12):
 garbage-first heap   total 55296K, used 15335K [0x0000000098800000, 0x0000000100000000)
  region size 1024K, 0 young (0K), 0 survivors (0K)
 Metaspace       used 39253K, capacity 41386K, committed 41516K, reserved 1085440K
  class space    used 4437K, capacity 5396K, committed 5504K, reserved 1048576K
}
Event: 695.358 GC heap before
{Heap before GC invocations=35 (full 12):
 garbage-first heap   total 55296K, used 38887K [0x0000000098800000, 0x0000000100000000)
  region size 1024K, 24 young (24576K), 0 survivors (0K)
 Metaspace       used 39311K, capacity 41472K, committed 41772K, reserved 1085440K
  class space    used 4440K, capacity 5400K, committed 5504K, reserved 1048576K
}
Event: 695.363 GC heap after
{Heap after GC invocations=36 (full 12):
 garbage-first heap   total 55296K, used 17383K [0x0000000098800000, 0x0000000100000000)
  region size 1024K, 2 young (2048K), 2 survivors (2048K)
 Metaspace       used 39311K, capacity 41472K, committed 41772K, reserved 1085440K
  class space    used 4440K, capacity 5400K, committed 5504K, reserved 1048576K
}
Event: 699.183 GC heap before
{Heap before GC invocations=36 (full 12):
 garbage-first heap   total 55296K, used 25575K [0x0000000098800000, 0x0000000100000000)
  region size 1024K, 11 young (11264K), 2 survivors (2048K)
 Metaspace       used 39369K, capacity 41515K, committed 41772K, reserved 1085440K
  class space    used 4447K, capacity 5438K, committed 5504K, reserved 1048576K
}
Event: 699.338 GC heap after
{Heap after GC invocations=37 (full 13):
 garbage-first heap   total 55296K, used 14130K [0x0000000098800000, 0x0000000100000000)
  region size 1024K, 0 young (0K), 0 survivors (0K)
 Metaspace       used 39366K, capacity 41509K, committed 41772K, reserved 1085440K
  class space    used 4447K, capacity 5436K, committed 5504K, reserved 1048576K
}
Event: 700.167 GC heap before
{Heap before GC invocations=37 (full 13):
 garbage-first heap   total 55296K, used 39730K [0x0000000098800000, 0x0000000100000000)
  region size 1024K, 25 young (25600K), 0 survivors (0K)
 Metaspace       used 39456K, capacity 41607K, committed 41772K, reserved 1085440K
  class space    used 4455K, capacity 5446K, committed 5504K, reserved 1048576K
}
Event: 700.175 GC heap after
{Heap after GC invocations=38 (full 13):
 garbage-first heap   total 55296K, used 16270K [0x0000000098800000, 0x0000000100000000)
  region size 1024K, 3 young (3072K), 3 survivors (3072K)
 Metaspace       used 39456K, capacity 41607K, committed 41772K, reserved 1085440K
  class space    used 4455K, capacity 5446K, committed 5504K, reserved 1048576K
}
Event: 738.494 GC heap before
{Heap before GC invocations=38 (full 13):
 garbage-first heap   total 55296K, used 38798K [0x0000000098800000, 0x0000000100000000)
  region size 1024K, 26 young (26624K), 3 survivors (3072K)
 Metaspace       used 40172K, capacity 42348K, committed 42668K, reserved 1087488K
  class space    used 4536K, capacity 5558K, committed 5632K, reserved 1048576K
}
Event: 738.511 GC heap after
{Heap after GC invocations=39 (full 13):
 garbage-first heap   total 55296K, used 18226K [0x0000000098800000, 0x0000000100000000)
  region size 1024K, 4 young (4096K), 4 survivors (4096K)
 Metaspace       used 40172K, capacity 42348K, committed 42668K, reserved 1087488K
  class space    used 4536K, capacity 5558K, committed 5632K, reserved 1048576K
}
Event: 745.259 GC heap before
{Heap before GC invocations=39 (full 13):
 garbage-first heap   total 55296K, used 21298K [0x0000000098800000, 0x0000000100000000)
  region size 1024K, 8 young (8192K), 4 survivors (4096K)
 Metaspace       used 40181K, capacity 42419K, committed 42668K, reserved 1087488K
  class space    used 4536K, capacity 5560K, committed 5632K, reserved 1048576K
}
Event: 745.391 GC heap after
{Heap after GC invocations=40 (full 14):
 garbage-first heap   total 55296K, used 15880K [0x0000000098800000, 0x0000000100000000)
  region size 1024K, 0 young (0K), 0 survivors (0K)
 Metaspace       used 40173K, capacity 42404K, committed 42668K, reserved 1087488K
  class space    used 4535K, capacity 5556K, committed 5632K, reserved 1048576K
}
Event: 746.183 GC heap before
{Heap before GC invocations=40 (full 14):
 garbage-first heap   total 55296K, used 40456K [0x0000000098800000, 0x0000000100000000)
  region size 1024K, 25 young (25600K), 0 survivors (0K)
 Metaspace       used 40365K, capacity 42709K, committed 42924K, reserved 1087488K
  class space    used 4555K, capacity 5616K, committed 5632K, reserved 1048576K
}
Event: 746.189 GC heap after
{Heap after GC invocations=41 (full 14):
 garbage-first heap   total 55296K, used 18096K [0x0000000098800000, 0x0000000100000000)
  region size 1024K, 3 young (3072K), 3 survivors (3072K)
 Metaspace       used 40365K, capacity 42709K, committed 42924K, reserved 1087488K
  class space    used 4555K, capacity 5616K, committed 5632K, reserved 1048576K
}
Event: 790.983 GC heap before
{Heap before GC invocations=41 (full 14):
 garbage-first heap   total 55296K, used 39600K [0x0000000098800000, 0x0000000100000000)
  region size 1024K, 25 young (25600K), 3 survivors (3072K)
 Metaspace       used 40491K, capacity 42834K, committed 42924K, reserved 1087488K
  class space    used 4563K, capacity 5629K, committed 5632K, reserved 1048576K
}
Event: 790.991 GC heap after
{Heap after GC invocations=42 (full 14):
 garbage-first heap   total 55296K, used 19525K [0x0000000098800000, 0x0000000100000000)
  region size 1024K, 4 young (4096K), 4 survivors (4096K)
 Metaspace       used 40491K, capacity 42834K, committed 42924K, reserved 1087488K
  class space    used 4563K, capacity 5629K, committed 5632K, reserved 1048576K
}

Deoptimization events (20 events):
Event: 818.183 Thread 0x00007f6a80059800 DEOPT PACKING pc=0x00007f6ad4b7ef10 sp=0x00007f6aa5de6830
Event: 818.183 Thread 0x00007f6a80059800 DEOPT UNPACKING pc=0x00007f6acc8a8e9f sp=0x00007f6aa5de67e0 mode 2
Event: 818.183 Thread 0x00007f6a80059800 Uncommon trap: trap_request=0xffffffbe fr.pc=0x00007f6ad4b7ef10 relative=0x00000000000002b0
Event: 818.183 Thread 0x00007f6a80059800 Uncommon trap: reason=profile_predicate action=maybe_recompile pc=0x00007f6ad4b7ef10 method=org.thymeleaf.linkbuilder.StandardLinkBuilder.findCharInSequence(Ljava/lang/CharSequence;C)I @ 11 c2
Event: 818.183 Thread 0x00007f6a80059800 DEOPT PACKING pc=0x00007f6ad4b7ef10 sp=0x00007f6aa5de6830
Event: 818.183 Thread 0x00007f6a80059800 DEOPT UNPACKING pc=0x00007f6acc8a8e9f sp=0x00007f6aa5de67e0 mode 2
Event: 818.184 Thread 0x00007f6a80059800 Uncommon trap: trap_request=0xffffffbe fr.pc=0x00007f6ad4b7ef10 relative=0x00000000000002b0
Event: 818.184 Thread 0x00007f6a80059800 Uncommon trap: reason=profile_predicate action=maybe_recompile pc=0x00007f6ad4b7ef10 method=org.thymeleaf.linkbuilder.StandardLinkBuilder.findCharInSequence(Ljava/lang/CharSequence;C)I @ 11 c2
Event: 818.184 Thread 0x00007f6a80059800 DEOPT PACKING pc=0x00007f6ad4b7ef10 sp=0x00007f6aa5de6830
Event: 818.184 Thread 0x00007f6a80059800 DEOPT UNPACKING pc=0x00007f6acc8a8e9f sp=0x00007f6aa5de67e0 mode 2
Event: 818.184 Thread 0x00007f6a80059800 Uncommon trap: trap_request=0xffffffbe fr.pc=0x00007f6ad4b7ef10 relative=0x00000000000002b0
Event: 818.184 Thread 0x00007f6a80059800 Uncommon trap: reason=profile_predicate action=maybe_recompile pc=0x00007f6ad4b7ef10 method=org.thymeleaf.linkbuilder.StandardLinkBuilder.findCharInSequence(Ljava/lang/CharSequence;C)I @ 11 c2
Event: 818.184 Thread 0x00007f6a80059800 DEOPT PACKING pc=0x00007f6ad4b7ef10 sp=0x00007f6aa5de6830
Event: 818.184 Thread 0x00007f6a80059800 DEOPT UNPACKING pc=0x00007f6acc8a8e9f sp=0x00007f6aa5de67e0 mode 2
Event: 823.525 Thread 0x00007f6a80052800 Uncommon trap: trap_request=0xffffff4d fr.pc=0x00007f6ad434bc5c relative=0x000000000000051c
Event: 823.525 Thread 0x00007f6a80052800 Uncommon trap: reason=unstable_if action=reinterpret pc=0x00007f6ad434bc5c method=java.lang.AbstractStringBuilder.append(Ljava/lang/String;)Ljava/lang/AbstractStringBuilder; @ 1 c2
Event: 823.525 Thread 0x00007f6a80052800 DEOPT PACKING pc=0x00007f6ad434bc5c sp=0x00007f6aa59e3b90
Event: 823.525 Thread 0x00007f6a80052800 DEOPT UNPACKING pc=0x00007f6acc8a8e9f sp=0x00007f6aa59e3b20 mode 2
Event: 831.486 Thread 0x00007f6a8005b800 DEOPT PACKING pc=0x00007f6ace4451a8 sp=0x00007f6aa48f2120
Event: 831.486 Thread 0x00007f6a8005b800 DEOPT UNPACKING pc=0x00007f6acc8a962b sp=0x00007f6aa48f1670 mode 0

Classes redefined (0 events):
No events

Internal exceptions (20 events):
Event: 694.429 Thread 0x00007f6a701b2000 Exception <a 'java/lang/InterruptedException'{0x000000009adf6328}: sleep interrupted> (0x000000009adf6328) thrown at [src/hotspot/share/prims/jvm.cpp, line 3125]
Event: 694.632 Thread 0x00007f6a84003800 Exception <a 'java/io/FileNotFoundException'{0x000000009debb208}> (0x000000009debb208) thrown at [src/hotspot/share/prims/jni.cpp, line 615]
Event: 695.223 Thread 0x00007f6a84003800 Exception <a 'java/lang/NoClassDefFoundError'{0x000000009a9e71e0}: org/flywaydb/core/Flyway> (0x000000009a9e71e0) thrown at [src/hotspot/share/oops/constantPool.cpp, line 775]
Event: 695.223 Thread 0x00007f6a84003800 Exception <a 'java/lang/NoClassDefFoundError'{0x000000009a9e7508}: liquibase/integration/spring/SpringLiquibase> (0x000000009a9e7508) thrown at [src/hotspot/share/oops/constantPool.cpp, line 775]
Event: 695.352 Thread 0x00007f6a84003800 Exception <a 'java/io/FileNotFoundException'{0x000000009a3c5c10}> (0x000000009a3c5c10) thrown at [src/hotspot/share/prims/jni.cpp, line 615]
Event: 695.386 Thread 0x00007f6a84003800 Exception <a 'java/io/FileNotFoundException'{0x000000009de97d08}> (0x000000009de97d08) thrown at [src/hotspot/share/prims/jni.cpp, line 615]
Event: 699.172 Thread 0x00007f6a8004c000 Exception <a 'java/lang/InterruptedException'{0x000000009b276628}: sleep interrupted> (0x000000009b276628) thrown at [src/hotspot/share/prims/jvm.cpp, line 3125]
Event: 699.365 Thread 0x00007f6a80148000 Exception <a 'java/io/FileNotFoundException'{0x000000009decfcd8}> (0x000000009decfcd8) thrown at [src/hotspot/share/prims/jni.cpp, line 615]
Event: 699.990 Thread 0x00007f6a80148000 Exception <a 'java/lang/NoClassDefFoundError'{0x000000009aad8ce0}: org/flywaydb/core/Flyway> (0x000000009aad8ce0) thrown at [src/hotspot/share/oops/constantPool.cpp, line 775]
Event: 699.990 Thread 0x00007f6a80148000 Exception <a 'java/lang/NoClassDefFoundError'{0x000000009aad9008}: liquibase/integration/spring/SpringLiquibase> (0x000000009aad9008) thrown at [src/hotspot/share/oops/constantPool.cpp, line 775]
Event: 700.106 Thread 0x00007f6a80148000 Exception <a 'java/io/FileNotFoundException'{0x000000009a4b5cd0}> (0x000000009a4b5cd0) thrown at [src/hotspot/share/prims/jni.cpp, line 615]
Event: 700.136 Thread 0x00007f6a80148000 Exception <a 'java/io/FileNotFoundException'{0x000000009a2876c8}> (0x000000009a2876c8) thrown at [src/hotspot/share/prims/jni.cpp, line 615]
Event: 745.250 Thread 0x00007f6a50022800 Exception <a 'java/lang/InterruptedException'{0x000000009db00840}: sleep interrupted> (0x000000009db00840) thrown at [src/hotspot/share/prims/jvm.cpp, line 3125]
Event: 745.426 Thread 0x00007f6ab4046800 Exception <a 'java/io/FileNotFoundException'{0x000000009dee56a0}> (0x000000009dee56a0) thrown at [src/hotspot/share/prims/jni.cpp, line 615]
Event: 745.992 Thread 0x00007f6ab4046800 Exception <a 'java/lang/NoClassDefFoundError'{0x000000009aaf0658}: org/flywaydb/core/Flyway> (0x000000009aaf0658) thrown at [src/hotspot/share/oops/constantPool.cpp, line 775]
Event: 745.992 Thread 0x00007f6ab4046800 Exception <a 'java/lang/NoClassDefFoundError'{0x000000009aaf0980}: liquibase/integration/spring/SpringLiquibase> (0x000000009aaf0980) thrown at [src/hotspot/share/oops/constantPool.cpp, line 775]
Event: 746.131 Thread 0x00007f6ab4046800 Exception <a 'java/io/FileNotFoundException'{0x000000009a4d4470}> (0x000000009a4d4470) thrown at [src/hotspot/share/prims/jni.cpp, line 615]
Event: 746.164 Thread 0x00007f6ab4046800 Exception <a 'java/io/FileNotFoundException'{0x000000009a3a55b8}> (0x000000009a3a55b8) thrown at [src/hotspot/share/prims/jni.cpp, line 615]
Event: 823.513 Thread 0x00007f6a80052800 Exception <a 'java/lang/NoClassDefFoundError'{0x000000009af3e9c0}: sun/reflect/Reflection> (0x000000009af3e9c0) thrown at [src/hotspot/share/classfile/systemDictionary.cpp, line 220]
Event: 823.525 Thread 0x00007f6a80052800 Implicit null exception at 0x00007f6ad434b784 to 0x00007f6ad434bc48

Events (20 events):
Event: 823.518 loading class jdk/internal/loader/BootLoader$PackageHelper
Event: 823.519 loading class jdk/internal/loader/BootLoader$PackageHelper done
Event: 823.522 loading class jdk/internal/reflect/GeneratedMethodAccessor209
Event: 823.522 loading class jdk/internal/reflect/GeneratedMethodAccessor209 done
Event: 823.523 loading class jdk/internal/reflect/GeneratedMethodAccessor209
Event: 823.523 loading class jdk/internal/reflect/GeneratedMethodAccessor209 done
Event: 825.480 Executing VM operation: RevokeBias
Event: 825.480 Executing VM operation: RevokeBias done
Event: 828.487 Executing VM operation: RevokeBias
Event: 828.488 Executing VM operation: RevokeBias done
Event: 828.493 Executing VM operation: RevokeBias
Event: 828.494 Executing VM operation: RevokeBias done
Event: 830.490 Executing VM operation: RevokeBias
Event: 830.491 Executing VM operation: RevokeBias done
Event: 830.493 Executing VM operation: RevokeBias
Event: 830.499 Executing VM operation: RevokeBias done
Event: 835.484 Executing VM operation: RevokeBias
Event: 835.484 Executing VM operation: RevokeBias done
Event: 835.488 Executing VM operation: RevokeBias
Event: 835.488 Executing VM operation: RevokeBias done


Dynamic libraries:
98800000-9b800000 rw-p 00000000 00:00 0 
9b800000-9db00000 ---p 00000000 00:00 0 
9db00000-9df00000 rw-p 00000000 00:00 0 
9df00000-ffe00000 ---p 00000000 00:00 0 
ffe00000-ffe47000 rw-p 01113000 00:2c 142357                             /usr/lib/jvm/java-11-openjdk-amd64/lib/server/classes.jsa
ffe47000-fff00000 rw-p 00000000 00:00 0 
fff00000-fff6b000 rw-p 010a8000 00:2c 142357                             /usr/lib/jvm/java-11-openjdk-amd64/lib/server/classes.jsa
fff6b000-100000000 rw-p 00000000 00:00 0 
800000000-800002000 rwxp 00001000 00:2c 142357                           /usr/lib/jvm/java-11-openjdk-amd64/lib/server/classes.jsa
800002000-8003b9000 rw-p 00003000 00:2c 142357                           /usr/lib/jvm/java-11-openjdk-amd64/lib/server/classes.jsa
8003b9000-800a97000 r--p 003ba000 00:2c 142357                           /usr/lib/jvm/java-11-openjdk-amd64/lib/server/classes.jsa
800a97000-800a98000 rw-p 00a98000 00:2c 142357                           /usr/lib/jvm/java-11-openjdk-amd64/lib/server/classes.jsa
800a98000-8010a7000 r--p 00a99000 00:2c 142357                           /usr/lib/jvm/java-11-openjdk-amd64/lib/server/classes.jsa
840000000-840580000 rw-p 00000000 00:00 0 
840580000-880000000 ---p 00000000 00:00 0 
5b6889831000-5b6889832000 r--p 00000000 00:2c 140864                     /usr/lib/jvm/java-11-openjdk-amd64/bin/java
5b6889832000-5b6889833000 r-xp 00001000 00:2c 140864                     /usr/lib/jvm/java-11-openjdk-amd64/bin/java
5b6889833000-5b6889834000 r--p 00002000 00:2c 140864                     /usr/lib/jvm/java-11-openjdk-amd64/bin/java
5b6889834000-5b6889835000 r--p 00002000 00:2c 140864                     /usr/lib/jvm/java-11-openjdk-amd64/bin/java
5b6889835000-5b6889836000 rw-p 00003000 00:2c 140864                     /usr/lib/jvm/java-11-openjdk-amd64/bin/java
5b688b5eb000-5b688b64f000 rw-p 00000000 00:00 0                          [heap]
7f6a4c000000-7f6a4c41a000 rw-p 00000000 00:00 0 
7f6a4c41a000-7f6a50000000 ---p 00000000 00:00 0 
7f6a50000000-7f6a50cad000 rw-p 00000000 00:00 0 
7f6a50cad000-7f6a54000000 ---p 00000000 00:00 0 
7f6a54000000-7f6a5594a000 rw-p 00000000 00:00 0 
7f6a5594a000-7f6a58000000 ---p 00000000 00:00 0 
7f6a58000000-7f6a58046000 rw-p 00000000 00:00 0 
7f6a58046000-7f6a5c000000 ---p 00000000 00:00 0 
7f6a5c000000-7f6a5c26c000 rw-p 00000000 00:00 0 
7f6a5c26c000-7f6a60000000 ---p 00000000 00:00 0 
7f6a60000000-7f6a6177a000 rw-p 00000000 00:00 0 
7f6a6177a000-7f6a64000000 ---p 00000000 00:00 0 
7f6a64000000-7f6a653f6000 rw-p 00000000 00:00 0 
7f6a653f6000-7f6a68000000 ---p 00000000 00:00 0 
7f6a68000000-7f6a68789000 rw-p 00000000 00:00 0 
7f6a68789000-7f6a6c000000 ---p 00000000 00:00 0 
7f6a6c000000-7f6a6c046000 rw-p 00000000 00:00 0 
7f6a6c046000-7f6a70000000 ---p 00000000 00:00 0 
7f6a70000000-7f6a721b6000 rw-p 00000000 00:00 0 
7f6a721b6000-7f6a74000000 ---p 00000000 00:00 0 
7f6a74000000-7f6a74d8f000 rw-p 00000000 00:00 0 
7f6a74d8f000-7f6a78000000 ---p 00000000 00:00 0 
7f6a78000000-7f6a7804b000 rw-p 00000000 00:00 0 
7f6a7804b000-7f6a7c000000 ---p 00000000 00:00 0 
7f6a7c000000-7f6a7c030000 rw-p 00000000 00:00 0 
7f6a7c030000-7f6a80000000 ---p 00000000 00:00 0 
7f6a80000000-7f6a815ee000 rw-p 00000000 00:00 0 
7f6a815ee000-7f6a84000000 ---p 00000000 00:00 0 
7f6a84000000-7f6a84037000 rw-p 00000000 00:00 0 
7f6a84037000-7f6a88000000 ---p 00000000 00:00 0 
7f6a88000000-7f6a8803d000 rw-p 00000000 00:00 0 
7f6a8803d000-7f6a8c000000 ---p 00000000 00:00 0 
7f6a8c000000-7f6a8c049000 rw-p 00000000 00:00 0 
7f6a8c049000-7f6a90000000 ---p 00000000 00:00 0 
7f6a90000000-7f6a90030000 rw-p 00000000 00:00 0 
7f6a90030000-7f6a94000000 ---p 00000000 00:00 0 
7f6a94000000-7f6a96393000 rw-p 00000000 00:00 0 
7f6a96393000-7f6a98000000 ---p 00000000 00:00 0 
7f6a98000000-7f6a98943000 rw-p 00000000 00:00 0 
7f6a98943000-7f6a9c000000 ---p 00000000 00:00 0 
7f6a9c000000-7f6a9c06d000 rw-p 00000000 00:00 0 
7f6a9c06d000-7f6aa0000000 ---p 00000000 00:00 0 
7f6aa0000000-7f6aa022e000 rw-p 00000000 00:00 0 
7f6aa022e000-7f6aa4000000 ---p 00000000 00:00 0 
7f6aa41f5000-7f6aa42b5000 rw-p 00000000 00:00 0 
7f6aa42b5000-7f6aa43f5000 ---p 00000000 00:00 0 
7f6aa43f5000-7f6aa45f5000 rw-p 00000000 00:00 0 
7f6aa45f5000-7f6aa47f5000 rw-p 00000000 00:00 0 
7f6aa47f5000-7f6aa47f9000 ---p 00000000 00:00 0 
7f6aa47f9000-7f6aa4ae1000 rw-p 00000000 00:00 0 
7f6aa4ae1000-7f6aa4af6000 ---p 00000000 00:00 0 
7f6aa4af6000-7f6aa4afa000 ---p 00000000 00:00 0 
7f6aa4afa000-7f6aa4bf7000 rw-p 00000000 00:00 0 
7f6aa4bf7000-7f6aa4bfb000 ---p 00000000 00:00 0 
7f6aa4bfb000-7f6aa4cf8000 rw-p 00000000 00:00 0 
7f6aa4cf8000-7f6aa4cfc000 ---p 00000000 00:00 0 
7f6aa4cfc000-7f6aa4df9000 rw-p 00000000 00:00 0 
7f6aa4df9000-7f6aa4dfd000 ---p 00000000 00:00 0 
7f6aa4dfd000-7f6aa4efa000 rw-p 00000000 00:00 0 
7f6aa4efa000-7f6aa4efe000 ---p 00000000 00:00 0 
7f6aa4efe000-7f6aa4ffb000 rw-p 00000000 00:00 0 
7f6aa4ffb000-7f6aa4fff000 ---p 00000000 00:00 0 
7f6aa4fff000-7f6aa50fc000 rw-p 00000000 00:00 0 
7f6aa50fc000-7f6aa5100000 ---p 00000000 00:00 0 
7f6aa5100000-7f6aa53fd000 rw-p 00000000 00:00 0 
7f6aa53fd000-7f6aa54e0000 r-xp 00000000 00:2c 238759                     /tmp/sqlite-3.36.0.3-a31c0fda-a1a3-44c8-b163-39d5e2225b2e-libsqlitejdbc.so
7f6aa54e0000-7f6aa56df000 ---p 000e3000 00:2c 238759                     /tmp/sqlite-3.36.0.3-a31c0fda-a1a3-44c8-b163-39d5e2225b2e-libsqlitejdbc.so
7f6aa56df000-7f6aa56e6000 rw-p 000e2000 00:2c 238759                     /tmp/sqlite-3.36.0.3-a31c0fda-a1a3-44c8-b163-39d5e2225b2e-libsqlitejdbc.so
7f6aa56e6000-7f6aa58e6000 rw-p 00000000 00:00 0 
7f6aa58e6000-7f6aa58ea000 ---p 00000000 00:00 0 
7f6aa58ea000-7f6aa59e7000 rw-p 00000000 00:00 0 
7f6aa59e7000-7f6aa59eb000 ---p 00000000 00:00 0 
7f6aa59eb000-7f6aa5ae8000 rw-p 00000000 00:00 0 
7f6aa5ae8000-7f6aa5aec000 ---p 00000000 00:00 0 
7f6aa5aec000-7f6aa5be9000 rw-p 00000000 00:00 0 
7f6aa5be9000-7f6aa5bed000 ---p 00000000 00:00 0 
7f6aa5bed000-7f6aa5cea000 rw-p 00000000 00:00 0 
7f6aa5cea000-7f6aa5cee000 ---p 00000000 00:00 0 
7f6aa5cee000-7f6aa5feb000 rw-p 00000000 00:00 0 
7f6aa5feb000-7f6aa61eb000 rw-p 00000000 00:00 0 
7f6aa61eb000-7f6aa61ef000 ---p 00000000 00:00 0 
7f6aa61ef000-7f6aa62ec000 rw-p 00000000 00:00 0 
7f6aa62ec000-7f6aa62f0000 ---p 00000000 00:00 0 
7f6aa62f0000-7f6aa65ed000 rw-p 00000000 00:00 0 
7f6aa65ed000-7f6aa67ed000 rw-p 00000000 00:00 0 
7f6aa67ed000-7f6aa69ed000 rw-p 00000000 00:00 0 
7f6aa69ed000-7f6aa6bed000 rw-p 00000000 00:00 0 
7f6aa6bed000-7f6aa6ded000 rw-p 00000000 00:00 0 
7f6aa6ded000-7f6aa6fed000 rw-p 00000000 00:00 0 
7f6aa6fed000-7f6aa6ff1000 ---p 00000000 00:00 0 
7f6aa6ff1000-7f6aa70ee000 rw-p 00000000 00:00 0 
7f6aa70ee000-7f6aa70f2000 ---p 00000000 00:00 0 
7f6aa70f2000-7f6aa73ef000 rw-p 00000000 00:00 0 
7f6aa73ef000-7f6aa73f0000 ---p 00000000 00:00 0 
7f6aa73f0000-7f6aa74f1000 rw-p 00000000 00:00 0 
7f6aa74f1000-7f6aa74f2000 ---p 00000000 00:00 0 
7f6aa74f2000-7f6aa75f3000 rw-p 00000000 00:00 0 
7f6aa75f3000-7f6aa75f7000 ---p 00000000 00:00 0 
7f6aa75f7000-7f6aa76f4000 rw-p 00000000 00:00 0 
7f6aa76f4000-7f6aa76f8000 ---p 00000000 00:00 0 
7f6aa76f8000-7f6aa77f5000 rw-p 00000000 00:00 0 
7f6aa77f5000-7f6aa77f6000 ---p 00000000 00:00 0 
7f6aa77f6000-7f6aa78f7000 rw-p 00000000 00:00 0 
7f6aa78f7000-7f6aa78f8000 ---p 00000000 00:00 0 
7f6aa78f8000-7f6aa79f9000 rw-p 00000000 00:00 0 
7f6aa79f9000-7f6aa79fd000 ---p 00000000 00:00 0 
7f6aa79fd000-7f6aa7afa000 rw-p 00000000 00:00 0 
7f6aa7afa000-7f6aa7afb000 ---p 00000000 00:00 0 
7f6aa7afb000-7f6aa7bfc000 rw-p 00000000 00:00 0 
7f6aa7bfc000-7f6aa7c00000 ---p 00000000 00:00 0 
7f6aa7c00000-7f6aa7cfd000 rw-p 00000000 00:00 0 
7f6aa7cfd000-7f6aa7d01000 ---p 00000000 00:00 0 
7f6aa7d01000-7f6aa7dfe000 rw-p 00000000 00:00 0 
7f6aa7dfe000-7f6aa7e02000 ---p 00000000 00:00 0 
7f6aa7e02000-7f6aa7eff000 rw-p 00000000 00:00 0 
7f6aa7eff000-7f6aa7f03000 ---p 00000000 00:00 0 
7f6aa7f03000-7f6aa8000000 rw-p 00000000 00:00 0 
7f6aa8000000-7f6aa8039000 rw-p 00000000 00:00 0 
7f6aa8039000-7f6aac000000 ---p 00000000 00:00 0 
7f6aac000000-7f6aac032000 rw-p 00000000 00:00 0 
7f6aac032000-7f6ab0000000 ---p 00000000 00:00 0 
7f6ab0000000-7f6ab002f000 rw-p 00000000 00:00 0 
7f6ab002f000-7f6ab4000000 ---p 00000000 00:00 0 
7f6ab4000000-7f6ab4b62000 rw-p 00000000 00:00 0 
7f6ab4b62000-7f6ab8000000 ---p 00000000 00:00 0 
7f6ab8000000-7f6ab8036000 rw-p 00000000 00:00 0 
7f6ab8036000-7f6abc000000 ---p 00000000 00:00 0 
7f6abc000000-7f6abc033000 rw-p 00000000 00:00 0 
7f6abc033000-7f6ac0000000 ---p 00000000 00:00 0 
7f6ac0000000-7f6ac0043000 rw-p 00000000 00:00 0 
7f6ac0043000-7f6ac4000000 ---p 00000000 00:00 0 
7f6ac4038000-7f6ac403c000 ---p 00000000 00:00 0 
7f6ac403c000-7f6ac4139000 rw-p 00000000 00:00 0 
7f6ac4139000-7f6ac441e000 r--p 00000000 00:2c 2943                       /usr/lib/locale/locale-archive
7f6ac441e000-7f6ac4422000 ---p 00000000 00:00 0 
7f6ac4422000-7f6ac451f000 rw-p 00000000 00:00 0 
7f6ac451f000-7f6ac4523000 ---p 00000000 00:00 0 
7f6ac4523000-7f6ac66e0000 rw-p 00000000 00:00 0 
7f6ac66e0000-7f6ac676c000 ---p 00000000 00:00 0 
7f6ac676c000-7f6ac677c000 rw-p 00000000 00:00 0 
7f6ac677c000-7f6ac7ff8000 ---p 00000000 00:00 0 
7f6ac7ff8000-7f6ac8000000 rw-p 00000000 00:00 0 
7f6ac8000000-7f6ac8049000 rw-p 00000000 00:00 0 
7f6ac8049000-7f6acc000000 ---p 00000000 00:00 0 
7f6acc00c000-7f6acc010000 ---p 00000000 00:00 0 
7f6acc010000-7f6acc85f000 rw-p 00000000 00:00 0 
7f6acc85f000-7f6accacf000 rwxp 00000000 00:00 0 
7f6accacf000-7f6accdef000 ---p 00000000 00:00 0 
7f6accdef000-7f6ace57f000 rwxp 00000000 00:00 0 
7f6ace57f000-7f6ad4327000 ---p 00000000 00:00 0 
7f6ad4327000-7f6ad4b87000 rwxp 00000000 00:00 0 
7f6ad4b87000-7f6adb85f000 ---p 00000000 00:00 0 
7f6adb85f000-7f6ae4000000 r--s 00000000 00:2c 141023                     /usr/lib/jvm/java-11-openjdk-amd64/lib/modules
7f6ae4000000-7f6ae45d4000 rw-p 00000000 00:00 0 
7f6ae45d4000-7f6ae8000000 ---p 00000000 00:00 0 
7f6ae8003000-7f6ae8004000 r--p 00000000 00:2c 140995                     /usr/lib/jvm/java-11-openjdk-amd64/lib/libextnet.so
7f6ae8004000-7f6ae8005000 r-xp 00001000 00:2c 140995                     /usr/lib/jvm/java-11-openjdk-amd64/lib/libextnet.so
7f6ae8005000-7f6ae8006000 r--p 00002000 00:2c 140995                     /usr/lib/jvm/java-11-openjdk-amd64/lib/libextnet.so
7f6ae8006000-7f6ae8007000 r--p 00002000 00:2c 140995                     /usr/lib/jvm/java-11-openjdk-amd64/lib/libextnet.so
7f6ae8007000-7f6ae8008000 rw-p 00003000 00:2c 140995                     /usr/lib/jvm/java-11-openjdk-amd64/lib/libextnet.so
7f6ae8008000-7f6ae800a000 r--p 00000000 00:2c 141011                     /usr/lib/jvm/java-11-openjdk-amd64/lib/libmanagement_ext.so
7f6ae800a000-7f6ae800d000 r-xp 00002000 00:2c 141011                     /usr/lib/jvm/java-11-openjdk-amd64/lib/libmanagement_ext.so
7f6ae800d000-7f6ae800e000 r--p 00005000 00:2c 141011                     /usr/lib/jvm/java-11-openjdk-amd64/lib/libmanagement_ext.so
7f6ae800e000-7f6ae800f000 ---p 00006000 00:2c 141011                     /usr/lib/jvm/java-11-openjdk-amd64/lib/libmanagement_ext.so
7f6ae800f000-7f6ae8010000 r--p 00006000 00:2c 141011                     /usr/lib/jvm/java-11-openjdk-amd64/lib/libmanagement_ext.so
7f6ae8010000-7f6ae8011000 rw-p 00007000 00:2c 141011                     /usr/lib/jvm/java-11-openjdk-amd64/lib/libmanagement_ext.so
7f6ae8011000-7f6ae8014000 r--p 00000000 00:2c 141009                     /usr/lib/jvm/java-11-openjdk-amd64/lib/libmanagement.so
7f6ae8014000-7f6ae8015000 r-xp 00003000 00:2c 141009                     /usr/lib/jvm/java-11-openjdk-amd64/lib/libmanagement.so
7f6ae8015000-7f6ae8016000 r--p 00004000 00:2c 141009                     /usr/lib/jvm/java-11-openjdk-amd64/lib/libmanagement.so
7f6ae8016000-7f6ae8017000 r--p 00004000 00:2c 141009                     /usr/lib/jvm/java-11-openjdk-amd64/lib/libmanagement.so
7f6ae8017000-7f6ae8018000 rw-p 00005000 00:2c 141009                     /usr/lib/jvm/java-11-openjdk-amd64/lib/libmanagement.so
7f6ae8018000-7f6ae801c000 r--p 00000000 00:2c 141013                     /usr/lib/jvm/java-11-openjdk-amd64/lib/libnet.so
7f6ae801c000-7f6ae802b000 r-xp 00004000 00:2c 141013                     /usr/lib/jvm/java-11-openjdk-amd64/lib/libnet.so
7f6ae802b000-7f6ae802f000 r--p 00013000 00:2c 141013                     /usr/lib/jvm/java-11-openjdk-amd64/lib/libnet.so
7f6ae802f000-7f6ae8030000 r--p 00016000 00:2c 141013                     /usr/lib/jvm/java-11-openjdk-amd64/lib/libnet.so
7f6ae8030000-7f6ae8031000 rw-p 00017000 00:2c 141013                     /usr/lib/jvm/java-11-openjdk-amd64/lib/libnet.so
7f6ae8031000-7f6ae8038000 r--p 00000000 00:2c 141014                     /usr/lib/jvm/java-11-openjdk-amd64/lib/libnio.so
7f6ae8038000-7f6ae803f000 r-xp 00007000 00:2c 141014                     /usr/lib/jvm/java-11-openjdk-amd64/lib/libnio.so
7f6ae803f000-7f6ae8042000 r--p 0000e000 00:2c 141014                     /usr/lib/jvm/java-11-openjdk-amd64/lib/libnio.so
7f6ae8042000-7f6ae8043000 r--p 00010000 00:2c 141014                     /usr/lib/jvm/java-11-openjdk-amd64/lib/libnio.so
7f6ae8043000-7f6ae8044000 rw-p 00011000 00:2c 141014                     /usr/lib/jvm/java-11-openjdk-amd64/lib/libnio.so
7f6ae8044000-7f6ae8045000 ---p 00000000 00:00 0 
7f6ae8045000-7f6ae828c000 rw-p 00000000 00:00 0 
7f6ae828c000-7f6ae828d000 ---p 00000000 00:00 0 
7f6ae828d000-7f6ae838e000 rw-p 00000000 00:00 0 
7f6ae838e000-7f6ae838f000 ---p 00000000 00:00 0 
7f6ae838f000-7f6ae8894000 rw-p 00000000 00:00 0 
7f6ae8894000-7f6ae8895000 ---p 00000000 00:00 0 
7f6ae8895000-7f6ae8996000 rw-p 00000000 00:00 0 
7f6ae8996000-7f6ae8997000 ---p 00000000 00:00 0 
7f6ae8997000-7f6ae8b90000 rw-p 00000000 00:00 0 
7f6ae8b90000-7f6ae8c1c000 ---p 00000000 00:00 0 
7f6ae8c1c000-7f6ae8c2c000 rw-p 00000000 00:00 0 
7f6ae8c2c000-7f6aea4a8000 ---p 00000000 00:00 0 
7f6aea4a8000-7f6aea4c8000 rw-p 00000000 00:00 0 
7f6aea4c8000-7f6aea4d9000 ---p 00000000 00:00 0 
7f6aea4d9000-7f6aea4dc000 rw-p 00000000 00:00 0 
7f6aea4dc000-7f6aea7eb000 ---p 00000000 00:00 0 
7f6aea7eb000-7f6aea804000 rw-p 00000000 00:00 0 
7f6aea804000-7f6aea815000 ---p 00000000 00:00 0 
7f6aea815000-7f6aea818000 rw-p 00000000 00:00 0 
7f6aea818000-7f6aeab27000 ---p 00000000 00:00 0 
7f6aeab27000-7f6aeab40000 rw-p 00000000 00:00 0 
7f6aeab40000-7f6aeab51000 ---p 00000000 00:00 0 
7f6aeab51000-7f6aeab54000 rw-p 00000000 00:00 0 
7f6aeab54000-7f6aeae63000 ---p 00000000 00:00 0 
7f6aeae63000-7f6aeb268000 rw-p 00000000 00:00 0 
7f6aeb268000-7f6aeb269000 ---p 00000000 00:00 0 
7f6aeb269000-7f6aeb37b000 rw-p 00000000 00:00 0 
7f6aeb37b000-7f6aeb455000 ---p 00000000 00:00 0 
7f6aeb455000-7f6aeb485000 rw-p 00000000 00:00 0 
7f6aeb485000-7f6aeb540000 ---p 00000000 00:00 0 
7f6aeb540000-7f6aeb545000 rw-p 00000000 00:00 0 
7f6aeb545000-7f6aeb54c000 ---p 00000000 00:00 0 
7f6aeb54c000-7f6aeb54e000 r--p 00000000 00:2c 141022                     /usr/lib/jvm/java-11-openjdk-amd64/lib/libzip.so
7f6aeb54e000-7f6aeb552000 r-xp 00002000 00:2c 141022                     /usr/lib/jvm/java-11-openjdk-amd64/lib/libzip.so
7f6aeb552000-7f6aeb554000 r--p 00006000 00:2c 141022                     /usr/lib/jvm/java-11-openjdk-amd64/lib/libzip.so
7f6aeb554000-7f6aeb555000 r--p 00007000 00:2c 141022                     /usr/lib/jvm/java-11-openjdk-amd64/lib/libzip.so
7f6aeb555000-7f6aeb556000 rw-p 00008000 00:2c 141022                     /usr/lib/jvm/java-11-openjdk-amd64/lib/libzip.so
7f6aeb556000-7f6aeb559000 r--p 00000000 00:2c 1861                       /lib/x86_64-linux-gnu/libnss_files-2.28.so
7f6aeb559000-7f6aeb560000 r-xp 00003000 00:2c 1861                       /lib/x86_64-linux-gnu/libnss_files-2.28.so
7f6aeb560000-7f6aeb562000 r--p 0000a000 00:2c 1861                       /lib/x86_64-linux-gnu/libnss_files-2.28.so
7f6aeb562000-7f6aeb563000 ---p 0000c000 00:2c 1861                       /lib/x86_64-linux-gnu/libnss_files-2.28.so
7f6aeb563000-7f6aeb564000 r--p 0000c000 00:2c 1861                       /lib/x86_64-linux-gnu/libnss_files-2.28.so
7f6aeb564000-7f6aeb565000 rw-p 0000d000 00:2c 1861                       /lib/x86_64-linux-gnu/libnss_files-2.28.so
7f6aeb565000-7f6aeb56b000 rw-p 00000000 00:00 0 
7f6aeb56b000-7f6aeb56c000 r--s 00008000 00:2c 141485                     /usr/share/java/java-atk-wrapper.jar
7f6aeb56c000-7f6aeb574000 rw-s 00000000 00:2c 238751                     /tmp/hsperfdata_evanwf2001/21378
7f6aeb574000-7f6aeb575000 ---p 00000000 00:00 0 
7f6aeb575000-7f6aeb576000 r--p 00000000 00:00 0 
7f6aeb576000-7f6aeb584000 r--p 00000000 00:2c 141002                     /usr/lib/jvm/java-11-openjdk-amd64/lib/libjava.so
7f6aeb584000-7f6aeb599000 r-xp 0000e000 00:2c 141002                     /usr/lib/jvm/java-11-openjdk-amd64/lib/libjava.so
7f6aeb599000-7f6aeb5a0000 r--p 00023000 00:2c 141002                     /usr/lib/jvm/java-11-openjdk-amd64/lib/libjava.so
7f6aeb5a0000-7f6aeb5a1000 r--p 00029000 00:2c 141002                     /usr/lib/jvm/java-11-openjdk-amd64/lib/libjava.so
7f6aeb5a1000-7f6aeb5a2000 rw-p 0002a000 00:2c 141002                     /usr/lib/jvm/java-11-openjdk-amd64/lib/libjava.so
7f6aeb5a2000-7f6aeb5a3000 rw-p 00000000 00:00 0 
7f6aeb5a3000-7f6aeb5a8000 r--p 00000000 00:2c 141021                     /usr/lib/jvm/java-11-openjdk-amd64/lib/libverify.so
7f6aeb5a8000-7f6aeb5af000 r-xp 00005000 00:2c 141021                     /usr/lib/jvm/java-11-openjdk-amd64/lib/libverify.so
7f6aeb5af000-7f6aeb5b1000 r--p 0000c000 00:2c 141021                     /usr/lib/jvm/java-11-openjdk-amd64/lib/libverify.so
7f6aeb5b1000-7f6aeb5b3000 r--p 0000d000 00:2c 141021                     /usr/lib/jvm/java-11-openjdk-amd64/lib/libverify.so
7f6aeb5b3000-7f6aeb5b4000 rw-p 0000f000 00:2c 141021                     /usr/lib/jvm/java-11-openjdk-amd64/lib/libverify.so
7f6aeb5b4000-7f6aeb5b6000 r--p 00000000 00:2c 1887                       /lib/x86_64-linux-gnu/librt-2.28.so
7f6aeb5b6000-7f6aeb5ba000 r-xp 00002000 00:2c 1887                       /lib/x86_64-linux-gnu/librt-2.28.so
7f6aeb5ba000-7f6aeb5bc000 r--p 00006000 00:2c 1887                       /lib/x86_64-linux-gnu/librt-2.28.so
7f6aeb5bc000-7f6aeb5bd000 r--p 00007000 00:2c 1887                       /lib/x86_64-linux-gnu/librt-2.28.so
7f6aeb5bd000-7f6aeb5be000 rw-p 00008000 00:2c 1887                       /lib/x86_64-linux-gnu/librt-2.28.so
7f6aeb5be000-7f6aeb5c2000 ---p 00000000 00:00 0 
7f6aeb5c2000-7f6aeb6bf000 rw-p 00000000 00:00 0 
7f6aeb6bf000-7f6aeb6c2000 r--p 00000000 00:2c 1827                       /lib/x86_64-linux-gnu/libgcc_s.so.1
7f6aeb6c2000-7f6aeb6d3000 r-xp 00003000 00:2c 1827                       /lib/x86_64-linux-gnu/libgcc_s.so.1
7f6aeb6d3000-7f6aeb6d6000 r--p 00014000 00:2c 1827                       /lib/x86_64-linux-gnu/libgcc_s.so.1
7f6aeb6d6000-7f6aeb6d7000 ---p 00017000 00:2c 1827                       /lib/x86_64-linux-gnu/libgcc_s.so.1
7f6aeb6d7000-7f6aeb6d8000 r--p 00017000 00:2c 1827                       /lib/x86_64-linux-gnu/libgcc_s.so.1
7f6aeb6d8000-7f6aeb6d9000 rw-p 00018000 00:2c 1827                       /lib/x86_64-linux-gnu/libgcc_s.so.1
7f6aeb6d9000-7f6aeb6e6000 r--p 00000000 00:2c 1842                       /lib/x86_64-linux-gnu/libm-2.28.so
7f6aeb6e6000-7f6aeb785000 r-xp 0000d000 00:2c 1842                       /lib/x86_64-linux-gnu/libm-2.28.so
7f6aeb785000-7f6aeb85a000 r--p 000ac000 00:2c 1842                       /lib/x86_64-linux-gnu/libm-2.28.so
7f6aeb85a000-7f6aeb85b000 r--p 00180000 00:2c 1842                       /lib/x86_64-linux-gnu/libm-2.28.so
7f6aeb85b000-7f6aeb85c000 rw-p 00181000 00:2c 1842                       /lib/x86_64-linux-gnu/libm-2.28.so
7f6aeb85c000-7f6aeb8e5000 r--p 00000000 00:2c 5141                       /usr/lib/x86_64-linux-gnu/libstdc++.so.6.0.25
7f6aeb8e5000-7f6aeb991000 r-xp 00089000 00:2c 5141                       /usr/lib/x86_64-linux-gnu/libstdc++.so.6.0.25
7f6aeb991000-7f6aeb9cf000 r--p 00135000 00:2c 5141                       /usr/lib/x86_64-linux-gnu/libstdc++.so.6.0.25
7f6aeb9cf000-7f6aeb9d0000 ---p 00173000 00:2c 5141                       /usr/lib/x86_64-linux-gnu/libstdc++.so.6.0.25
7f6aeb9d0000-7f6aeb9da000 r--p 00173000 00:2c 5141                       /usr/lib/x86_64-linux-gnu/libstdc++.so.6.0.25
7f6aeb9da000-7f6aeb9dc000 rw-p 0017d000 00:2c 5141                       /usr/lib/x86_64-linux-gnu/libstdc++.so.6.0.25
7f6aeb9dc000-7f6aeb9e0000 rw-p 00000000 00:00 0 
7f6aeb9e0000-7f6aebc62000 r--p 00000000 00:2c 141028                     /usr/lib/jvm/java-11-openjdk-amd64/lib/server/libjvm.so
7f6aebc62000-7f6aec88a000 r-xp 00282000 00:2c 141028                     /usr/lib/jvm/java-11-openjdk-amd64/lib/server/libjvm.so
7f6aec88a000-7f6aecae4000 r--p 00eaa000 00:2c 141028                     /usr/lib/jvm/java-11-openjdk-amd64/lib/server/libjvm.so
7f6aecae4000-7f6aecba8000 r--p 01103000 00:2c 141028                     /usr/lib/jvm/java-11-openjdk-amd64/lib/server/libjvm.so
7f6aecba8000-7f6aecbe3000 rw-p 011c7000 00:2c 141028                     /usr/lib/jvm/java-11-openjdk-amd64/lib/server/libjvm.so
7f6aecbe3000-7f6aecc3c000 rw-p 00000000 00:00 0 
7f6aecc3c000-7f6aecc5e000 r--p 00000000 00:2c 1798                       /lib/x86_64-linux-gnu/libc-2.28.so
7f6aecc5e000-7f6aecda6000 r-xp 00022000 00:2c 1798                       /lib/x86_64-linux-gnu/libc-2.28.so
7f6aecda6000-7f6aecdf2000 r--p 0016a000 00:2c 1798                       /lib/x86_64-linux-gnu/libc-2.28.so
7f6aecdf2000-7f6aecdf3000 ---p 001b6000 00:2c 1798                       /lib/x86_64-linux-gnu/libc-2.28.so
7f6aecdf3000-7f6aecdf7000 r--p 001b6000 00:2c 1798                       /lib/x86_64-linux-gnu/libc-2.28.so
7f6aecdf7000-7f6aecdf9000 rw-p 001ba000 00:2c 1798                       /lib/x86_64-linux-gnu/libc-2.28.so
7f6aecdf9000-7f6aecdfd000 rw-p 00000000 00:00 0 
7f6aecdfd000-7f6aecdfe000 r--p 00000000 00:2c 1813                       /lib/x86_64-linux-gnu/libdl-2.28.so
7f6aecdfe000-7f6aecdff000 r-xp 00001000 00:2c 1813                       /lib/x86_64-linux-gnu/libdl-2.28.so
7f6aecdff000-7f6aece00000 r--p 00002000 00:2c 1813                       /lib/x86_64-linux-gnu/libdl-2.28.so
7f6aece00000-7f6aece01000 r--p 00002000 00:2c 1813                       /lib/x86_64-linux-gnu/libdl-2.28.so
7f6aece01000-7f6aece02000 rw-p 00003000 00:2c 1813                       /lib/x86_64-linux-gnu/libdl-2.28.so
7f6aece02000-7f6aece05000 r--p 00000000 00:2c 140987                     /usr/lib/jvm/java-11-openjdk-amd64/lib/jli/libjli.so
7f6aece05000-7f6aece0f000 r-xp 00003000 00:2c 140987                     /usr/lib/jvm/java-11-openjdk-amd64/lib/jli/libjli.so
7f6aece0f000-7f6aece12000 r--p 0000d000 00:2c 140987                     /usr/lib/jvm/java-11-openjdk-amd64/lib/jli/libjli.so
7f6aece12000-7f6aece13000 ---p 00010000 00:2c 140987                     /usr/lib/jvm/java-11-openjdk-amd64/lib/jli/libjli.so
7f6aece13000-7f6aece14000 r--p 00010000 00:2c 140987                     /usr/lib/jvm/java-11-openjdk-amd64/lib/jli/libjli.so
7f6aece14000-7f6aece15000 rw-p 00011000 00:2c 140987                     /usr/lib/jvm/java-11-openjdk-amd64/lib/jli/libjli.so
7f6aece15000-7f6aece1b000 r--p 00000000 00:2c 1881                       /lib/x86_64-linux-gnu/libpthread-2.28.so
7f6aece1b000-7f6aece2a000 r-xp 00006000 00:2c 1881                       /lib/x86_64-linux-gnu/libpthread-2.28.so
7f6aece2a000-7f6aece30000 r--p 00015000 00:2c 1881                       /lib/x86_64-linux-gnu/libpthread-2.28.so
7f6aece30000-7f6aece31000 r--p 0001a000 00:2c 1881                       /lib/x86_64-linux-gnu/libpthread-2.28.so
7f6aece31000-7f6aece32000 rw-p 0001b000 00:2c 1881                       /lib/x86_64-linux-gnu/libpthread-2.28.so
7f6aece32000-7f6aece36000 rw-p 00000000 00:00 0 
7f6aece36000-7f6aece52000 r-xp 00000000 00:2c 1914                       /lib/x86_64-linux-gnu/libz.so.1.2.11
7f6aece52000-7f6aed052000 ---p 0001c000 00:2c 1914                       /lib/x86_64-linux-gnu/libz.so.1.2.11
7f6aed052000-7f6aed053000 r--p 0001c000 00:2c 1914                       /lib/x86_64-linux-gnu/libz.so.1.2.11
7f6aed053000-7f6aed054000 rw-p 0001d000 00:2c 1914                       /lib/x86_64-linux-gnu/libz.so.1.2.11
7f6aed054000-7f6aed056000 rw-p 00000000 00:00 0 
7f6aed056000-7f6aed058000 r--p 00000000 00:2c 141005                     /usr/lib/jvm/java-11-openjdk-amd64/lib/libjimage.so
7f6aed058000-7f6aed05b000 r-xp 00002000 00:2c 141005                     /usr/lib/jvm/java-11-openjdk-amd64/lib/libjimage.so
7f6aed05b000-7f6aed05c000 r--p 00005000 00:2c 141005                     /usr/lib/jvm/java-11-openjdk-amd64/lib/libjimage.so
7f6aed05c000-7f6aed05d000 ---p 00006000 00:2c 141005                     /usr/lib/jvm/java-11-openjdk-amd64/lib/libjimage.so
7f6aed05d000-7f6aed05e000 r--p 00006000 00:2c 141005                     /usr/lib/jvm/java-11-openjdk-amd64/lib/libjimage.so
7f6aed05e000-7f6aed05f000 rw-p 00007000 00:2c 141005                     /usr/lib/jvm/java-11-openjdk-amd64/lib/libjimage.so
7f6aed05f000-7f6aed060000 r--p 00000000 00:2c 1780                       /lib/x86_64-linux-gnu/ld-2.28.so
7f6aed060000-7f6aed07e000 r-xp 00001000 00:2c 1780                       /lib/x86_64-linux-gnu/ld-2.28.so
7f6aed07e000-7f6aed086000 r--p 0001f000 00:2c 1780                       /lib/x86_64-linux-gnu/ld-2.28.so
7f6aed086000-7f6aed087000 r--p 00026000 00:2c 1780                       /lib/x86_64-linux-gnu/ld-2.28.so
7f6aed087000-7f6aed088000 rw-p 00027000 00:2c 1780                       /lib/x86_64-linux-gnu/ld-2.28.so
7f6aed088000-7f6aed089000 rw-p 00000000 00:00 0 
7ffd9913c000-7ffd9915d000 rw-p 00000000 00:00 0                          [stack]
7ffd991e2000-7ffd991e5000 r--p 00000000 00:00 0                          [vvar]
7ffd991e5000-7ffd991e6000 r-xp 00000000 00:00 0                          [vdso]
ffffffffff600000-ffffffffff601000 --xp 00000000 00:00 0                  [vsyscall]


VM Arguments:
java_command: nl.han.minor.alliander.rfid.prototype.PrototypeApplication
java_class_path (initial): /home/evanwf2001/Documents/Alliander/prototype/target/classes:/home/evanwf2001/.m2/repository/org/springframework/boot/spring-boot-starter-thymeleaf/2.5.6/spring-boot-starter-thymeleaf-2.5.6.jar:/home/evanwf2001/.m2/repository/org/springframework/boot/spring-boot-starter/2.5.6/spring-boot-starter-2.5.6.jar:/home/evanwf2001/.m2/repository/org/springframework/boot/spring-boot-starter-logging/2.5.6/spring-boot-starter-logging-2.5.6.jar:/home/evanwf2001/.m2/repository/ch/qos/logback/logback-classic/1.2.6/logback-classic-1.2.6.jar:/home/evanwf2001/.m2/repository/ch/qos/logback/logback-core/1.2.6/logback-core-1.2.6.jar:/home/evanwf2001/.m2/repository/org/apache/logging/log4j/log4j-to-slf4j/2.14.1/log4j-to-slf4j-2.14.1.jar:/home/evanwf2001/.m2/repository/org/apache/logging/log4j/log4j-api/2.14.1/log4j-api-2.14.1.jar:/home/evanwf2001/.m2/repository/org/slf4j/jul-to-slf4j/1.7.32/jul-to-slf4j-1.7.32.jar:/home/evanwf2001/.m2/repository/jakarta/annotation/jakarta.annotation-api/1.3.5/jakarta.annotation-api-1.3.5.jar:/home/evanwf2001/.m2/repository/org/yaml/snakeyaml/1.28/snakeyaml-1.28.jar:/home/evanwf2001/.m2/repository/org/thymeleaf/thymeleaf-spring5/3.0.12.RELEASE/thymeleaf-spring5-3.0.12.RELEASE.jar:/home/evanwf2001/.m2/repository/org/thymeleaf/thymeleaf/3.0.12.RELEASE/thymeleaf-3.0.12.RELEASE.jar:/home/evanwf2001/.m2/repository/org/attoparser/attoparser/2.0.5.RELEASE/attoparser-2.0.5.RELEASE.jar:/home/evanwf2001/.m2/repository/org/unbescape/unbescape/1.1.6.RELEASE/unbescape-1.1.6.RELEASE.jar:/home/evanwf2001/.m2/repository/org/slf4j/slf4j-api/1.7.32/slf4j-api-1.7.32.jar:/home/evanwf2001/.m2/repository/org/thymeleaf/extras/thymeleaf-extras-java8time/3.0.4.RELEASE/thymeleaf-extras-java8time-3.0.4.RELEASE.jar:/home/evanwf2001/.m2/repository/org/springframework/boot/spring-boot-starter-web/2.5.6/spring-boot-starter-web-2.5.6.jar:/home/evanwf2001/.m2/repository/org/springframework/boot/spring-boot-starter-json/2.5.6/spring-boot-starter-json-2.5.6.ja
Launcher Type: SUN_STANDARD

[Global flags]
     intx CICompilerCount                          = 3                                         {product} {ergonomic}
     uint ConcGCThreads                            = 1                                         {product} {ergonomic}
     uint G1ConcRefinementThreads                  = 4                                         {product} {ergonomic}
   size_t G1HeapRegionSize                         = 1048576                                   {product} {ergonomic}
    uintx GCDrainStackTargetSize                   = 64                                        {product} {ergonomic}
   size_t InitialHeapSize                          = 109051904                                 {product} {ergonomic}
   size_t MarkStackSize                            = 4194304                                   {product} {ergonomic}
   size_t MaxHeapSize                              = 1736441856                                {product} {ergonomic}
   size_t MaxNewSize                               = 1041235968                                {product} {ergonomic}
   size_t MinHeapDeltaBytes                        = 1048576                                   {product} {ergonomic}
    uintx NonNMethodCodeHeapSize                   = 5830732                                {pd product} {ergonomic}
    uintx NonProfiledCodeHeapSize                  = 122913754                              {pd product} {ergonomic}
    uintx ProfiledCodeHeapSize                     = 122913754                              {pd product} {ergonomic}
    uintx ReservedCodeCacheSize                    = 251658240                              {pd product} {ergonomic}
     bool SegmentedCodeCache                       = true                                      {product} {ergonomic}
     bool UseCompressedClassPointers               = true                                 {lp64_product} {ergonomic}
     bool UseCompressedOops                        = true                                 {lp64_product} {ergonomic}
     bool UseG1GC                                  = true                                      {product} {ergonomic}

Logging:
Log output configuration:
 #0: stdout all=warning uptime,level,tags
 #1: stderr all=off uptime,level,tags

Environment Variables:
PATH=/usr/local/bin:/usr/bin:/bin:/usr/local/games:/usr/games
SHELL=/bin/bash
DISPLAY=:0
LANG=en_US.UTF-8

Signal Handlers:
SIGSEGV: [libjvm.so+0xe36750], sa_mask[0]=11111111011111111101111111111110, sa_flags=SA_RESTART|SA_SIGINFO
SIGBUS: [libjvm.so+0xe36750], sa_mask[0]=11111111011111111101111111111110, sa_flags=SA_RESTART|SA_SIGINFO
SIGFPE: [libjvm.so+0xe36750], sa_mask[0]=11111111011111111101111111111110, sa_flags=SA_RESTART|SA_SIGINFO
SIGPIPE: [libjvm.so+0xb89470], sa_mask[0]=11111111011111111101111111111110, sa_flags=SA_RESTART|SA_SIGINFO
SIGXFSZ: [libjvm.so+0xb89470], sa_mask[0]=11111111011111111101111111111110, sa_flags=SA_RESTART|SA_SIGINFO
SIGILL: [libjvm.so+0xe36750], sa_mask[0]=11111111011111111101111111111110, sa_flags=SA_RESTART|SA_SIGINFO
SIGUSR2: [libjvm.so+0xb89300], sa_mask[0]=00000000000000000000000000000000, sa_flags=SA_RESTART|SA_SIGINFO
SIGHUP: [libjvm.so+0xb897b0], sa_mask[0]=11111111011111111101111111111110, sa_flags=SA_RESTART|SA_SIGINFO
SIGINT: [libjvm.so+0xb897b0], sa_mask[0]=11111111011111111101111111111110, sa_flags=SA_RESTART|SA_SIGINFO
SIGTERM: [libjvm.so+0xb897b0], sa_mask[0]=11111111011111111101111111111110, sa_flags=SA_RESTART|SA_SIGINFO
SIGQUIT: [libjvm.so+0xb897b0], sa_mask[0]=11111111011111111101111111111110, sa_flags=SA_RESTART|SA_SIGINFO


---------------  S Y S T E M  ---------------

OS:PRETTY_NAME="Debian GNU/Linux 10 (buster)"
NAME="Debian GNU/Linux"
VERSION_ID="10"
VERSION="10 (buster)"
VERSION_CODENAME=buster
ID=debian
HOME_URL="https://www.debian.org/"
SUPPORT_URL="https://www.debian.org/support"
BUG_REPORT_URL="https://bugs.debian.org/"
uname:Linux 5.4.157-17178-ge2a77dd180f6 #1 SMP PREEMPT Sun Dec 12 19:18:37 PST 2021 x86_64
OS uptime: 5 days 6:39 hours
libc:glibc 2.28 NPTL 2.28 
rlimit (soft/hard): STACK 8192k/infinity , CORE 0k/infinity , NPROC 26465/26465 , NOFILE 1048576/1048576 , AS infinity/infinity , CPU infinity/infinity , DATA infinity/infinity , FSIZE infinity/infinity , MEMLOCK infinity/infinity
load average:1.11 1.05 1.11

/proc/meminfo:
MemTotal:        6780104 kB
MemFree:         6747752 kB
MemAvailable:    6772104 kB
Buffers:               0 kB
Cached:            24352 kB
SwapCached:            0 kB
Active:            19504 kB
Inactive:           7864 kB
Active(anon):       3036 kB
Inactive(anon):        0 kB
Active(file):      16468 kB
Inactive(file):     7864 kB
Unevictable:           0 kB
Mlocked:              32 kB
SwapTotal:             0 kB
SwapFree:              0 kB
Dirty:               352 kB
Writeback:             0 kB
AnonPages:       1892528 kB
Mapped:           372760 kB
Shmem:                 0 kB
KReclaimable:      63436 kB
Slab:               0 kB
SReclaimable:          0 kB
SUnreclaim:            0 kB
KernelStack:        6896 kB
PageTables:        16064 kB
NFS_Unstable:          0 kB
Bounce:                0 kB
WritebackTmp:          0 kB
CommitLimit:     3390052 kB
Committed_AS:    5145212 kB
VmallocTotal:   34359738367 kB
VmallocUsed:        7396 kB
VmallocChunk:          0 kB
Percpu:             1792 kB
AnonHugePages:         0 kB
ShmemHugePages:        0 kB
ShmemPmdMapped:        0 kB
FileHugePages:         0 kB
FilePmdMapped:         0 kB
HugePages_Total:       0
HugePages_Free:        0
HugePages_Rsvd:        0
HugePages_Surp:        0
Hugepagesize:       2048 kB
Hugetlb:               0 kB
DirectMap4k:      233472 kB
DirectMap2M:     6150144 kB
DirectMap1G:     2097152 kB

/sys/kernel/mm/transparent_hugepage/enabled:
always [madvise] never
/sys/kernel/mm/transparent_hugepage/defrag (defrag/compaction efforts parameter):
always defer defer+madvise [madvise] never

Process Memory:
Virtual Size: 5398024K (peak: 13115840K)
Resident Set Size: 302256K (peak: 304888K) (anon: 273432K, file: 28824K, shmem: 0K)
Swapped out: 0K
C-Heap outstanding allocations: 25201K

/proc/sys/kernel/threads-max (system-wide limit on the number of threads):
52930
/proc/sys/vm/max_map_count (maximum number of memory map areas a process may have):
262144
/proc/sys/kernel/pid_max (system-wide limit on number of process identifiers):
32768

container (cgroup) information:
container_type: cgroupv1
cpu_cpuset_cpus: 0-3
cpu_memory_nodes: 0
active_processor_count: 4
cpu_quota: -1
cpu_period: 100000
cpu_shares: -1
memory_limit_in_bytes: -1
memory_and_swap_limit_in_bytes: -2
memory_soft_limit_in_bytes: -1
memory_usage_in_bytes: 3012579328
memory_max_usage_in_bytes: 3868254208

KVM virtualization detected
Steal ticks since vm start: 12544
Steal ticks percentage since vm start:  0.037

CPU:total 4 (initial active 4) (4 cores per cpu, 1 threads per core) family 6 model 92 stepping 9 microcode 0x1, cmov, cx8, fxsr, mmx, sse, sse2, sse3, ssse3, sse4.1, sse4.2, popcnt, aes, clmul, erms, 3dnowpref, tsc, tscinvbit
CPU Model and flags from /proc/cpuinfo:
model name	: 06/5c
flags		: fpu vme de pse tsc msr pae mce cx8 apic sep mtrr pge mca cmov pat pse36 clflush mmx fxsr sse sse2 ss ht syscall nx pdpe1gb rdtscp lm constant_tsc arch_perfmon rep_good nopl xtopology nonstop_tsc cpuid tsc_known_freq pni pclmulqdq ssse3 cx16 sse4_1 sse4_2 x2apic movbe popcnt tsc_deadline_timer aes xsave rdrand hypervisor lahf_lm 3dnowprefetch ibrs ibpb stibp fsgsbase tsc_adjust smep erms mpx rdseed smap clflushopt xsaveopt xsavec xgetbv1 arat md_clear arch_capabilities
Online cpus:
0-3
Offline cpus:

BIOS frequency limitation:
<Not Available>
Frequency switch latency (ns):
<Not Available>
Available cpu frequencies:
<Not Available>
Current governor:
<Not Available>
Core performance/turbo boost:
<Not Available>

Memory: 4k page, physical 6780104k(1447304k free), swap 0k(0k free)

vm_info: OpenJDK 64-Bit Server VM (11.0.12+7-post-Debian-2deb10u1) for linux-amd64 JRE (11.0.12+7-post-Debian-2deb10u1), built on Jul 22 2021 17:25:10 by "unknown" with gcc 8.3.0

END.
