#
# A fatal error has been detected by the Java Runtime Environment:
#
#  EXCEPTION_ACCESS_VIOLATION (0xc0000005) at pc=0x0000000070c2ee81, pid=1996, tid=9644
#
# JRE version: OpenJDK Runtime Environment (15.0.1+9) (build 15.0.1+9-18)
# Java VM: OpenJDK 64-Bit Server VM (15.0.1+9-18, mixed mode, sharing, tiered, compressed oops, g1 gc, windows-amd64)
# Problematic frame:
# C  [sqlite-3.36.0.3-788a1419-9b22-455b-931d-99073f0d220f-sqlitejdbc.dll+0x6ee81]
#
# No core dump will be written. Minidumps are not enabled by default on client versions of Windows
#
# If you would like to submit a bug report, please visit:
#   https://bugreport.java.com/bugreport/crash.jsp
# The crash happened outside the Java Virtual Machine in native code.
# See problematic frame for where to report the bug.
#

---------------  S U M M A R Y ------------

Command Line: -XX:+ShowCodeDetailsInExceptionMessages nl.han.minor.alliander.rfid.prototype.PrototypeApplication

Host: Intel(R) Core(TM) i5-8400 CPU @ 2.80GHz, 6 cores, 15G,  Windows 10 , 64 bit Build 19041 (10.0.19041.292)
Time: Wed Dec 15 16:53:09 2021 W. Europe Standard Time elapsed time: 2.416490 seconds (0d 0h 0m 2s)

---------------  T H R E A D  ---------------

Current thread (0x00000225ea2a8f40):  JavaThread "http-nio-8080-exec-3" daemon [_thread_in_native, id=9644, stack(0x0000005a6dd00000,0x0000005a6de00000)]

Stack: [0x0000005a6dd00000,0x0000005a6de00000],  sp=0x0000005a6ddfcc30,  free space=1011k
Native frames: (J=compiled Java code, j=interpreted, Vv=VM code, C=native code)
C  [sqlite-3.36.0.3-788a1419-9b22-455b-931d-99073f0d220f-sqlitejdbc.dll+0x6ee81]

Java frames: (J=compiled Java code, j=interpreted, Vv=VM code)
j  org.sqlite.core.NativeDB.step(J)I+0
j  org.sqlite.jdbc3.JDBC3ResultSet.next()Z+64
j  nl.han.minor.alliander.rfid.prototype.persistence.SQLiteDB.getAllMSRs()Ljava/util/List;+123
j  nl.han.minor.alliander.rfid.prototype.service.MainService.getAllMSRs()Ljava/util/List;+3
j  nl.han.minor.alliander.rfid.prototype.controller.IndexController.getAllMSR(Lorg/springframework/ui/Model;)Ljava/lang/String;+7
v  ~StubRoutines::call_stub
J 2448  jdk.internal.reflect.NativeMethodAccessorImpl.invoke0(Ljava/lang/reflect/Method;Ljava/lang/Object;[Ljava/lang/Object;)Ljava/lang/Object; java.base@15.0.1 (0 bytes) @ 0x00000225d4d96fcf [0x00000225d4d96f40+0x000000000000008f]
J 2447 c1 jdk.internal.reflect.NativeMethodAccessorImpl.invoke(Ljava/lang/Object;[Ljava/lang/Object;)Ljava/lang/Object; java.base@15.0.1 (117 bytes) @ 0x00000225cdc17ed4 [0x00000225cdc17320+0x0000000000000bb4]
J 2110 c1 jdk.internal.reflect.DelegatingMethodAccessorImpl.invoke(Ljava/lang/Object;[Ljava/lang/Object;)Ljava/lang/Object; java.base@15.0.1 (10 bytes) @ 0x00000225cdb3a2cc [0x00000225cdb3a1c0+0x000000000000010c]
J 2218 c1 java.lang.reflect.Method.invoke(Ljava/lang/Object;[Ljava/lang/Object;)Ljava/lang/Object; java.base@15.0.1 (65 bytes) @ 0x00000225cdb792cc [0x00000225cdb78f80+0x000000000000034c]
j  org.springframework.web.method.support.InvocableHandlerMethod.doInvoke([Ljava/lang/Object;)Ljava/lang/Object;+28
j  org.springframework.web.method.support.InvocableHandlerMethod.invokeForRequest(Lorg/springframework/web/context/request/NativeWebRequest;Lorg/springframework/web/method/support/ModelAndViewContainer;[Ljava/lang/Object;)Ljava/lang/Object;+54
j  org.springframework.web.servlet.mvc.method.annotation.ServletInvocableHandlerMethod.invokeAndHandle(Lorg/springframework/web/context/request/ServletWebRequest;Lorg/springframework/web/method/support/ModelAndViewContainer;[Ljava/lang/Object;)V+4
j  org.springframework.web.servlet.mvc.method.annotation.RequestMappingHandlerAdapter.invokeHandlerMethod(Ljavax/servlet/http/HttpServletRequest;Ljavax/servlet/http/HttpServletResponse;Lorg/springframework/web/method/HandlerMethod;)Lorg/springframework/web/servlet/ModelAndView;+244
j  org.springframework.web.servlet.mvc.method.annotation.RequestMappingHandlerAdapter.handleInternal(Ljavax/servlet/http/HttpServletRequest;Ljavax/servlet/http/HttpServletResponse;Lorg/springframework/web/method/HandlerMethod;)Lorg/springframework/web/servlet/ModelAndView;+81
j  org.springframework.web.servlet.mvc.method.AbstractHandlerMethodAdapter.handle(Ljavax/servlet/http/HttpServletRequest;Ljavax/servlet/http/HttpServletResponse;Ljava/lang/Object;)Lorg/springframework/web/servlet/ModelAndView;+7
j  org.springframework.web.servlet.DispatcherServlet.doDispatch(Ljavax/servlet/http/HttpServletRequest;Ljavax/servlet/http/HttpServletResponse;)V+259
j  org.springframework.web.servlet.DispatcherServlet.doService(Ljavax/servlet/http/HttpServletRequest;Ljavax/servlet/http/HttpServletResponse;)V+241
j  org.springframework.web.servlet.FrameworkServlet.processRequest(Ljavax/servlet/http/HttpServletRequest;Ljavax/servlet/http/HttpServletResponse;)V+71
j  org.springframework.web.servlet.FrameworkServlet.doGet(Ljavax/servlet/http/HttpServletRequest;Ljavax/servlet/http/HttpServletResponse;)V+3
j  javax.servlet.http.HttpServlet.service(Ljavax/servlet/http/HttpServletRequest;Ljavax/servlet/http/HttpServletResponse;)V+35
j  org.springframework.web.servlet.FrameworkServlet.service(Ljavax/servlet/http/HttpServletRequest;Ljavax/servlet/http/HttpServletResponse;)V+33
j  javax.servlet.http.HttpServlet.service(Ljavax/servlet/ServletRequest;Ljavax/servlet/ServletResponse;)V+36
j  org.apache.catalina.core.ApplicationFilterChain.internalDoFilter(Ljavax/servlet/ServletRequest;Ljavax/servlet/ServletResponse;)V+304
j  org.apache.catalina.core.ApplicationFilterChain.doFilter(Ljavax/servlet/ServletRequest;Ljavax/servlet/ServletResponse;)V+99
j  org.apache.tomcat.websocket.server.WsFilter.doFilter(Ljavax/servlet/ServletRequest;Ljavax/servlet/ServletResponse;Ljavax/servlet/FilterChain;)V+21
j  org.apache.catalina.core.ApplicationFilterChain.internalDoFilter(Ljavax/servlet/ServletRequest;Ljavax/servlet/ServletResponse;)V+135
j  org.apache.catalina.core.ApplicationFilterChain.doFilter(Ljavax/servlet/ServletRequest;Ljavax/servlet/ServletResponse;)V+99
j  org.springframework.web.filter.RequestContextFilter.doFilterInternal(Ljavax/servlet/http/HttpServletRequest;Ljavax/servlet/http/HttpServletResponse;Ljavax/servlet/FilterChain;)V+21
j  org.springframework.web.filter.OncePerRequestFilter.doFilter(Ljavax/servlet/ServletRequest;Ljavax/servlet/ServletResponse;Ljavax/servlet/FilterChain;)V+147
j  org.apache.catalina.core.ApplicationFilterChain.internalDoFilter(Ljavax/servlet/ServletRequest;Ljavax/servlet/ServletResponse;)V+135
j  org.apache.catalina.core.ApplicationFilterChain.doFilter(Ljavax/servlet/ServletRequest;Ljavax/servlet/ServletResponse;)V+99
j  org.springframework.web.filter.FormContentFilter.doFilterInternal(Ljavax/servlet/http/HttpServletRequest;Ljavax/servlet/http/HttpServletResponse;Ljavax/servlet/FilterChain;)V+38
j  org.springframework.web.filter.OncePerRequestFilter.doFilter(Ljavax/servlet/ServletRequest;Ljavax/servlet/ServletResponse;Ljavax/servlet/FilterChain;)V+147
j  org.apache.catalina.core.ApplicationFilterChain.internalDoFilter(Ljavax/servlet/ServletRequest;Ljavax/servlet/ServletResponse;)V+135
j  org.apache.catalina.core.ApplicationFilterChain.doFilter(Ljavax/servlet/ServletRequest;Ljavax/servlet/ServletResponse;)V+99
j  org.springframework.web.filter.CharacterEncodingFilter.doFilterInternal(Ljavax/servlet/http/HttpServletRequest;Ljavax/servlet/http/HttpServletResponse;Ljavax/servlet/FilterChain;)V+53
j  org.springframework.web.filter.OncePerRequestFilter.doFilter(Ljavax/servlet/ServletRequest;Ljavax/servlet/ServletResponse;Ljavax/servlet/FilterChain;)V+147
j  org.apache.catalina.core.ApplicationFilterChain.internalDoFilter(Ljavax/servlet/ServletRequest;Ljavax/servlet/ServletResponse;)V+135
j  org.apache.catalina.core.ApplicationFilterChain.doFilter(Ljavax/servlet/ServletRequest;Ljavax/servlet/ServletResponse;)V+99
j  org.apache.catalina.core.StandardWrapperValve.invoke(Lorg/apache/catalina/connector/Request;Lorg/apache/catalina/connector/Response;)V+694
j  org.apache.catalina.core.StandardContextValve.invoke(Lorg/apache/catalina/connector/Request;Lorg/apache/catalina/connector/Response;)V+169
j  org.apache.catalina.authenticator.AuthenticatorBase.invoke(Lorg/apache/catalina/connector/Request;Lorg/apache/catalina/connector/Response;)V+260
j  org.apache.catalina.core.StandardHostValve.invoke(Lorg/apache/catalina/connector/Request;Lorg/apache/catalina/connector/Response;)V+128
j  org.apache.catalina.valves.ErrorReportValve.invoke(Lorg/apache/catalina/connector/Request;Lorg/apache/catalina/connector/Response;)V+6
j  org.apache.catalina.core.StandardEngineValve.invoke(Lorg/apache/catalina/connector/Request;Lorg/apache/catalina/connector/Response;)V+59
j  org.apache.catalina.connector.CoyoteAdapter.service(Lorg/apache/coyote/Request;Lorg/apache/coyote/Response;)V+199
j  org.apache.coyote.http11.Http11Processor.service(Lorg/apache/tomcat/util/net/SocketWrapperBase;)Lorg/apache/tomcat/util/net/AbstractEndpoint$Handler$SocketState;+737
j  org.apache.coyote.AbstractProcessorLight.process(Lorg/apache/tomcat/util/net/SocketWrapperBase;Lorg/apache/tomcat/util/net/SocketEvent;)Lorg/apache/tomcat/util/net/AbstractEndpoint$Handler$SocketState;+170
j  org.apache.coyote.AbstractProtocol$ConnectionHandler.process(Lorg/apache/tomcat/util/net/SocketWrapperBase;Lorg/apache/tomcat/util/net/SocketEvent;)Lorg/apache/tomcat/util/net/AbstractEndpoint$Handler$SocketState;+505
j  org.apache.tomcat.util.net.NioEndpoint$SocketProcessor.doRun()V+216
j  org.apache.tomcat.util.net.SocketProcessorBase.run()V+21
j  org.apache.tomcat.util.threads.ThreadPoolExecutor.runWorker(Lorg/apache/tomcat/util/threads/ThreadPoolExecutor$Worker;)V+92
j  org.apache.tomcat.util.threads.ThreadPoolExecutor$Worker.run()V+5
j  org.apache.tomcat.util.threads.TaskThread$WrappingRunnable.run()V+4
j  java.lang.Thread.run()V+11 java.base@15.0.1
v  ~StubRoutines::call_stub

siginfo: EXCEPTION_ACCESS_VIOLATION (0xc0000005), reading address 0x00000225ec45a918


Register to memory mapping:

RIP=0x0000000070c2ee81 sqlite-3.36.0.3-788a1419-9b22-455b-931d-99073f0d220f-sqlitejdbc.dll
RAX=0x0000000070bc29c2 sqlite-3.36.0.3-788a1419-9b22-455b-931d-99073f0d220f-sqlitejdbc.dll
RBX=0x00000225ec45a918 is an unknown value
RCX=0x00000225ec45a918 is an unknown value
RDX=0x0000000070c6ed7f sqlite-3.36.0.3-788a1419-9b22-455b-931d-99073f0d220f-sqlitejdbc.dll
RSP=0x0000005a6ddfcc30 is pointing into the stack for thread: 0x00000225ea2a8f40
RBP=0x0000005a6ddfcdc0 is pointing into the stack for thread: 0x00000225ea2a8f40
RSI=0x0 is NULL
RDI=0x0000000709847e70 is pointing into object: [Ljava.lang.Object; 
{0x0000000709847e60} - klass: 'java/lang/Object'[]
 - length: 10
R8 =0x00000225ec45a918 is an unknown value
R9 =0x0 is NULL
R10=0x00000225cd1dfcfd is at code_begin+1277 in an Interpreter codelet
method entry point (kind = native_synchronized)  [0x00000225cd1df800, 0x00000225cd1e03a0]  2976 bytes
R11=0x0000000000000121 is an unknown value
R12=0x0 is NULL
R13={method} {0x00000225ee04f140} 'step' '(J)I' in 'org/sqlite/core/NativeDB'
R14=0x0000005a6ddfcdf0 is pointing into the stack for thread: 0x00000225ea2a8f40
R15=0x00000225ea2a8f40 is a thread


Registers:
RAX=0x0000000070bc29c2, RBX=0x00000225ec45a918, RCX=0x00000225ec45a918, RDX=0x0000000070c6ed7f
RSP=0x0000005a6ddfcc30, RBP=0x0000005a6ddfcdc0, RSI=0x0000000000000000, RDI=0x0000000709847e70
R8 =0x00000225ec45a918, R9 =0x0000000000000000, R10=0x00000225cd1dfcfd, R11=0x0000000000000121
R12=0x0000000000000000, R13=0x00000225ee04f138, R14=0x0000005a6ddfcdf0, R15=0x00000225ea2a8f40
RIP=0x0000000070c2ee81, EFLAGS=0x0000000000010206

Top of Stack: (sp=0x0000005a6ddfcc30)
0x0000005a6ddfcc30:   00000225eb77a6b8 00000000000000d8
0x0000005a6ddfcc40:   00000225ebe4e150 756e654700000016
0x0000005a6ddfcc50:   49656e696c65746e 0000000000000000
0x0000005a6ddfcc60:   0000000000000000 00000225ea2a8f00
0x0000005a6ddfcc70:   00000225eb71efd0 00007ff907d5d03b
0x0000005a6ddfcc80:   0000005a6ddfcd18 0000005a6ddfcd18
0x0000005a6ddfcc90:   00001d3aa81c92b9 00000225ea2a8f40
0x0000005a6ddfcca0:   0000005a6ddfcd68 00000225ee04f138
0x0000005a6ddfccb0:   0000000000000000 00000225ea2a8f40
0x0000005a6ddfccc0:   00000225eb6c9142 0000005a6ddfcd68
0x0000005a6ddfccd0:   00000225eb77a610 00007ff907e9e2ae
0x0000005a6ddfcce0:   00000225ee02e600 00000225ee04f138
0x0000005a6ddfccf0:   0000000000000000 0000000709847e70
0x0000005a6ddfcd00:   0000005a6ddfcdc0 0000000000000000
0x0000005a6ddfcd10:   00000225ee04f138 0000005a6ddfcdf0
0x0000005a6ddfcd20:   00000225ea2a8f40 00000225cd1dfd2c 

Instructions: (pc=0x0000000070c2ee81)
0x0000000070c2ed81:   f9 ff ff bd 07 00 00 00 e9 71 fa ff ff 48 63 ce
0x0000000070c2ed91:   e8 7c 68 fa ff 48 85 c0 74 e9 49 8b 55 38 48 89
0x0000000070c2eda1:   50 08 e9 ee f9 ff ff 31 ed e9 6e ff ff ff 48 63
0x0000000070c2edb1:   4b 0c 48 89 f2 48 6b c9 38 48 03 4c 24 38 e8 20
0x0000000070c2edc1:   e7 f9 ff e9 24 93 ff ff 89 fa 48 89 f1 e8 e1 b6
0x0000000070c2edd1:   fd ff e9 48 ed ff ff 48 8b 56 10 4c 89 f9 31 ed
0x0000000070c2ede1:   48 83 c2 10 e8 f2 ab fa ff e9 c9 f9 ff ff 48 85
0x0000000070c2edf1:   f6 bd 06 00 00 00 0f 85 bb f0 ff ff e9 fd f9 ff
0x0000000070c2ee01:   ff 41 c6 45 02 01 e9 f6 bb ff ff 41 c6 45 02 00
0x0000000070c2ee11:   e9 a2 f9 ff ff 48 8b 56 10 4c 89 f9 89 c5 48 83
0x0000000070c2ee21:   c2 10 e8 b4 ab fa ff e9 d2 f9 ff ff 8b 44 24 70
0x0000000070c2ee31:   41 01 87 fc 00 00 00 4c 89 f9 e8 0d fb f9 ff 90
0x0000000070c2ee41:   0f 28 b4 24 c0 01 00 00 89 f0 48 81 c4 d8 01 00
0x0000000070c2ee51:   00 5b 5e 5f 5d 41 5c 41 5d 41 5e 41 5f c3 41 57
0x0000000070c2ee61:   41 56 41 55 41 54 55 57 56 53 48 81 ec b8 00 00
0x0000000070c2ee71:   00 48 8d 15 06 ff 03 00 48 85 c9 48 89 cb 74 0f
0x0000000070c2ee81:   4c 8b 31 4d 85 f6 75 20 48 8d 15 17 ff 03 00 b9
0x0000000070c2ee91:   15 00 00 00 e8 48 62 fb ff b9 b2 4b 01 00 e8 03
0x0000000070c2eea1:   87 fb ff e9 fb 09 00 00 49 8b 4e 18 48 8d ac 24
0x0000000070c2eeb1:   90 00 00 00 e8 5f 51 f9 ff 48 8d 83 b8 00 00 00
0x0000000070c2eec1:   c6 83 c5 00 00 00 00 c7 44 24 74 33 00 00 00 48
0x0000000070c2eed1:   89 44 24 78 81 7b 24 a3 0d f2 2d 74 08 48 89 d9
0x0000000070c2eee1:   e8 d6 8f fe ff 48 8b 33 80 7e 63 00 74 11 c7 43
0x0000000070c2eef1:   38 07 00 00 00 bf 07 00 00 00 e9 81 09 00 00 83
0x0000000070c2ef01:   7b 34 00 0f 89 95 00 00 00 f6 83 c8 00 00 00 03
0x0000000070c2ef11:   74 28 80 bb c4 00 00 00 00 c7 43 38 11 00 00 00
0x0000000070c2ef21:   bf 01 00 00 00 0f 89 43 08 00 00 48 89 d9 e8 8f
0x0000000070c2ef31:   a3 fa ff 89 c7 e9 34 08 00 00 83 be d0 00 00 00
0x0000000070c2ef41:   00 75 0a c7 86 78 01 00 00 00 00 00 00 f6 46 6a
0x0000000070c2ef51:   82 74 20 80 be bd 00 00 00 00 75 17 48 83 bb 08
0x0000000070c2ef61:   01 00 00 00 74 0d 48 8b 54 24 78 48 8b 0e e8 4a
0x0000000070c2ef71:   de f9 ff ff 86 d0 00 00 00 80 bb c8 00 00 00 00 


Stack slot to memory mapping:
stack at sp + 0 slots: 0x00000225eb77a6b8 points into unknown readable memory: 0x880007c1e76769a9 | a9 69 67 e7 c1 07 00 88
stack at sp + 1 slots: 0x00000000000000d8 is an unknown value
stack at sp + 2 slots: 0x00000225ebe4e150 points into unknown readable memory: 0x0000000000000000 | 00 00 00 00 00 00 00 00
stack at sp + 3 slots: 0x756e654700000016 is an unknown value
stack at sp + 4 slots: 0x49656e696c65746e is an unknown value
stack at sp + 5 slots: 0x0 is NULL
stack at sp + 6 slots: 0x0 is NULL
stack at sp + 7 slots: 0x00000225ea2a8f00 points into unknown readable memory: 0x00000225ea125990 | 90 59 12 ea 25 02 00 00


---------------  P R O C E S S  ---------------

Threads class SMR info:
_java_thread_list=0x00000225ebd0e560, length=26, elements={
0x00000225e82d67c0, 0x00000225e82d7390, 0x00000225e8aeead0, 0x00000225e8af14a0,
0x00000225e8af3f60, 0x00000225e8b17070, 0x00000225e8b1bf70, 0x00000225e8b28060,
0x00000225e8c49580, 0x00000225e8c52740, 0x00000225e8d3ec10, 0x00000225e996e6d0,
0x00000225e9970d50, 0x00000225e996f070, 0x00000225e99703b0, 0x00000225e996fee0,
0x00000225e99716f0, 0x00000225e9970880, 0x00000225ea2aac20, 0x00000225ea2aba90,
0x00000225ea2a8a70, 0x00000225ea2a80d0, 0x00000225ea2a8f40, 0x00000225ea2a9410,
0x00000225ea2aa280, 0x00000225eb939c20
}

Java Threads: ( => current thread )
  0x00000225e82d67c0 JavaThread "Reference Handler" daemon [_thread_blocked, id=3904, stack(0x0000005a6c100000,0x0000005a6c200000)]
  0x00000225e82d7390 JavaThread "Finalizer" daemon [_thread_blocked, id=4884, stack(0x0000005a6c200000,0x0000005a6c300000)]
  0x00000225e8aeead0 JavaThread "Signal Dispatcher" daemon [_thread_blocked, id=13036, stack(0x0000005a6c300000,0x0000005a6c400000)]
  0x00000225e8af14a0 JavaThread "Attach Listener" daemon [_thread_blocked, id=8832, stack(0x0000005a6c400000,0x0000005a6c500000)]
  0x00000225e8af3f60 JavaThread "Service Thread" daemon [_thread_blocked, id=9600, stack(0x0000005a6c500000,0x0000005a6c600000)]
  0x00000225e8b17070 JavaThread "C2 CompilerThread0" daemon [_thread_in_vm, id=10212, stack(0x0000005a6c600000,0x0000005a6c700000)]
  0x00000225e8b1bf70 JavaThread "C1 CompilerThread0" daemon [_thread_blocked, id=17768, stack(0x0000005a6c700000,0x0000005a6c800000)]
  0x00000225e8b28060 JavaThread "Sweeper thread" daemon [_thread_blocked, id=13372, stack(0x0000005a6c800000,0x0000005a6c900000)]
  0x00000225e8c49580 JavaThread "Notification Thread" daemon [_thread_blocked, id=5172, stack(0x0000005a6c900000,0x0000005a6ca00000)]
  0x00000225e8c52740 JavaThread "Common-Cleaner" daemon [_thread_blocked, id=15228, stack(0x0000005a6cb00000,0x0000005a6cc00000)]
  0x00000225e8d3ec10 JavaThread "C2 CompilerThread1" daemon [_thread_in_native, id=7228, stack(0x0000005a6cc00000,0x0000005a6cd00000)]
  0x00000225e996e6d0 JavaThread "Catalina-utility-1" [_thread_blocked, id=17304, stack(0x0000005a6d500000,0x0000005a6d600000)]
  0x00000225e9970d50 JavaThread "Catalina-utility-2" [_thread_blocked, id=14092, stack(0x0000005a6d600000,0x0000005a6d700000)]
  0x00000225e996f070 JavaThread "container-0" [_thread_blocked, id=12904, stack(0x0000005a6d700000,0x0000005a6d800000)]
  0x00000225e99703b0 JavaThread "File Watcher" daemon [_thread_blocked, id=8416, stack(0x0000005a6d800000,0x0000005a6d900000)]
  0x00000225e996fee0 JavaThread "Live Reload Server" daemon [_thread_in_native, id=5756, stack(0x0000005a6da00000,0x0000005a6db00000)]
  0x00000225e99716f0 JavaThread "http-nio-8080-Poller" daemon [_thread_in_native, id=16608, stack(0x0000005a6d900000,0x0000005a6da00000)]
  0x00000225e9970880 JavaThread "http-nio-8080-Acceptor" daemon [_thread_in_native, id=17388, stack(0x0000005a6db00000,0x0000005a6dc00000)]
  0x00000225ea2aac20 JavaThread "scheduling-1" [_thread_blocked, id=17644, stack(0x0000005a6dc00000,0x0000005a6dd00000)]
  0x00000225ea2aba90 JavaThread "DestroyJavaVM" [_thread_blocked, id=17908, stack(0x0000005a6ba00000,0x0000005a6bb00000)]
  0x00000225ea2a8a70 JavaThread "http-nio-8080-exec-1" daemon [_thread_blocked, id=1304, stack(0x0000005a6cd00000,0x0000005a6ce00000)]
  0x00000225ea2a80d0 JavaThread "http-nio-8080-exec-2" daemon [_thread_blocked, id=13252, stack(0x0000005a6ce00000,0x0000005a6cf00000)]
=>0x00000225ea2a8f40 JavaThread "http-nio-8080-exec-3" daemon [_thread_in_native, id=9644, stack(0x0000005a6dd00000,0x0000005a6de00000)]
  0x00000225ea2a9410 JavaThread "http-nio-8080-exec-4" daemon [_thread_blocked, id=11792, stack(0x0000005a6de00000,0x0000005a6df00000)]
  0x00000225ea2aa280 JavaThread "http-nio-8080-exec-5" daemon [_thread_blocked, id=11268, stack(0x0000005a6df00000,0x0000005a6e000000)]
  0x00000225eb939c20 JavaThread "http-nio-8080-exec-6" daemon [_thread_in_vm, id=11420, stack(0x0000005a6e000000,0x0000005a6e100000)]

Other Threads:
  0x00000225e82ccb10 VMThread "VM Thread" [stack: 0x0000005a6c000000,0x0000005a6c100000] [id=5656]
  0x00000225e8c4a260 WatcherThread [stack: 0x0000005a6ca00000,0x0000005a6cb00000] [id=15892]
  0x00000225c4ffd520 GCTaskThread "GC Thread#0" [stack: 0x0000005a6bb00000,0x0000005a6bc00000] [id=14908]
  0x00000225e9016350 GCTaskThread "GC Thread#1" [stack: 0x0000005a6cf00000,0x0000005a6d000000] [id=7864]
  0x00000225e9017010 GCTaskThread "GC Thread#2" [stack: 0x0000005a6d000000,0x0000005a6d100000] [id=14428]
  0x00000225e9018990 GCTaskThread "GC Thread#3" [stack: 0x0000005a6d100000,0x0000005a6d200000] [id=14028]
  0x00000225e9015030 GCTaskThread "GC Thread#4" [stack: 0x0000005a6d200000,0x0000005a6d300000] [id=5056]
  0x00000225e9015360 GCTaskThread "GC Thread#5" [stack: 0x0000005a6d300000,0x0000005a6d400000] [id=8884]
  0x00000225c500e5b0 ConcurrentGCThread "G1 Main Marker" [stack: 0x0000005a6bc00000,0x0000005a6bd00000] [id=13696]
  0x00000225c500f940 ConcurrentGCThread "G1 Conc#0" [stack: 0x0000005a6bd00000,0x0000005a6be00000] [id=17692]
  0x00000225e9016680 ConcurrentGCThread "G1 Conc#1" [stack: 0x0000005a6d400000,0x0000005a6d500000] [id=8388]
  0x00000225c507ea60 ConcurrentGCThread "G1 Refine#0" [stack: 0x0000005a6be00000,0x0000005a6bf00000] [id=16192]
  0x00000225e8142b70 ConcurrentGCThread "G1 Young RemSet Sampling" [stack: 0x0000005a6bf00000,0x0000005a6c000000] [id=18280]

Threads with active compile tasks:
C2 CompilerThread0     2484 3731       4       java.lang.StringBuilder::toString (35 bytes)
C2 CompilerThread1     2484 3717 %     4       org.springframework.util.ReflectionUtils::findMethod @ 51 (109 bytes)

VM state: not at safepoint (normal execution)

VM Mutex/Monitor currently owned by a thread: None

Heap address: 0x0000000700c00000, size: 4084 MB, Compressed Oops mode: Zero based, Oop shift amount: 3
CDS archive(s) mapped at: [0x0000000800000000-0x0000000800b50000-0x0000000800b50000), size 11862016, SharedBaseAddress: 0x0000000800000000, ArchiveRelocationMode: 0.
Compressed class space mapped at: 0x0000000800b50000-0x0000000840b50000, size: 1073741824
Narrow klass base: 0x0000000800000000, Narrow klass shift: 3, Narrow klass range: 0x100000000

GC Precious Log:
 CPUs: 6 total, 6 available
 Memory: 16330M
 Large Page Support: Disabled
 NUMA Support: Disabled
 Compressed Oops: Enabled (Zero based)
 Heap Region Size: 2M
 Heap Min Capacity: 8M
 Heap Initial Capacity: 256M
 Heap Max Capacity: 4084M
 Pre-touch: Disabled
 Parallel Workers: 6
 Concurrent Workers: 2
 Concurrent Refinement Workers: 6
 Periodic GC: Disabled

Heap:
 garbage-first heap   total 155648K, used 31881K [0x0000000700c00000, 0x0000000800000000)
  region size 2048K, 12 young (24576K), 2 survivors (4096K)
 Metaspace       used 32058K, capacity 32513K, committed 32688K, reserved 1077248K
  class space    used 3895K, capacity 4093K, committed 4096K, reserved 1048576K

Heap Regions: E=young(eden), S=young(survivor), O=old, HS=humongous(starts), HC=humongous(continues), CS=collection set, F=free, OA=open archive, CA=closed archive, TAMS=top-at-mark-start (previous, next)
|   0|0x0000000700c00000, 0x0000000700e00000, 0x0000000700e00000|100%| O|  |TAMS 0x0000000700e00000, 0x0000000700c00000| Untracked 
|   1|0x0000000700e00000, 0x0000000701000000, 0x0000000701000000|100%| O|  |TAMS 0x0000000701000000, 0x0000000700e00000| Untracked 
|   2|0x0000000701000000, 0x0000000701005a00, 0x0000000701200000|  1%| O|  |TAMS 0x0000000701005a00, 0x0000000701000000| Untracked 
|   3|0x0000000701200000, 0x0000000701400000, 0x0000000701400000|100%| O|  |TAMS 0x0000000701200000, 0x0000000701200000| Untracked 
|   4|0x0000000701400000, 0x0000000701600000, 0x0000000701600000|100%| O|  |TAMS 0x0000000701400000, 0x0000000701400000| Untracked 
|   5|0x0000000701600000, 0x000000070171ca00, 0x0000000701800000| 55%| O|  |TAMS 0x0000000701600000, 0x0000000701600000| Untracked 
|   6|0x0000000701800000, 0x0000000701800000, 0x0000000701a00000|  0%| F|  |TAMS 0x0000000701800000, 0x0000000701800000| Untracked 
|   7|0x0000000701a00000, 0x0000000701a00000, 0x0000000701c00000|  0%| F|  |TAMS 0x0000000701a00000, 0x0000000701a00000| Untracked 
|   8|0x0000000701c00000, 0x0000000701c00000, 0x0000000701e00000|  0%| F|  |TAMS 0x0000000701c00000, 0x0000000701c00000| Untracked 
|   9|0x0000000701e00000, 0x0000000701e00000, 0x0000000702000000|  0%| F|  |TAMS 0x0000000701e00000, 0x0000000701e00000| Untracked 
|  10|0x0000000702000000, 0x0000000702000000, 0x0000000702200000|  0%| F|  |TAMS 0x0000000702000000, 0x0000000702000000| Untracked 
|  11|0x0000000702200000, 0x0000000702200000, 0x0000000702400000|  0%| F|  |TAMS 0x0000000702200000, 0x0000000702200000| Untracked 
|  12|0x0000000702400000, 0x0000000702600000, 0x0000000702600000|100%| S|CS|TAMS 0x0000000702400000, 0x0000000702400000| Complete 
|  13|0x0000000702600000, 0x0000000702800000, 0x0000000702800000|100%| S|CS|TAMS 0x0000000702600000, 0x0000000702600000| Complete 
|  14|0x0000000702800000, 0x0000000702800000, 0x0000000702a00000|  0%| F|  |TAMS 0x0000000702800000, 0x0000000702800000| Untracked 
|  15|0x0000000702a00000, 0x0000000702a00000, 0x0000000702c00000|  0%| F|  |TAMS 0x0000000702a00000, 0x0000000702a00000| Untracked 
|  16|0x0000000702c00000, 0x0000000702c00000, 0x0000000702e00000|  0%| F|  |TAMS 0x0000000702c00000, 0x0000000702c00000| Untracked 
|  17|0x0000000702e00000, 0x0000000702e00000, 0x0000000703000000|  0%| F|  |TAMS 0x0000000702e00000, 0x0000000702e00000| Untracked 
|  18|0x0000000703000000, 0x0000000703000000, 0x0000000703200000|  0%| F|  |TAMS 0x0000000703000000, 0x0000000703000000| Untracked 
|  19|0x0000000703200000, 0x0000000703200000, 0x0000000703400000|  0%| F|  |TAMS 0x0000000703200000, 0x0000000703200000| Untracked 
|  20|0x0000000703400000, 0x0000000703400000, 0x0000000703600000|  0%| F|  |TAMS 0x0000000703400000, 0x0000000703400000| Untracked 
|  21|0x0000000703600000, 0x0000000703600000, 0x0000000703800000|  0%| F|  |TAMS 0x0000000703600000, 0x0000000703600000| Untracked 
|  22|0x0000000703800000, 0x0000000703800000, 0x0000000703a00000|  0%| F|  |TAMS 0x0000000703800000, 0x0000000703800000| Untracked 
|  23|0x0000000703a00000, 0x0000000703a00000, 0x0000000703c00000|  0%| F|  |TAMS 0x0000000703a00000, 0x0000000703a00000| Untracked 
|  24|0x0000000703c00000, 0x0000000703c00000, 0x0000000703e00000|  0%| F|  |TAMS 0x0000000703c00000, 0x0000000703c00000| Untracked 
|  25|0x0000000703e00000, 0x0000000703e00000, 0x0000000704000000|  0%| F|  |TAMS 0x0000000703e00000, 0x0000000703e00000| Untracked 
|  26|0x0000000704000000, 0x0000000704000000, 0x0000000704200000|  0%| F|  |TAMS 0x0000000704000000, 0x0000000704000000| Untracked 
|  27|0x0000000704200000, 0x0000000704200000, 0x0000000704400000|  0%| F|  |TAMS 0x0000000704200000, 0x0000000704200000| Untracked 
|  28|0x0000000704400000, 0x0000000704400000, 0x0000000704600000|  0%| F|  |TAMS 0x0000000704400000, 0x0000000704400000| Untracked 
|  29|0x0000000704600000, 0x0000000704600000, 0x0000000704800000|  0%| F|  |TAMS 0x0000000704600000, 0x0000000704600000| Untracked 
|  30|0x0000000704800000, 0x0000000704800000, 0x0000000704a00000|  0%| F|  |TAMS 0x0000000704800000, 0x0000000704800000| Untracked 
|  31|0x0000000704a00000, 0x0000000704a00000, 0x0000000704c00000|  0%| F|  |TAMS 0x0000000704a00000, 0x0000000704a00000| Untracked 
|  32|0x0000000704c00000, 0x0000000704c00000, 0x0000000704e00000|  0%| F|  |TAMS 0x0000000704c00000, 0x0000000704c00000| Untracked 
|  33|0x0000000704e00000, 0x0000000704e00000, 0x0000000705000000|  0%| F|  |TAMS 0x0000000704e00000, 0x0000000704e00000| Untracked 
|  34|0x0000000705000000, 0x0000000705000000, 0x0000000705200000|  0%| F|  |TAMS 0x0000000705000000, 0x0000000705000000| Untracked 
|  35|0x0000000705200000, 0x0000000705200000, 0x0000000705400000|  0%| F|  |TAMS 0x0000000705200000, 0x0000000705200000| Untracked 
|  36|0x0000000705400000, 0x0000000705400000, 0x0000000705600000|  0%| F|  |TAMS 0x0000000705400000, 0x0000000705400000| Untracked 
|  37|0x0000000705600000, 0x0000000705600000, 0x0000000705800000|  0%| F|  |TAMS 0x0000000705600000, 0x0000000705600000| Untracked 
|  38|0x0000000705800000, 0x0000000705800000, 0x0000000705a00000|  0%| F|  |TAMS 0x0000000705800000, 0x0000000705800000| Untracked 
|  39|0x0000000705a00000, 0x0000000705a00000, 0x0000000705c00000|  0%| F|  |TAMS 0x0000000705a00000, 0x0000000705a00000| Untracked 
|  40|0x0000000705c00000, 0x0000000705c00000, 0x0000000705e00000|  0%| F|  |TAMS 0x0000000705c00000, 0x0000000705c00000| Untracked 
|  41|0x0000000705e00000, 0x0000000705e00000, 0x0000000706000000|  0%| F|  |TAMS 0x0000000705e00000, 0x0000000705e00000| Untracked 
|  42|0x0000000706000000, 0x0000000706000000, 0x0000000706200000|  0%| F|  |TAMS 0x0000000706000000, 0x0000000706000000| Untracked 
|  43|0x0000000706200000, 0x0000000706200000, 0x0000000706400000|  0%| F|  |TAMS 0x0000000706200000, 0x0000000706200000| Untracked 
|  44|0x0000000706400000, 0x0000000706400000, 0x0000000706600000|  0%| F|  |TAMS 0x0000000706400000, 0x0000000706400000| Untracked 
|  45|0x0000000706600000, 0x0000000706600000, 0x0000000706800000|  0%| F|  |TAMS 0x0000000706600000, 0x0000000706600000| Untracked 
|  46|0x0000000706800000, 0x0000000706800000, 0x0000000706a00000|  0%| F|  |TAMS 0x0000000706800000, 0x0000000706800000| Untracked 
|  47|0x0000000706a00000, 0x0000000706a00000, 0x0000000706c00000|  0%| F|  |TAMS 0x0000000706a00000, 0x0000000706a00000| Untracked 
|  48|0x0000000706c00000, 0x0000000706c00000, 0x0000000706e00000|  0%| F|  |TAMS 0x0000000706c00000, 0x0000000706c00000| Untracked 
|  49|0x0000000706e00000, 0x0000000706e00000, 0x0000000707000000|  0%| F|  |TAMS 0x0000000706e00000, 0x0000000706e00000| Untracked 
|  50|0x0000000707000000, 0x0000000707000000, 0x0000000707200000|  0%| F|  |TAMS 0x0000000707000000, 0x0000000707000000| Untracked 
|  51|0x0000000707200000, 0x0000000707200000, 0x0000000707400000|  0%| F|  |TAMS 0x0000000707200000, 0x0000000707200000| Untracked 
|  52|0x0000000707400000, 0x0000000707400000, 0x0000000707600000|  0%| F|  |TAMS 0x0000000707400000, 0x0000000707400000| Untracked 
|  53|0x0000000707600000, 0x0000000707600000, 0x0000000707800000|  0%| F|  |TAMS 0x0000000707600000, 0x0000000707600000| Untracked 
|  54|0x0000000707800000, 0x0000000707800000, 0x0000000707a00000|  0%| F|  |TAMS 0x0000000707800000, 0x0000000707800000| Untracked 
|  55|0x0000000707a00000, 0x0000000707a00000, 0x0000000707c00000|  0%| F|  |TAMS 0x0000000707a00000, 0x0000000707a00000| Untracked 
|  56|0x0000000707c00000, 0x0000000707c00000, 0x0000000707e00000|  0%| F|  |TAMS 0x0000000707c00000, 0x0000000707c00000| Untracked 
|  57|0x0000000707e00000, 0x0000000707e00000, 0x0000000708000000|  0%| F|  |TAMS 0x0000000707e00000, 0x0000000707e00000| Untracked 
|  58|0x0000000708000000, 0x0000000708000000, 0x0000000708200000|  0%| F|  |TAMS 0x0000000708000000, 0x0000000708000000| Untracked 
|  59|0x0000000708200000, 0x0000000708200000, 0x0000000708400000|  0%| F|  |TAMS 0x0000000708200000, 0x0000000708200000| Untracked 
|  60|0x0000000708400000, 0x0000000708400000, 0x0000000708600000|  0%| F|  |TAMS 0x0000000708400000, 0x0000000708400000| Untracked 
|  61|0x0000000708600000, 0x0000000708600000, 0x0000000708800000|  0%| F|  |TAMS 0x0000000708600000, 0x0000000708600000| Untracked 
|  62|0x0000000708800000, 0x0000000708800000, 0x0000000708a00000|  0%| F|  |TAMS 0x0000000708800000, 0x0000000708800000| Untracked 
|  63|0x0000000708a00000, 0x0000000708a00000, 0x0000000708c00000|  0%| F|  |TAMS 0x0000000708a00000, 0x0000000708a00000| Untracked 
|  64|0x0000000708c00000, 0x0000000708c00000, 0x0000000708e00000|  0%| F|  |TAMS 0x0000000708c00000, 0x0000000708c00000| Untracked 
|  65|0x0000000708e00000, 0x0000000708e00000, 0x0000000709000000|  0%| F|  |TAMS 0x0000000708e00000, 0x0000000708e00000| Untracked 
|  66|0x0000000709000000, 0x000000070914e380, 0x0000000709200000| 65%| E|  |TAMS 0x0000000709000000, 0x0000000709000000| Complete 
|  67|0x0000000709200000, 0x0000000709400000, 0x0000000709400000|100%| E|CS|TAMS 0x0000000709200000, 0x0000000709200000| Complete 
|  68|0x0000000709400000, 0x0000000709600000, 0x0000000709600000|100%| E|CS|TAMS 0x0000000709400000, 0x0000000709400000| Complete 
|  69|0x0000000709600000, 0x0000000709800000, 0x0000000709800000|100%| E|CS|TAMS 0x0000000709600000, 0x0000000709600000| Complete 
|  70|0x0000000709800000, 0x0000000709a00000, 0x0000000709a00000|100%| E|CS|TAMS 0x0000000709800000, 0x0000000709800000| Complete 
|  71|0x0000000709a00000, 0x0000000709c00000, 0x0000000709c00000|100%| E|CS|TAMS 0x0000000709a00000, 0x0000000709a00000| Complete 
|  96|0x000000070cc00000, 0x000000070ce00000, 0x000000070ce00000|100%| E|CS|TAMS 0x000000070cc00000, 0x000000070cc00000| Complete 
|  97|0x000000070ce00000, 0x000000070d000000, 0x000000070d000000|100%| E|CS|TAMS 0x000000070ce00000, 0x000000070ce00000| Complete 
|  98|0x000000070d000000, 0x000000070d200000, 0x000000070d200000|100%| E|CS|TAMS 0x000000070d000000, 0x000000070d000000| Complete 
| 127|0x0000000710a00000, 0x0000000710c00000, 0x0000000710c00000|100%| E|CS|TAMS 0x0000000710a00000, 0x0000000710a00000| Complete 

Card table byte_map: [0x00000225dcae0000,0x00000225dd2e0000] _byte_map_base: 0x00000225d92da000

Marking Bits (Prev, Next): (CMBitMap*) 0x00000225c4ffdd50, (CMBitMap*) 0x00000225c4ffdd10
 Prev Bits: [0x00000225e1ab0000, 0x00000225e5a80000)
 Next Bits: [0x00000225ddae0000, 0x00000225e1ab0000)

Polling page: 0x00000225c2f90000

Metaspace:

Usage:
  Non-class:     27.75 MB capacity,    27.54 MB (>99%) used,   167.57 KB ( <1%) free+waste,    49.00 KB ( <1%) overhead. 
      Class:      4.00 MB capacity,     3.81 MB ( 95%) used,   173.94 KB (  4%) free+waste,    19.69 KB ( <1%) overhead. 
       Both:     31.75 MB capacity,    31.35 MB ( 99%) used,   341.51 KB (  1%) free+waste,    68.69 KB ( <1%) overhead. 

Virtual space:
  Non-class space:       28.00 MB reserved,      27.92 MB (>99%) committed 
      Class space:        1.00 GB reserved,       4.00 MB ( <1%) committed 
             Both:        1.03 GB reserved,      31.92 MB (  3%) committed 

Chunk freelists:
   Non-Class:  44.00 KB
       Class:  3.00 KB
        Both:  47.00 KB

MaxMetaspaceSize: 17179869184.00 GB
CompressedClassSpaceSize: 1.00 GB

CodeHeap 'non-profiled nmethods': size=120000Kb used=2031Kb max_used=2031Kb free=117969Kb
 bounds [0x00000225d4ca0000, 0x00000225d4f10000, 0x00000225dc1d0000]
CodeHeap 'profiled nmethods': size=120000Kb used=8063Kb max_used=8063Kb free=111936Kb
 bounds [0x00000225cd770000, 0x00000225cdf50000, 0x00000225d4ca0000]
CodeHeap 'non-nmethods': size=5760Kb used=1253Kb max_used=1324Kb free=4506Kb
 bounds [0x00000225cd1d0000, 0x00000225cd440000, 0x00000225cd770000]
 total_blobs=4328 nmethods=3804 adapters=436
 compilation: enabled
              stopped_count=0, restarted_count=0
 full_count=0

Compilation events (20 events):
Event: 2.320 Thread 0x00000225e8b1bf70 3706       3       java.io.BufferedInputStream::fill (203 bytes)
Event: 2.321 Thread 0x00000225e8b1bf70 nmethod 3706 0x00000225cdf1b910 code [0x00000225cdf1bb80, 0x00000225cdf1c928]
Event: 2.341 Thread 0x00000225e8b1bf70 3707       3       java.util.regex.Pattern::nextEscaped (19 bytes)
Event: 2.341 Thread 0x00000225e8b1bf70 nmethod 3707 0x00000225cdf1cd10 code [0x00000225cdf1cea0, 0x00000225cdf1cfd8]
Event: 2.341 Thread 0x00000225e8d3ec10 nmethod 3685 0x00000225d4e83310 code [0x00000225d4e83600, 0x00000225d4e87cb8]
Event: 2.341 Thread 0x00000225e8d3ec10 3688       4       java.lang.Object::<init> (1 bytes)
Event: 2.341 Thread 0x00000225e8d3ec10 nmethod 3688 0x00000225d4e8a010 code [0x00000225d4e8a180, 0x00000225d4e8a218]
Event: 2.341 Thread 0x00000225e8d3ec10 3701  s    4       java.io.BufferedInputStream::read (49 bytes)
Event: 2.342 Thread 0x00000225e8b1bf70 3708       3       jdk.internal.misc.Unsafe::checkOffset (32 bytes)
Event: 2.342 Thread 0x00000225e8b1bf70 nmethod 3708 0x00000225cdf1d090 code [0x00000225cdf1d240, 0x00000225cdf1d4c8]
Event: 2.342 Thread 0x00000225e8b1bf70 3709       3       jdk.internal.misc.Unsafe::copyMemory (33 bytes)
Event: 2.342 Thread 0x00000225e8b1bf70 nmethod 3709 0x00000225cdf1d610 code [0x00000225cdf1d8c0, 0x00000225cdf1e5f8]
Event: 2.342 Thread 0x00000225e8b1bf70 3711       3       java.nio.Buffer::remaining (10 bytes)
Event: 2.342 Thread 0x00000225e8b1bf70 nmethod 3711 0x00000225cdf1eb90 code [0x00000225cdf1ed20, 0x00000225cdf1ee18]
Event: 2.342 Thread 0x00000225e8b1bf70 3710       3       jdk.internal.misc.Unsafe::copyMemoryChecks (21 bytes)
Event: 2.343 Thread 0x00000225e8b1bf70 nmethod 3710 0x00000225cdf1ee90 code [0x00000225cdf1f140, 0x00000225cdf1fea8]
Event: 2.343 Thread 0x00000225e8b1bf70 3712       3       java.lang.ThreadLocal$ThreadLocalMap::getEntryAfterMiss (63 bytes)
Event: 2.343 Thread 0x00000225e8b1bf70 nmethod 3712 0x00000225cdf20410 code [0x00000225cdf205e0, 0x00000225cdf20b48]
Event: 2.345 Thread 0x00000225e8b1bf70 3713       3       java.util.HashMap::afterNodeRemoval (1 bytes)
Event: 2.345 Thread 0x00000225e8b1bf70 nmethod 3713 0x00000225cdf20d10 code [0x00000225cdf20ea0, 0x00000225cdf20f98]

GC Heap History (10 events):
Event: 0.418 GC heap before
{Heap before GC invocations=0 (full 0):
 garbage-first heap   total 262144K, used 20480K [0x0000000700c00000, 0x0000000800000000)
  region size 2048K, 10 young (20480K), 0 survivors (0K)
 Metaspace       used 5379K, capacity 6955K, committed 7168K, reserved 1056768K
  class space    used 601K, capacity 719K, committed 768K, reserved 1048576K
}
Event: 0.421 GC heap after
{Heap after GC invocations=1 (full 0):
 garbage-first heap   total 262144K, used 4199K [0x0000000700c00000, 0x0000000800000000)
  region size 2048K, 2 young (4096K), 2 survivors (4096K)
 Metaspace       used 5379K, capacity 6955K, committed 7168K, reserved 1056768K
  class space    used 601K, capacity 719K, committed 768K, reserved 1048576K
}
Event: 0.672 GC heap before
{Heap before GC invocations=1 (full 0):
 garbage-first heap   total 262144K, used 24679K [0x0000000700c00000, 0x0000000800000000)
  region size 2048K, 13 young (26624K), 2 survivors (4096K)
 Metaspace       used 10932K, capacity 11454K, committed 11648K, reserved 1058816K
  class space    used 1311K, capacity 1390K, committed 1408K, reserved 1048576K
}
Event: 0.675 GC heap after
{Heap after GC invocations=2 (full 0):
 garbage-first heap   total 262144K, used 5969K [0x0000000700c00000, 0x0000000800000000)
  region size 2048K, 1 young (2048K), 1 survivors (2048K)
 Metaspace       used 10932K, capacity 11454K, committed 11648K, reserved 1058816K
  class space    used 1311K, capacity 1390K, committed 1408K, reserved 1048576K
}
Event: 1.392 GC heap before
{Heap before GC invocations=2 (full 0):
 garbage-first heap   total 262144K, used 61265K [0x0000000700c00000, 0x0000000800000000)
  region size 2048K, 29 young (59392K), 1 survivors (2048K)
 Metaspace       used 20837K, capacity 21153K, committed 21296K, reserved 1069056K
  class space    used 2525K, capacity 2617K, committed 2688K, reserved 1048576K
}
Event: 1.395 GC heap after
{Heap after GC invocations=3 (full 0):
 garbage-first heap   total 262144K, used 9063K [0x0000000700c00000, 0x0000000800000000)
  region size 2048K, 3 young (6144K), 3 survivors (6144K)
 Metaspace       used 20837K, capacity 21153K, committed 21296K, reserved 1069056K
  class space    used 2525K, capacity 2617K, committed 2688K, reserved 1048576K
}
Event: 1.725 GC heap before
{Heap before GC invocations=4 (full 0):
 garbage-first heap   total 49152K, used 31591K [0x0000000700c00000, 0x0000000800000000)
  region size 2048K, 14 young (28672K), 3 survivors (6144K)
 Metaspace       used 24722K, capacity 25149K, committed 25392K, reserved 1071104K
  class space    used 2977K, capacity 3074K, committed 3200K, reserved 1048576K
}
Event: 1.729 GC heap after
{Heap after GC invocations=5 (full 0):
 garbage-first heap   total 49152K, used 10924K [0x0000000700c00000, 0x0000000800000000)
  region size 2048K, 1 young (2048K), 1 survivors (2048K)
 Metaspace       used 24722K, capacity 25149K, committed 25392K, reserved 1071104K
  class space    used 2977K, capacity 3074K, committed 3200K, reserved 1048576K
}
Event: 2.035 GC heap before
{Heap before GC invocations=5 (full 0):
 garbage-first heap   total 49152K, used 31404K [0x0000000700c00000, 0x0000000800000000)
  region size 2048K, 11 young (22528K), 1 survivors (2048K)
 Metaspace       used 27926K, capacity 28426K, committed 28592K, reserved 1075200K
  class space    used 3394K, capacity 3562K, committed 3584K, reserved 1048576K
}
Event: 2.038 GC heap after
{Heap after GC invocations=6 (full 0):
 garbage-first heap   total 155648K, used 13449K [0x0000000700c00000, 0x0000000800000000)
  region size 2048K, 2 young (4096K), 2 survivors (4096K)
 Metaspace       used 27926K, capacity 28426K, committed 28592K, reserved 1075200K
  class space    used 3394K, capacity 3562K, committed 3584K, reserved 1048576K
}

Deoptimization events (20 events):
Event: 2.327 Thread 0x00000225ea2a9410 DEOPT PACKING pc=0x00000225cdf1a1ae sp=0x0000005a6defc7a0
Event: 2.327 Thread 0x00000225ea2a9410 DEOPT UNPACKING pc=0x00000225cd21e23f sp=0x0000005a6defbca8 mode 0
Event: 2.327 Thread 0x00000225ea2a9410 DEOPT PACKING pc=0x00000225cdf1a1ae sp=0x0000005a6defc7a0
Event: 2.327 Thread 0x00000225ea2a9410 DEOPT UNPACKING pc=0x00000225cd21e23f sp=0x0000005a6defbca8 mode 0
Event: 2.327 Thread 0x00000225ea2a9410 DEOPT PACKING pc=0x00000225cdf1a1ae sp=0x0000005a6defc7a0
Event: 2.327 Thread 0x00000225ea2a9410 DEOPT UNPACKING pc=0x00000225cd21e23f sp=0x0000005a6defbca8 mode 0
Event: 2.328 Thread 0x00000225ea2a9410 DEOPT PACKING pc=0x00000225cdf1a1ae sp=0x0000005a6defc7a0
Event: 2.328 Thread 0x00000225ea2a9410 DEOPT UNPACKING pc=0x00000225cd21e23f sp=0x0000005a6defbca8 mode 0
Event: 2.328 Thread 0x00000225ea2a9410 DEOPT PACKING pc=0x00000225cdf1a1ae sp=0x0000005a6defc7a0
Event: 2.328 Thread 0x00000225ea2a9410 DEOPT UNPACKING pc=0x00000225cd21e23f sp=0x0000005a6defbca8 mode 0
Event: 2.329 Thread 0x00000225ea2a9410 DEOPT PACKING pc=0x00000225cdf1a1ae sp=0x0000005a6defc7a0
Event: 2.329 Thread 0x00000225ea2a9410 DEOPT UNPACKING pc=0x00000225cd21e23f sp=0x0000005a6defbca8 mode 0
Event: 2.329 Thread 0x00000225ea2a9410 DEOPT PACKING pc=0x00000225cdf1a1ae sp=0x0000005a6defc7a0
Event: 2.329 Thread 0x00000225ea2a9410 DEOPT UNPACKING pc=0x00000225cd21e23f sp=0x0000005a6defbca8 mode 0
Event: 2.329 Thread 0x00000225ea2a9410 DEOPT PACKING pc=0x00000225cdf1a1ae sp=0x0000005a6defc7a0
Event: 2.329 Thread 0x00000225ea2a9410 DEOPT UNPACKING pc=0x00000225cd21e23f sp=0x0000005a6defbca8 mode 0
Event: 2.330 Thread 0x00000225ea2a9410 DEOPT PACKING pc=0x00000225cdf1a1ae sp=0x0000005a6defc7a0
Event: 2.330 Thread 0x00000225ea2a9410 DEOPT UNPACKING pc=0x00000225cd21e23f sp=0x0000005a6defbca8 mode 0
Event: 2.330 Thread 0x00000225ea2a9410 DEOPT PACKING pc=0x00000225cdf1a1ae sp=0x0000005a6defc7a0
Event: 2.330 Thread 0x00000225ea2a9410 DEOPT UNPACKING pc=0x00000225cd21e23f sp=0x0000005a6defbca8 mode 0

Classes unloaded (0 events):
No events

Classes redefined (0 events):
No events

Internal exceptions (20 events):
Event: 1.785 Thread 0x00000225e9799a80 Exception <a 'java/lang/ClassNotFoundException'{0x000000070d12b488}: java/lang/ObjectCustomizer> (0x000000070d12b488) 
thrown [./open/src/hotspot/share/classfile/systemDictionary.cpp, line 295]
Event: 1.785 Thread 0x00000225e9799a80 Exception <a 'java/lang/ClassNotFoundException'{0x000000070d1329d0}: org/springframework/web/servlet/config/annotation/WebMvcConfigurationSupportCustomizer> (0x000000070d1329d0) 
thrown [./open/src/hotspot/share/classfile/systemDictionary.cpp, line 295]
Event: 1.786 Thread 0x00000225e9799a80 Exception <a 'java/lang/ClassNotFoundException'{0x000000070d146028}: org/springframework/web/servlet/config/annotation/DelegatingWebMvcConfigurationCustomizer> (0x000000070d146028) 
thrown [./open/src/hotspot/share/classfile/systemDictionary.cpp, line 295]
Event: 1.786 Thread 0x00000225e9799a80 Exception <a 'java/lang/ClassNotFoundException'{0x000000070d14ee70}: org/springframework/boot/autoconfigure/web/servlet/WebMvcAutoConfiguration$EnableWebMvcConfigurationCustomizer> (0x000000070d14ee70) 
thrown [./open/src/hotspot/share/classfile/systemDictionary.cpp, line 295]
Event: 1.787 Thread 0x00000225e9799a80 Exception <a 'java/lang/ClassNotFoundException'{0x000000070d162e60}: org/springframework/context/ResourceLoaderAwareCustomizer> (0x000000070d162e60) 
thrown [./open/src/hotspot/share/classfile/systemDictionary.cpp, line 295]
Event: 1.787 Thread 0x00000225e9799a80 Exception <a 'java/lang/ClassNotFoundException'{0x000000070d1676c8}: org/springframework/beans/factory/AwareCustomizer> (0x000000070d1676c8) 
thrown [./open/src/hotspot/share/classfile/systemDictionary.cpp, line 295]
Event: 1.787 Thread 0x00000225e9799a80 Exception <a 'java/lang/ClassNotFoundException'{0x000000070d16b310}: org/springframework/context/ApplicationContextAwareCustomizer> (0x000000070d16b310) 
thrown [./open/src/hotspot/share/classfile/systemDictionary.cpp, line 295]
Event: 1.788 Thread 0x00000225e9799a80 Exception <a 'java/lang/ClassNotFoundException'{0x000000070d170998}: org/springframework/beans/factory/AwareCustomizer> (0x000000070d170998) 
thrown [./open/src/hotspot/share/classfile/systemDictionary.cpp, line 295]
Event: 1.788 Thread 0x00000225e9799a80 Exception <a 'java/lang/ClassNotFoundException'{0x000000070d1745b8}: org/springframework/web/context/ServletContextAwareCustomizer> (0x000000070d1745b8) 
thrown [./open/src/hotspot/share/classfile/systemDictionary.cpp, line 295]
Event: 1.788 Thread 0x00000225e9799a80 Exception <a 'java/lang/ClassNotFoundException'{0x000000070d179278}: org/springframework/beans/factory/AwareCustomizer> (0x000000070d179278) 
thrown [./open/src/hotspot/share/classfile/systemDictionary.cpp, line 295]
Event: 1.853 Thread 0x00000225e9799a80 Exception <a 'java/lang/NoSuchMethodError'{0x000000070cdf1f98}: 'void java.lang.invoke.DirectMethodHandle$Holder.invokeVirtual(java.lang.Object, java.lang.Object, int)'> (0x000000070cdf1f98) 
thrown [./open/src/hotspot/share/interpreter/linkResolver.cpp, line 782]
Event: 1.855 Thread 0x00000225e9799a80 Exception <a 'java/lang/NoSuchMethodError'{0x000000070320e4d8}: 'void java.lang.invoke.DirectMethodHandle$Holder.invokeVirtual(java.lang.Object, java.lang.Object, long)'> (0x000000070320e4d8) 
thrown [./open/src/hotspot/share/interpreter/linkResolver.cpp, line 782]
Event: 1.931 Thread 0x00000225e9799a80 Exception <a 'java/lang/IncompatibleClassChangeError'{0x0000000702f29950}: Found class java.lang.Object, but interface was expected> (0x0000000702f29950) 
thrown [./open/src/hotspot/share/interpreter/linkResolver.cpp, line 848]
Event: 1.956 Thread 0x00000225e9799a80 Exception <a 'java/lang/NoSuchMethodError'{0x0000000702cb6c78}: 'int java.lang.invoke.DirectMethodHandle$Holder.invokeStaticInit(java.lang.Object, java.lang.Object, java.lang.Object, java.lang.Object)'> (0x0000000702cb6c78) 
thrown [./open/src/hotspot/share/interpreter/linkResolver.cpp, line 782]
Event: 2.031 Thread 0x00000225e9799a80 Exception <a 'java/lang/NoSuchMethodError'{0x00000007029d6980}: 'java.lang.Object java.lang.invoke.DirectMethodHandle$Holder.newInvokeSpecial(java.lang.Object, java.lang.Object, int, java.lang.Object, java.lang.Object)'> (0x00000007029d6980) 
thrown [./open/src/hotspot/share/interpreter/linkResolver.cpp, line 782]
Event: 2.032 Thread 0x00000225e9799a80 Exception <a 'java/lang/NoSuchMethodError'{0x00000007029e2688}: 'java.lang.Object java.lang.invoke.DirectMethodHandle$Holder.invokeSpecial(java.lang.Object, java.lang.Object, int, java.lang.Object, int, java.lang.Object)'> (0x00000007029e2688) 
thrown [./open/src/hotspot/share/interpreter/linkResolver.cpp, line 782]
Event: 2.033 Thread 0x00000225e9799a80 Exception <a 'java/lang/NoSuchMethodError'{0x00000007029eb118}: 'java.lang.Object java.lang.invoke.DirectMethodHandle$Holder.newInvokeSpecial(java.lang.Object, java.lang.Object, int, java.lang.Object, int)'> (0x00000007029eb118) 
thrown [./open/src/hotspot/share/interpreter/linkResolver.cpp, line 782]
Event: 2.033 Thread 0x00000225e9799a80 Exception <a 'java/lang/NoSuchMethodError'{0x00000007029ef328}: 'java.lang.Object java.lang.invoke.DirectMethodHandle$Holder.invokeSpecial(java.lang.Object, java.lang.Object, java.lang.Object, int, java.lang.Object, int)'> (0x00000007029ef328) 
thrown [./open/src/hotspot/share/interpreter/linkResolver.cpp, line 782]
Event: 2.034 Thread 0x00000225e9799a80 Exception <a 'java/lang/NoSuchMethodError'{0x00000007029f98c8}: 'void java.lang.invoke.DirectMethodHandle$Holder.invokeVirtual(java.lang.Object, java.lang.Object)'> (0x00000007029f98c8) 
thrown [./open/src/hotspot/share/interpreter/linkResolver.cpp, line 782]
Event: 2.240 Thread 0x00000225ea2aa280 Exception <a 'java/lang/NoSuchMethodError'{0x0000000709a1aa48}: 'void java.lang.invoke.DirectMethodHandle$Holder.invokeSpecial(java.lang.Object, java.lang.Object, java.lang.Object, java.lang.Object, java.lang.Object, java.lang.Object, java.lang.Object)'> (0x0000000709a1aa48) 
thrown [./open/src/hotspot/share/interpreter/linkResolver.cpp, line 782]

Events (20 events):
Event: 2.264 loading class sun/util/locale/UnicodeLocaleExtension done
Event: 2.266 loading class java/io/FilenameFilter
Event: 2.266 loading class java/io/FilenameFilter done
Event: 2.267 Executing VM operation: ICBufferFull
Event: 2.267 Executing VM operation: ICBufferFull done
Event: 2.267 Executing VM operation: HandshakeAllThreads
Event: 2.267 Executing VM operation: HandshakeAllThreads done
Event: 2.278 loading class java/util/UUID$Holder
Event: 2.278 loading class java/util/UUID$Holder done
Event: 2.279 loading class java/io/FileOutputStream$1
Event: 2.279 loading class java/io/FileOutputStream$1 done
Event: 2.334 Loaded shared library C:\Users\micro\AppData\Local\Temp\sqlite-3.36.0.3-788a1419-9b22-455b-931d-99073f0d220f-sqlitejdbc.dll
Event: 2.344 loading class java/util/concurrent/atomic/AtomicReferenceFieldUpdater
Event: 2.344 loading class java/util/concurrent/atomic/AtomicReferenceFieldUpdater done
Event: 2.344 loading class java/util/concurrent/atomic/AtomicReferenceFieldUpdater$AtomicReferenceFieldUpdaterImpl
Event: 2.344 loading class java/util/concurrent/atomic/AtomicReferenceFieldUpdater$AtomicReferenceFieldUpdaterImpl done
Event: 2.344 loading class java/util/concurrent/atomic/AtomicReferenceFieldUpdater$AtomicReferenceFieldUpdaterImpl$1
Event: 2.344 loading class java/util/concurrent/atomic/AtomicReferenceFieldUpdater$AtomicReferenceFieldUpdaterImpl$1 done
Event: 2.344 loading class java/util/concurrent/CompletionStage
Event: 2.344 loading class java/util/concurrent/CompletionStage done


Dynamic libraries:
0x00007ff6b6b90000 - 0x00007ff6b6b9d000 	C:\Program Files\Java\jdk-15.0.1\bin\java.exe
0x00007ff9863d0000 - 0x00007ff9865c5000 	C:\Windows\SYSTEM32\ntdll.dll
0x00007ff984970000 - 0x00007ff984a2d000 	C:\Windows\System32\KERNEL32.DLL
0x00007ff984170000 - 0x00007ff984437000 	C:\Windows\System32\KERNELBASE.dll
0x00007ff984010000 - 0x00007ff984110000 	C:\Windows\System32\ucrtbase.dll
0x00007ff964bf0000 - 0x00007ff964c09000 	C:\Program Files\Java\jdk-15.0.1\bin\VCRUNTIME140.dll
0x00007ff9650c0000 - 0x00007ff9650d8000 	C:\Program Files\Java\jdk-15.0.1\bin\jli.dll
0x00007ff985e80000 - 0x00007ff986020000 	C:\Windows\System32\USER32.dll
0x00007ff983ca0000 - 0x00007ff983cc2000 	C:\Windows\System32\win32u.dll
0x00007ff9642f0000 - 0x00007ff96458a000 	C:\Windows\WinSxS\amd64_microsoft.windows.common-controls_6595b64144ccf1df_6.0.19041.1_none_b555e41d4684ddec\COMCTL32.dll
0x00007ff985d90000 - 0x00007ff985dba000 	C:\Windows\System32\GDI32.dll
0x00007ff985a00000 - 0x00007ff985a9e000 	C:\Windows\System32\msvcrt.dll
0x00007ff983cd0000 - 0x00007ff983dda000 	C:\Windows\System32\gdi32full.dll
0x00007ff983bd0000 - 0x00007ff983c6d000 	C:\Windows\System32\msvcp_win.dll
0x00007ff9845d0000 - 0x00007ff984600000 	C:\Windows\System32\IMM32.DLL
0x00007ff9679a0000 - 0x00007ff9679ac000 	C:\Program Files\Java\jdk-15.0.1\bin\vcruntime140_1.dll
0x00007ff9275a0000 - 0x00007ff927631000 	C:\Program Files\Java\jdk-15.0.1\bin\msvcp140.dll
0x00007ff9077a0000 - 0x00007ff9082fe000 	C:\Program Files\Java\jdk-15.0.1\bin\server\jvm.dll
0x00007ff9861b0000 - 0x00007ff98625a000 	C:\Windows\System32\ADVAPI32.dll
0x00007ff984db0000 - 0x00007ff984e4b000 	C:\Windows\System32\sechost.dll
0x00007ff984a90000 - 0x00007ff984bb3000 	C:\Windows\System32\RPCRT4.dll
0x00007ff985dc0000 - 0x00007ff985dc8000 	C:\Windows\System32\PSAPI.DLL
0x00007ff978110000 - 0x00007ff978137000 	C:\Windows\SYSTEM32\WINMM.dll
0x00007ff948690000 - 0x00007ff948699000 	C:\Windows\SYSTEM32\WSOCK32.dll
0x00007ff97b7f0000 - 0x00007ff97b7fa000 	C:\Windows\SYSTEM32\VERSION.dll
0x00007ff984ca0000 - 0x00007ff984d0b000 	C:\Windows\System32\WS2_32.dll
0x00007ff981ac0000 - 0x00007ff981ad3000 	C:\Windows\SYSTEM32\kernel.appcore.dll
0x00007ff966460000 - 0x00007ff96646a000 	C:\Program Files\Java\jdk-15.0.1\bin\jimage.dll
0x00007ff97a9a0000 - 0x00007ff97ab84000 	C:\Windows\SYSTEM32\DBGHELP.DLL
0x00007ff970130000 - 0x00007ff97015c000 	C:\Windows\SYSTEM32\dbgcore.DLL
0x00007ff983e30000 - 0x00007ff983eaf000 	C:\Windows\System32\bcryptPrimitives.dll
0x00007ff95e4a0000 - 0x00007ff95e4c5000 	C:\Program Files\Java\jdk-15.0.1\bin\java.dll
0x00007ff9852c0000 - 0x00007ff985a00000 	C:\Windows\System32\SHELL32.dll
0x00007ff981cc0000 - 0x00007ff982451000 	C:\Windows\SYSTEM32\windows.storage.dll
0x00007ff984600000 - 0x00007ff984953000 	C:\Windows\System32\combase.dll
0x00007ff9835a0000 - 0x00007ff9835cc000 	C:\Windows\SYSTEM32\Wldp.dll
0x00007ff986020000 - 0x00007ff9860ce000 	C:\Windows\System32\SHCORE.dll
0x00007ff984510000 - 0x00007ff984565000 	C:\Windows\System32\shlwapi.dll
0x00007ff983a60000 - 0x00007ff983a7f000 	C:\Windows\SYSTEM32\profapi.dll
0x00007ff9647f0000 - 0x00007ff964809000 	C:\Program Files\Java\jdk-15.0.1\bin\net.dll
0x00007ff97dd50000 - 0x00007ff97de50000 	C:\Windows\SYSTEM32\WINHTTP.dll
0x00007ff983320000 - 0x00007ff98338a000 	C:\Windows\system32\mswsock.dll
0x00007ff963c40000 - 0x00007ff963c52000 	C:\Program Files\Java\jdk-15.0.1\bin\nio.dll
0x00007ff95ed50000 - 0x00007ff95ed68000 	C:\Program Files\Java\jdk-15.0.1\bin\zip.dll
0x00007ff97c630000 - 0x00007ff97c640000 	C:\Program Files\Java\jdk-15.0.1\bin\verify.dll
0x00007ff9789d0000 - 0x00007ff9789d9000 	C:\Program Files\Java\jdk-15.0.1\bin\management.dll
0x00007ff965160000 - 0x00007ff96516b000 	C:\Program Files\Java\jdk-15.0.1\bin\management_ext.dll
0x00007ff95ed90000 - 0x00007ff95eda7000 	C:\Windows\system32\napinsp.dll
0x00007ff95ed70000 - 0x00007ff95ed8b000 	C:\Windows\system32\pnrpnsp.dll
0x00007ff97dcc0000 - 0x00007ff97dcd5000 	C:\Windows\system32\wshbth.dll
0x00007ff97f890000 - 0x00007ff97f8ad000 	C:\Windows\system32\NLAapi.dll
0x00007ff982fc0000 - 0x00007ff982ffb000 	C:\Windows\SYSTEM32\IPHLPAPI.DLL
0x00007ff983000000 - 0x00007ff9830ca000 	C:\Windows\SYSTEM32\DNSAPI.dll
0x00007ff984960000 - 0x00007ff984969000 	C:\Windows\System32\NSI.dll
0x00007ff961430000 - 0x00007ff961442000 	C:\Windows\System32\winrnr.dll
0x0000000056cb0000 - 0x0000000056cd6000 	C:\Program Files\Bonjour\mdnsNSP.dll
0x00007ff97c000000 - 0x00007ff97c00a000 	C:\Windows\System32\rasadhlp.dll
0x00007ff97abf0000 - 0x00007ff97ac6f000 	C:\Windows\System32\fwpuclnt.dll
0x00007ff983c70000 - 0x00007ff983c97000 	C:\Windows\System32\bcrypt.dll
0x00007ff9834f0000 - 0x00007ff983508000 	C:\Windows\SYSTEM32\CRYPTSP.dll
0x00007ff982c40000 - 0x00007ff982c74000 	C:\Windows\system32\rsaenh.dll
0x00007ff983a20000 - 0x00007ff983a4e000 	C:\Windows\SYSTEM32\USERENV.dll
0x00007ff983510000 - 0x00007ff98351c000 	C:\Windows\SYSTEM32\CRYPTBASE.dll
0x00007ff97d5b0000 - 0x00007ff97d5c7000 	C:\Windows\SYSTEM32\dhcpcsvc6.DLL
0x00007ff97d560000 - 0x00007ff97d57d000 	C:\Windows\SYSTEM32\dhcpcsvc.DLL
0x0000000070bc0000 - 0x0000000070c9c000 	C:\Users\micro\AppData\Local\Temp\sqlite-3.36.0.3-788a1419-9b22-455b-931d-99073f0d220f-sqlitejdbc.dll

dbghelp: loaded successfully - version: 4.0.5 - missing functions: none
symbol engine: initialized successfully - sym options: 0x614 - pdb path: .;C:\Program Files\Java\jdk-15.0.1\bin;C:\Windows\SYSTEM32;C:\Windows\WinSxS\amd64_microsoft.windows.common-controls_6595b64144ccf1df_6.0.19041.1_none_b555e41d4684ddec;C:\Program Files\Java\jdk-15.0.1\bin\server;C:\Program Files\Bonjour;C:\Users\micro\AppData\Local\Temp

VM Arguments:
jvm_args: -XX:+ShowCodeDetailsInExceptionMessages 
java_command: nl.han.minor.alliander.rfid.prototype.PrototypeApplication
java_class_path (initial): E:\Software_Projecten\Java\Alliander-RFID-component-registration\target\classes;C:\Users\micro\.m2\repository\org\springframework\boot\spring-boot-starter-thymeleaf\2.5.6\spring-boot-starter-thymeleaf-2.5.6.jar;C:\Users\micro\.m2\repository\org\springframework\boot\spring-boot-starter\2.5.6\spring-boot-starter-2.5.6.jar;C:\Users\micro\.m2\repository\org\springframework\boot\spring-boot-starter-logging\2.5.6\spring-boot-starter-logging-2.5.6.jar;C:\Users\micro\.m2\repository\ch\qos\logback\logback-classic\1.2.6\logback-classic-1.2.6.jar;C:\Users\micro\.m2\repository\ch\qos\logback\logback-core\1.2.6\logback-core-1.2.6.jar;C:\Users\micro\.m2\repository\org\apache\logging\log4j\log4j-to-slf4j\2.14.1\log4j-to-slf4j-2.14.1.jar;C:\Users\micro\.m2\repository\org\apache\logging\log4j\log4j-api\2.14.1\log4j-api-2.14.1.jar;C:\Users\micro\.m2\repository\org\slf4j\jul-to-slf4j\1.7.32\jul-to-slf4j-1.7.32.jar;C:\Users\micro\.m2\repository\jakarta\annotation\jakarta.annotation-api\1.3.5\jakarta.annotation-api-1.3.5.jar;C:\Users\micro\.m2\repository\org\yaml\snakeyaml\1.28\snakeyaml-1.28.jar;C:\Users\micro\.m2\repository\org\thymeleaf\thymeleaf-spring5\3.0.12.RELEASE\thymeleaf-spring5-3.0.12.RELEASE.jar;C:\Users\micro\.m2\repository\org\thymeleaf\thymeleaf\3.0.12.RELEASE\thymeleaf-3.0.12.RELEASE.jar;C:\Users\micro\.m2\repository\org\attoparser\attoparser\2.0.5.RELEASE\attoparser-2.0.5.RELEASE.jar;C:\Users\micro\.m2\repository\org\unbescape\unbescape\1.1.6.RELEASE\unbescape-1.1.6.RELEASE.jar;C:\Users\micro\.m2\repository\org\slf4j\slf4j-api\1.7.32\slf4j-api-1.7.32.jar;C:\Users\micro\.m2\repository\org\thymeleaf\extras\thymeleaf-extras-java8time\3.0.4.RELEASE\thymeleaf-extras-java8time-3.0.4.RELEASE.jar;C:\Users\micro\.m2\repository\org\springframework\boot\spring-boot-starter-web\2.5.6\spring-boot-starter-web-2.5.6.jar;C:\Users\micro\.m2\repository\org\springframework\boot\spring-boot-starter-json\2.5.6\spring-boot-starter-json-2.5.6.jar;C:\Users\micro\.
Launcher Type: SUN_STANDARD

[Global flags]
     intx CICompilerCount                          = 3                                         {product} {ergonomic}
     uint ConcGCThreads                            = 2                                         {product} {ergonomic}
     uint G1ConcRefinementThreads                  = 6                                         {product} {ergonomic}
   size_t G1HeapRegionSize                         = 2097152                                   {product} {ergonomic}
    uintx GCDrainStackTargetSize                   = 64                                        {product} {ergonomic}
   size_t InitialHeapSize                          = 268435456                                 {product} {ergonomic}
   size_t MarkStackSize                            = 4194304                                   {product} {ergonomic}
   size_t MaxHeapSize                              = 4282384384                                {product} {ergonomic}
   size_t MaxNewSize                               = 2569011200                                {product} {ergonomic}
   size_t MinHeapDeltaBytes                        = 2097152                                   {product} {ergonomic}
   size_t MinHeapSize                              = 8388608                                   {product} {ergonomic}
    uintx NonNMethodCodeHeapSize                   = 5832780                                {pd product} {ergonomic}
    uintx NonProfiledCodeHeapSize                  = 122912730                              {pd product} {ergonomic}
    uintx ProfiledCodeHeapSize                     = 122912730                              {pd product} {ergonomic}
    uintx ReservedCodeCacheSize                    = 251658240                              {pd product} {ergonomic}
     bool SegmentedCodeCache                       = true                                      {product} {ergonomic}
     bool ShowCodeDetailsInExceptionMessages       = true                                   {manageable} {command line}
   size_t SoftMaxHeapSize                          = 4282384384                             {manageable} {ergonomic}
     bool UseCompressedClassPointers               = true                                 {lp64_product} {ergonomic}
     bool UseCompressedOops                        = true                                 {lp64_product} {ergonomic}
     bool UseG1GC                                  = true                                      {product} {ergonomic}
     bool UseLargePagesIndividualAllocation        = false                                  {pd product} {ergonomic}

Logging:
Log output configuration:
 #0: stdout all=warning uptime,level,tags
 #1: stderr all=off uptime,level,tags

Environment Variables:
JAVA_HOME=C:\Program Files\Java\jdk-15.0.1
PATH=C:\Program Files (x86)\NVIDIA Corporation\PhysX\Common;C:\Windows\system32;C:\Windows;C:\Windows\System32\Wbem;C:\Windows\System32\WindowsPowerShell\v1.0\;C:\Windows\System32\OpenSSH\;C:\Program Files\Java\jdk-15.0.1\bin;E:\Program Files\nodejs\;C:\ProgramData\chocolatey\bin;C:\Gradle\gradle-6.7.1\bin;C:\Program Files\dotnet\;E:\Program Files\Git\cmd;E:\Program Files\xampp\php;E:\composer;E:\Program Files\Maven\apache-maven-3.8.3\bin;C:\Program Files\Microsoft SQL Server\Client SDK\ODBC\110\Tools\Binn\;C:\Program Files (x86)\Microsoft SQL Server\120\Tools\Binn\;C:\Program Files\Microsoft SQL Server\120\Tools\Binn\;C:\Program Files\Microsoft SQL Server\120\DTS\Binn\;C:\Program Files (x86)\Windows Kits\8.1\Windows Performance Toolkit\;C:\Users\micro\AppData\Local\Programs\Python\Python39\Scripts\;C:\Users\micro\AppData\Local\Programs\Python\Python39\;C:\Users\micro\AppData\Local\Microsoft\WindowsApps;C:\Users\micro\AppData\Local\GitHubDesktop\bin;E:\Program Files\Microsoft VS Code\bin;E:\intellij\maven\apache-maven-3.6.3\bin;C:\Users\micro\AppData\Roaming\npm;C:\Users\micro\AppData\Local\atom\bin;C:\Users\micro\.dotnet\tools;C:\Program Files (x86)\Nmap;C:\Users\micro\AppData\Roaming\Composer\vendor\bin;E:\Program Files (x86)\SQLite3;C:\Users\micro\AppData\Local\gitkraken\bin
USERNAME=micro
LANG=en_US.UTF-8
OS=Windows_NT
PROCESSOR_IDENTIFIER=Intel64 Family 6 Model 158 Stepping 10, GenuineIntel



---------------  S Y S T E M  ---------------

OS:
 Windows 10 , 64 bit Build 19041 (10.0.19041.292)
OS uptime: 0 days 8:00 hours

CPU: total 6 (initial active 6) (6 cores per cpu, 1 threads per core) family 6 model 158 stepping 10 microcode 0xb4, cmov, cx8, fxsr, mmx, sse, sse2, sse3, ssse3, sse4.1, sse4.2, popcnt, vzeroupper, avx, avx2, aes, clmul, erms, 3dnowpref, lzcnt, tsc, tscinvbit, bmi1, bmi2, adx, fma, clflush, clflushopt

Memory: 4k page, system-wide physical 16330M (8964M free)
TotalPageFile size 18762M (AvailPageFile size 3963M)
current process WorkingSet (physical memory assigned to process): 180M, peak: 184M
current process commit charge ("private bytes"): 322M, peak: 399M

vm_info: OpenJDK 64-Bit Server VM (15.0.1+9-18) for windows-amd64 JRE (15.0.1+9-18), built on Sep 15 2020 14:39:31 by "mach5one" with unknown MS VC++:1925

END.
