#
# A fatal error has been detected by the Java Runtime Environment:
#
#  SIGSEGV (0xb) at pc=0x00007ff3778286c0, pid=14543, tid=21226
#
# JRE version: OpenJDK Runtime Environment (11.0.12+7) (build 11.0.12+7-post-Debian-2deb10u1)
# Java VM: OpenJDK 64-Bit Server VM (11.0.12+7-post-Debian-2deb10u1, mixed mode, sharing, tiered, compressed oops, g1 gc, linux-amd64)
# Problematic frame:
# C  [libpthread.so.0+0xa6c0]  __pthread_mutex_lock+0x0
#
# Core dump will be written. Default location: Core dumps may be processed with "/sbin/crash_reporter --user=%P:%s:%u:%g:%f" (or dumping to /home/evanwf2001/Documents/Alliander/prototype/core.14543)
#
# If you would like to submit a bug report, please visit:
#   https://bugs.debian.org/openjdk-11
# The crash happened outside the Java Virtual Machine in native code.
# See problematic frame for where to report the bug.
#

---------------  S U M M A R Y ------------

Command Line: nl.han.minor.alliander.rfid.prototype.PrototypeApplication

Host: 06/5c, 4 cores, 6G, Debian GNU/Linux 10 (buster)
Time: Wed Dec 22 16:04:45 2021 CET elapsed time: 5999.643040 seconds (0d 1h 39m 59s)

---------------  T H R E A D  ---------------

Current thread (0x00007ff2e84dd000):  JavaThread "http-nio-8080-exec-10" daemon [_thread_in_native, id=21226, stack(0x00007ff2d6b0f000,0x00007ff2d6c10000)]

Stack: [0x00007ff2d6b0f000,0x00007ff2d6c10000],  sp=0x00007ff2d6c0bfe8,  free space=1011k
Native frames: (J=compiled Java code, A=aot compiled Java code, j=interpreted, Vv=VM code, C=native code)
C  [libpthread.so.0+0xa6c0]  __pthread_mutex_lock+0x0

Java frames: (J=compiled Java code, j=interpreted, Vv=VM code)
J 9906  org.sqlite.core.NativeDB.column_name_utf8(JI)Ljava/nio/ByteBuffer; (0 bytes) @ 0x00007ff360b809a8 [0x00007ff360b80960+0x0000000000000048]
J 11879 c2 org.sqlite.core.NativeDB.column_name(JI)Ljava/lang/String; (10 bytes) @ 0x00007ff360da8920 [0x00007ff360da8880+0x00000000000000a0]
J 12551 c2 org.sqlite.core.DB.column_names(J)[Ljava/lang/String; (38 bytes) @ 0x00007ff360e7446c [0x00007ff360e742c0+0x00000000000001ac]
J 11906 c1 org.sqlite.jdbc3.JDBC3Statement.getResultSet()Ljava/sql/ResultSet; (108 bytes) @ 0x00007ff35a88e2bc [0x00007ff35a88dec0+0x00000000000003fc]
J 11901 c1 org.sqlite.jdbc3.JDBC3Statement.executeQuery(Ljava/lang/String;)Ljava/sql/ResultSet; (50 bytes) @ 0x00007ff35a889b64 [0x00007ff35a8897a0+0x00000000000003c4]
J 13059 c1 nl.han.minor.alliander.rfid.prototype.persistence.SQLiteDB.executeSelectQuery(Ljava/lang/String;)Ljava/sql/ResultSet; (10 bytes) @ 0x00007ff35ac46e74 [0x00007ff35ac46d40+0x0000000000000134]
j  nl.han.minor.alliander.rfid.prototype.persistence.SQLiteDB.getAllComponentFromMSR(I)Ljava/util/List;+36
j  nl.han.minor.alliander.rfid.prototype.service.MainService.getAllComponents(I)Ljava/util/List;+4
j  nl.han.minor.alliander.rfid.prototype.service.MainService.getInfoOfScanForMSR(I)Ljava/util/List;+10
j  nl.han.minor.alliander.rfid.prototype.controller.IndexController.getAllComForMSRWithDifference(Lorg/springframework/ui/Model;I)Ljava/lang/String;+8
j  jdk.internal.reflect.GeneratedMethodAccessor355.invoke(Ljava/lang/Object;[Ljava/lang/Object;)Ljava/lang/Object;+122
J 4333 c2 jdk.internal.reflect.DelegatingMethodAccessorImpl.invoke(Ljava/lang/Object;[Ljava/lang/Object;)Ljava/lang/Object; java.base@11.0.12 (10 bytes) @ 0x00007ff3605799f4 [0x00007ff3605799a0+0x0000000000000054]
J 11710 c1 org.springframework.web.method.support.InvocableHandlerMethod.doInvoke([Ljava/lang/Object;)Ljava/lang/Object; (143 bytes) @ 0x00007ff35a80250c [0x00007ff35a801fa0+0x000000000000056c]
j  org.springframework.web.method.support.InvocableHandlerMethod.invokeForRequest(Lorg/springframework/web/context/request/NativeWebRequest;Lorg/springframework/web/method/support/ModelAndViewContainer;[Ljava/lang/Object;)Ljava/lang/Object;+54
j  org.springframework.web.servlet.mvc.method.annotation.ServletInvocableHandlerMethod.invokeAndHandle(Lorg/springframework/web/context/request/ServletWebRequest;Lorg/springframework/web/method/support/ModelAndViewContainer;[Ljava/lang/Object;)V+4
j  org.springframework.web.servlet.mvc.method.annotation.RequestMappingHandlerAdapter.invokeHandlerMethod(Ljavax/servlet/http/HttpServletRequest;Ljavax/servlet/http/HttpServletResponse;Lorg/springframework/web/method/HandlerMethod;)Lorg/springframework/web/servlet/ModelAndView;+244
j  org.springframework.web.servlet.mvc.method.annotation.RequestMappingHandlerAdapter.handleInternal(Ljavax/servlet/http/HttpServletRequest;Ljavax/servlet/http/HttpServletResponse;Lorg/springframework/web/method/HandlerMethod;)Lorg/springframework/web/servlet/ModelAndView;+81
j  org.springframework.web.servlet.mvc.method.AbstractHandlerMethodAdapter.handle(Ljavax/servlet/http/HttpServletRequest;Ljavax/servlet/http/HttpServletResponse;Ljava/lang/Object;)Lorg/springframework/web/servlet/ModelAndView;+7
J 12744 c1 org.springframework.web.servlet.DispatcherServlet.doDispatch(Ljavax/servlet/http/HttpServletRequest;Ljavax/servlet/http/HttpServletResponse;)V (543 bytes) @ 0x00007ff35ab60a0c [0x00007ff35ab5f2c0+0x000000000000174c]
J 12566 c1 org.springframework.web.servlet.DispatcherServlet.doService(Ljavax/servlet/http/HttpServletRequest;Ljavax/servlet/http/HttpServletResponse;)V (319 bytes) @ 0x00007ff35aaba934 [0x00007ff35aab8720+0x0000000000002214]
J 12557 c1 org.springframework.web.servlet.FrameworkServlet.processRequest(Ljavax/servlet/http/HttpServletRequest;Ljavax/servlet/http/HttpServletResponse;)V (186 bytes) @ 0x00007ff35aab27ec [0x00007ff35aab14e0+0x000000000000130c]
J 12556 c1 org.springframework.web.servlet.FrameworkServlet.doGet(Ljavax/servlet/http/HttpServletRequest;Ljavax/servlet/http/HttpServletResponse;)V (7 bytes) @ 0x00007ff35aab0f54 [0x00007ff35aab0ec0+0x0000000000000094]
J 12555 c1 javax.servlet.http.HttpServlet.service(Ljavax/servlet/http/HttpServletRequest;Ljavax/servlet/http/HttpServletResponse;)V (269 bytes) @ 0x00007ff35aaaf024 [0x00007ff35aaaecc0+0x0000000000000364]
J 12268 c1 org.springframework.web.servlet.FrameworkServlet.service(Ljavax/servlet/http/HttpServletRequest;Ljavax/servlet/http/HttpServletResponse;)V (37 bytes) @ 0x00007ff35a9b8cd4 [0x00007ff35a9b86c0+0x0000000000000614]
J 12267 c1 javax.servlet.http.HttpServlet.service(Ljavax/servlet/ServletRequest;Ljavax/servlet/ServletResponse;)V (40 bytes) @ 0x00007ff35a9b5b04 [0x00007ff35a9b57a0+0x0000000000000364]
J 9083 c1 org.apache.catalina.core.ApplicationFilterChain.internalDoFilter(Ljavax/servlet/ServletRequest;Ljavax/servlet/ServletResponse;)V (388 bytes) @ 0x00007ff35a1f4f6c [0x00007ff35a1f4560+0x0000000000000a0c]
J 9082 c1 org.apache.catalina.core.ApplicationFilterChain.doFilter(Ljavax/servlet/ServletRequest;Ljavax/servlet/ServletResponse;)V (103 bytes) @ 0x00007ff35a1f3fe4 [0x00007ff35a1f3f40+0x00000000000000a4]
j  org.apache.tomcat.websocket.server.WsFilter.doFilter(Ljavax/servlet/ServletRequest;Ljavax/servlet/ServletResponse;Ljavax/servlet/FilterChain;)V+21
J 9083 c1 org.apache.catalina.core.ApplicationFilterChain.internalDoFilter(Ljavax/servlet/ServletRequest;Ljavax/servlet/ServletResponse;)V (388 bytes) @ 0x00007ff35a1f49b4 [0x00007ff35a1f4560+0x0000000000000454]
J 9082 c1 org.apache.catalina.core.ApplicationFilterChain.doFilter(Ljavax/servlet/ServletRequest;Ljavax/servlet/ServletResponse;)V (103 bytes) @ 0x00007ff35a1f3fe4 [0x00007ff35a1f3f40+0x00000000000000a4]
J 12263 c1 org.springframework.web.filter.RequestContextFilter.doFilterInternal(Ljavax/servlet/http/HttpServletRequest;Ljavax/servlet/http/HttpServletResponse;Ljavax/servlet/FilterChain;)V (133 bytes) @ 0x00007ff35a9ae8c4 [0x00007ff35a9ae2c0+0x0000000000000604]
J 10958 c1 org.springframework.web.filter.OncePerRequestFilter.doFilter(Ljavax/servlet/ServletRequest;Ljavax/servlet/ServletResponse;Ljavax/servlet/FilterChain;)V (175 bytes) @ 0x00007ff35a6528a4 [0x00007ff35a651c80+0x0000000000000c24]
J 9083 c1 org.apache.catalina.core.ApplicationFilterChain.internalDoFilter(Ljavax/servlet/ServletRequest;Ljavax/servlet/ServletResponse;)V (388 bytes) @ 0x00007ff35a1f49b4 [0x00007ff35a1f4560+0x0000000000000454]
J 9082 c1 org.apache.catalina.core.ApplicationFilterChain.doFilter(Ljavax/servlet/ServletRequest;Ljavax/servlet/ServletResponse;)V (103 bytes) @ 0x00007ff35a1f3fe4 [0x00007ff35a1f3f40+0x00000000000000a4]
j  org.springframework.web.filter.FormContentFilter.doFilterInternal(Ljavax/servlet/http/HttpServletRequest;Ljavax/servlet/http/HttpServletResponse;Ljavax/servlet/FilterChain;)V+38
J 10958 c1 org.springframework.web.filter.OncePerRequestFilter.doFilter(Ljavax/servlet/ServletRequest;Ljavax/servlet/ServletResponse;Ljavax/servlet/FilterChain;)V (175 bytes) @ 0x00007ff35a6528a4 [0x00007ff35a651c80+0x0000000000000c24]
J 9083 c1 org.apache.catalina.core.ApplicationFilterChain.internalDoFilter(Ljavax/servlet/ServletRequest;Ljavax/servlet/ServletResponse;)V (388 bytes) @ 0x00007ff35a1f49b4 [0x00007ff35a1f4560+0x0000000000000454]
J 9082 c1 org.apache.catalina.core.ApplicationFilterChain.doFilter(Ljavax/servlet/ServletRequest;Ljavax/servlet/ServletResponse;)V (103 bytes) @ 0x00007ff35a1f3fe4 [0x00007ff35a1f3f40+0x00000000000000a4]
j  org.springframework.web.filter.CharacterEncodingFilter.doFilterInternal(Ljavax/servlet/http/HttpServletRequest;Ljavax/servlet/http/HttpServletResponse;Ljavax/servlet/FilterChain;)V+53
J 10958 c1 org.springframework.web.filter.OncePerRequestFilter.doFilter(Ljavax/servlet/ServletRequest;Ljavax/servlet/ServletResponse;Ljavax/servlet/FilterChain;)V (175 bytes) @ 0x00007ff35a6528a4 [0x00007ff35a651c80+0x0000000000000c24]
J 9083 c1 org.apache.catalina.core.ApplicationFilterChain.internalDoFilter(Ljavax/servlet/ServletRequest;Ljavax/servlet/ServletResponse;)V (388 bytes) @ 0x00007ff35a1f49b4 [0x00007ff35a1f4560+0x0000000000000454]
J 9082 c1 org.apache.catalina.core.ApplicationFilterChain.doFilter(Ljavax/servlet/ServletRequest;Ljavax/servlet/ServletResponse;)V (103 bytes) @ 0x00007ff35a1f3fe4 [0x00007ff35a1f3f40+0x00000000000000a4]
j  org.apache.catalina.core.StandardWrapperValve.invoke(Lorg/apache/catalina/connector/Request;Lorg/apache/catalina/connector/Response;)V+694
j  org.apache.catalina.core.StandardContextValve.invoke(Lorg/apache/catalina/connector/Request;Lorg/apache/catalina/connector/Response;)V+169
J 13008 c1 org.apache.catalina.authenticator.AuthenticatorBase.invoke(Lorg/apache/catalina/connector/Request;Lorg/apache/catalina/connector/Response;)V (810 bytes) @ 0x00007ff35ac17e5c [0x00007ff35ac12780+0x00000000000056dc]
J 12806 c1 org.apache.catalina.core.StandardHostValve.invoke(Lorg/apache/catalina/connector/Request;Lorg/apache/catalina/connector/Response;)V (396 bytes) @ 0x00007ff35ab99b2c [0x00007ff35ab98d60+0x0000000000000dcc]
J 12805 c1 org.apache.catalina.valves.ErrorReportValve.invoke(Lorg/apache/catalina/connector/Request;Lorg/apache/catalina/connector/Response;)V (153 bytes) @ 0x00007ff35ab95a34 [0x00007ff35ab95840+0x00000000000001f4]
J 12804 c1 org.apache.catalina.core.StandardEngineValve.invoke(Lorg/apache/catalina/connector/Request;Lorg/apache/catalina/connector/Response;)V (65 bytes) @ 0x00007ff35ab94d04 [0x00007ff35ab94500+0x0000000000000804]
J 12366 c1 org.apache.catalina.connector.CoyoteAdapter.service(Lorg/apache/coyote/Request;Lorg/apache/coyote/Response;)V (892 bytes) @ 0x00007ff35aa0e7dc [0x00007ff35aa0d000+0x00000000000017dc]
J 12540 c1 org.apache.coyote.http11.Http11Processor.service(Lorg/apache/tomcat/util/net/SocketWrapperBase;)Lorg/apache/tomcat/util/net/AbstractEndpoint$Handler$SocketState; (1189 bytes) @ 0x00007ff35aaa2bbc [0x00007ff35aa9f080+0x0000000000003b3c]
J 12537 c1 org.apache.coyote.AbstractProcessorLight.process(Lorg/apache/tomcat/util/net/SocketWrapperBase;Lorg/apache/tomcat/util/net/SocketEvent;)Lorg/apache/tomcat/util/net/AbstractEndpoint$Handler$SocketState; (367 bytes) @ 0x00007ff35aa9894c [0x00007ff35aa97040+0x000000000000190c]
J 12248 c1 org.apache.coyote.AbstractProtocol$ConnectionHandler.process(Lorg/apache/tomcat/util/net/SocketWrapperBase;Lorg/apache/tomcat/util/net/SocketEvent;)Lorg/apache/tomcat/util/net/AbstractEndpoint$Handler$SocketState; (1315 bytes) @ 0x00007ff35a99207c [0x00007ff35a98d800+0x000000000000487c]
J 12535 c1 org.apache.tomcat.util.net.NioEndpoint$SocketProcessor.doRun()V (637 bytes) @ 0x00007ff35aa905f4 [0x00007ff35aa8f720+0x0000000000000ed4]
J 12533 c1 org.apache.tomcat.util.net.SocketProcessorBase.run()V (35 bytes) @ 0x00007ff35aa8e954 [0x00007ff35aa8e580+0x00000000000003d4]
j  org.apache.tomcat.util.threads.ThreadPoolExecutor.runWorker(Lorg/apache/tomcat/util/threads/ThreadPoolExecutor$Worker;)V+92
j  org.apache.tomcat.util.threads.ThreadPoolExecutor$Worker.run()V+5
J 12763 c1 org.apache.tomcat.util.threads.TaskThread$WrappingRunnable.run()V (25 bytes) @ 0x00007ff35ab7abac [0x00007ff35ab7aa80+0x000000000000012c]
J 9341 c1 java.lang.Thread.run()V java.base@11.0.12 (17 bytes) @ 0x00007ff35a2b4ea4 [0x00007ff35a2b4d40+0x0000000000000164]
v  ~StubRoutines::call_stub

siginfo: si_signo: 11 (SIGSEGV), si_code: 1 (SEGV_MAPERR), si_addr: 0x000000000000fd72

Register to memory mapping:

RAX=0x0000000000000009 is an unknown value
RBX=0x0 is NULL
RCX=0x0 is NULL
RDX=0x0 is NULL
RSP=0x00007ff2d6c0bfe8 is pointing into the stack for thread: 0x00007ff2e84dd000
RBP=0x00007ff33001e328 points into unknown readable memory: 0x00007ff33001d518 | 18 d5 01 30 f3 7f 00 00
RSI=0x0 is NULL
RDI=0x000000000000fd62 is an unknown value
R8 =0x000000009ae84f30 points into unknown readable memory: 0x0000000000000001 | 01 00 00 00 00 00 00 00
R9 =0x00007fff3b9ac0b8 points into unknown readable memory: 0x0018d4d48ab17f38 | 38 7f b1 8a d4 d4 18 00
R10=0x00007ff2d7121c90: Java_org_sqlite_core_NativeDB_column_1name_1utf8+0x0000000000000000 in /tmp/sqlite-3.36.0.3-99f35408-b922-4cba-99d8-91ce04fe3109-libsqlitejdbc.so at 0x00007ff2d7113000
R11=0x00007ff2d7153e6d: <offset 0x0000000000040e6d> in /tmp/sqlite-3.36.0.3-99f35408-b922-4cba-99d8-91ce04fe3109-libsqlitejdbc.so at 0x00007ff2d7113000
R12=0x00007ff33001d518 points into unknown readable memory: 0x00007ff33001de78 | 78 de 01 30 f3 7f 00 00
R13=0x0 is NULL
R14=0x00007ff2d6c0c030 is pointing into the stack for thread: 0x00007ff2e84dd000
R15=0x00007ff2e84dd000 is a thread


Registers:
RAX=0x0000000000000009, RBX=0x0000000000000000, RCX=0x0000000000000000, RDX=0x0000000000000000
RSP=0x00007ff2d6c0bfe8, RBP=0x00007ff33001e328, RSI=0x0000000000000000, RDI=0x000000000000fd62
R8 =0x000000009ae84f30, R9 =0x00007fff3b9ac0b8, R10=0x00007ff2d7121c90, R11=0x00007ff2d7153e6d
R12=0x00007ff33001d518, R13=0x0000000000000000, R14=0x00007ff2d6c0c030, R15=0x00007ff2e84dd000
RIP=0x00007ff3778286c0, EFLAGS=0x0000000000010202, CSGSFS=0x002b000000000033, ERR=0x0000000000000004
  TRAPNO=0x000000000000000e

Top of Stack: (sp=0x00007ff2d6c0bfe8)
0x00007ff2d6c0bfe8:   00007ff2d713da28 00007ff2d6c0c060
0x00007ff2d6c0bff8:   00007ff2e84dd348 00007ff2d6c0c070
0x00007ff2d6c0c008:   0000000000000000 00007ff2d6c0c060
0x00007ff2d6c0c018:   00007ff2d7121cad 000000009ae83ec8 

Instructions: (pc=0x00007ff3778286c0)
0x00007ff3778285c0:   c7 43 04 00 00 00 00 45 31 d2 31 d2 48 89 df be
0x00007ff3778285d0:   07 00 00 00 b8 ca 00 00 00 0f 05 64 48 c7 04 25
0x00007ff3778285e0:   f0 02 00 00 00 00 00 00 b8 83 00 00 00 e9 55 fc
0x00007ff3778285f0:   ff ff b8 23 00 00 00 e9 4b fc ff ff 89 d1 89 d0
0x00007ff377828600:   81 c9 00 00 00 80 f0 0f b1 0b 0f 85 a6 00 00 00
0x00007ff377828610:   89 ca e9 a5 fe ff ff 41 8b 0f 83 e1 7f 83 f9 12
0x00007ff377828620:   74 5e 83 f9 11 0f 85 89 fe ff ff 64 48 c7 04 25
0x00007ff377828630:   f0 02 00 00 00 00 00 00 8b 53 04 83 fa ff 0f 84
0x00007ff377828640:   47 fe ff ff 83 c2 01 89 53 04 e9 f8 fb ff ff 90
0x00007ff377828650:   41 83 e9 01 41 83 f9 01 0f 87 ca fb ff ff 48 8d
0x00007ff377828660:   0d fb af 00 00 ba ae 01 00 00 48 8d 35 84 ae 00
0x00007ff377828670:   00 48 8d 3d b8 ae 00 00 e8 53 bb ff ff 0f 1f 00
0x00007ff377828680:   64 48 c7 04 25 f0 02 00 00 00 00 00 00 b8 23 00
0x00007ff377828690:   00 00 e9 b0 fb ff ff 48 8d 0d c2 af 00 00 ba b1
0x00007ff3778286a0:   01 00 00 48 8d 35 4b ae 00 00 48 8d 3d ff ae 00
0x00007ff3778286b0:   00 e8 1a bb ff ff 8b 03 e9 45 fa ff ff 0f 1f 00
0x00007ff3778286c0:   8b 47 10 89 c2 81 e2 7f 01 00 00 83 e0 7c 0f 85
0x00007ff3778286d0:   9c 00 00 00 48 83 ec 08 49 89 f8 85 d2 0f 85 95
0x00007ff3778286e0:   00 00 00 8b 0d 1f 5d 01 00 85 c9 75 53 41 8b 70
0x00007ff3778286f0:   10 bf 01 00 00 00 31 c0 81 e6 80 00 00 00 f0 41
0x00007ff377828700:   0f b1 38 74 16 49 8d 38 48 81 ec 80 00 00 00 e8
0x00007ff377828710:   6c 6b 00 00 48 81 c4 80 00 00 00 41 8b 50 08 85
0x00007ff377828720:   d2 0f 85 a8 01 00 00 64 8b 04 25 d0 02 00 00 41
0x00007ff377828730:   83 40 0c 01 41 89 40 08 31 c0 48 83 c4 08 c3 90
0x00007ff377828740:   8b 47 10 f6 c4 03 74 08 f6 c4 01 74 a0 eb 07 90
0x00007ff377828750:   80 cc 01 89 47 10 41 8b 50 10 49 8d 70 16 4c 89
0x00007ff377828760:   c7 48 83 c4 08 81 e2 80 00 00 00 e9 90 9c 00 00
0x00007ff377828770:   e9 0b f9 ff ff 0f 1f 00 81 fa 00 01 00 00 74 d6
0x00007ff377828780:   8b 7f 10 83 e7 7f 83 ff 01 75 66 64 8b 14 25 d0
0x00007ff377828790:   02 00 00 41 39 50 08 75 18 41 8b 40 04 83 f8 ff
0x00007ff3778287a0:   0f 84 1f 01 00 00 83 c0 01 41 89 40 04 31 c0 eb
0x00007ff3778287b0:   89 41 8b 70 10 81 e6 80 00 00 00 f0 41 0f b1 38 


Stack slot to memory mapping:
stack at sp + 0 slots: 0x00007ff2d713da28: <offset 0x000000000002aa28> in /tmp/sqlite-3.36.0.3-99f35408-b922-4cba-99d8-91ce04fe3109-libsqlitejdbc.so at 0x00007ff2d7113000
stack at sp + 1 slots: 0x00007ff2d6c0c060 is pointing into the stack for thread: 0x00007ff2e84dd000
stack at sp + 2 slots: 0x00007ff2e84dd348 points into unknown readable memory: 0x00007ff3775b7b20 | 20 7b 5b 77 f3 7f 00 00
stack at sp + 3 slots: 0x00007ff2d6c0c070 is pointing into the stack for thread: 0x00007ff2e84dd000
stack at sp + 4 slots: 0x0 is NULL
stack at sp + 5 slots: 0x00007ff2d6c0c060 is pointing into the stack for thread: 0x00007ff2e84dd000
stack at sp + 6 slots: 0x00007ff2d7121cad: Java_org_sqlite_core_NativeDB_column_1name_1utf8+0x000000000000001d in /tmp/sqlite-3.36.0.3-99f35408-b922-4cba-99d8-91ce04fe3109-libsqlitejdbc.so at 0x00007ff2d7113000
stack at sp + 7 slots: 0x000000009ae83ec8 is an oop: org.sqlite.core.NativeDB 
{0x000000009ae83ec8} - klass: 'org/sqlite/core/NativeDB'


---------------  P R O C E S S  ---------------

Threads class SMR info:
_java_thread_list=0x00007ff2e8049370, length=27, elements={
0x00007ff3700f6800, 0x00007ff3700f8800, 0x00007ff3700fe000, 0x00007ff370100000,
0x00007ff370102000, 0x00007ff370104000, 0x00007ff370106000, 0x00007ff370139000,
0x00007ff300a23000, 0x00007ff370017800, 0x00007ff2f01d3800, 0x00007ff2f01d4000,
0x00007ff2f01d9800, 0x00007ff2f0050800, 0x00007ff2f0051800, 0x00007ff2f0063000,
0x00007ff2f0064000, 0x00007ff2e84e0000, 0x00007ff2e85fc800, 0x00007ff2e85fa800,
0x00007ff2e8a94000, 0x00007ff2e85fb000, 0x00007ff2e8261800, 0x00007ff2e8262800,
0x00007ff2e84ca800, 0x00007ff2e84cb800, 0x00007ff2e84dd000
}

Java Threads: ( => current thread )
  0x00007ff3700f6800 JavaThread "Reference Handler" daemon [_thread_blocked, id=14557, stack(0x00007ff37432c000,0x00007ff37442d000)]
  0x00007ff3700f8800 JavaThread "Finalizer" daemon [_thread_blocked, id=14558, stack(0x00007ff37422b000,0x00007ff37432c000)]
  0x00007ff3700fe000 JavaThread "Signal Dispatcher" daemon [_thread_blocked, id=14559, stack(0x00007ff37412a000,0x00007ff37422b000)]
  0x00007ff370100000 JavaThread "Service Thread" daemon [_thread_blocked, id=14560, stack(0x00007ff374029000,0x00007ff37412a000)]
  0x00007ff370102000 JavaThread "C2 CompilerThread0" daemon [_thread_blocked, id=14561, stack(0x00007ff35085a000,0x00007ff35095b000)]
  0x00007ff370104000 JavaThread "C1 CompilerThread0" daemon [_thread_blocked, id=14562, stack(0x00007ff350759000,0x00007ff35085a000)]
  0x00007ff370106000 JavaThread "Sweeper thread" daemon [_thread_blocked, id=14563, stack(0x00007ff350658000,0x00007ff350759000)]
  0x00007ff370139000 JavaThread "Common-Cleaner" daemon [_thread_blocked, id=14565, stack(0x00007ff350455000,0x00007ff350556000)]
  0x00007ff300a23000 JavaThread "Live Reload Server" daemon [_thread_in_native, id=14633, stack(0x00007ff348592000,0x00007ff348693000)]
  0x00007ff370017800 JavaThread "DestroyJavaVM" [_thread_blocked, id=14544, stack(0x00007ff375fc7000,0x00007ff3760c8000)]
  0x00007ff2f01d3800 JavaThread "Catalina-utility-1" [_thread_blocked, id=21156, stack(0x00007ff2d76ff000,0x00007ff2d7800000)]
  0x00007ff2f01d4000 JavaThread "Catalina-utility-2" [_thread_blocked, id=21157, stack(0x00007ff348b94000,0x00007ff348c95000)]
  0x00007ff2f01d9800 JavaThread "container-0" [_thread_blocked, id=21158, stack(0x00007ff2d73fc000,0x00007ff2d74fd000)]
  0x00007ff2f0050800 JavaThread "File Watcher" daemon [_thread_blocked, id=21159, stack(0x00007ff348390000,0x00007ff348491000)]
  0x00007ff2f0051800 JavaThread "http-nio-8080-Poller" daemon [_thread_in_native, id=21162, stack(0x00007ff35004f000,0x00007ff350150000)]
  0x00007ff2f0063000 JavaThread "http-nio-8080-Acceptor" daemon [_thread_in_native, id=21163, stack(0x00007ff2d74fd000,0x00007ff2d75fe000)]
  0x00007ff2f0064000 JavaThread "scheduling-1" [_thread_blocked, id=21164, stack(0x00007ff2d75fe000,0x00007ff2d76ff000)]
  0x00007ff2e84e0000 JavaThread "http-nio-8080-exec-1" daemon [_thread_blocked, id=21199, stack(0x00007ff2d6d11000,0x00007ff2d6e12000)]
  0x00007ff2e85fc800 JavaThread "http-nio-8080-exec-2" daemon [_thread_blocked, id=21200, stack(0x00007ff348491000,0x00007ff348592000)]
  0x00007ff2e85fa800 JavaThread "http-nio-8080-exec-3" daemon [_thread_blocked, id=21202, stack(0x00007ff348693000,0x00007ff348794000)]
  0x00007ff2e8a94000 JavaThread "http-nio-8080-exec-4" daemon [_thread_blocked, id=21203, stack(0x00007ff34828f000,0x00007ff348390000)]
  0x00007ff2e85fb000 JavaThread "http-nio-8080-exec-5" daemon [_thread_blocked, id=21204, stack(0x00007ff348c95000,0x00007ff348d96000)]
  0x00007ff2e8261800 JavaThread "http-nio-8080-exec-6" daemon [_thread_blocked, id=21205, stack(0x00007ff2d6e12000,0x00007ff2d6f13000)]
  0x00007ff2e8262800 JavaThread "http-nio-8080-exec-7" daemon [_thread_blocked, id=21206, stack(0x00007ff349eff000,0x00007ff34a000000)]
  0x00007ff2e84ca800 JavaThread "http-nio-8080-exec-8" daemon [_thread_blocked, id=21219, stack(0x00007ff3499fa000,0x00007ff349afb000)]
  0x00007ff2e84cb800 JavaThread "http-nio-8080-exec-9" daemon [_thread_blocked, id=21225, stack(0x00007ff2d6c10000,0x00007ff2d6d11000)]
=>0x00007ff2e84dd000 JavaThread "http-nio-8080-exec-10" daemon [_thread_in_native, id=21226, stack(0x00007ff2d6b0f000,0x00007ff2d6c10000)]

Other Threads:
  0x00007ff3700f3800 VMThread "VM Thread" [stack: 0x00007ff37442f000,0x00007ff37452f000] [id=14556]
  0x00007ff370136800 WatcherThread [stack: 0x00007ff350558000,0x00007ff350658000] [id=14564]
  0x00007ff37002f000 GCTaskThread "GC Thread#0" [stack: 0x00007ff375c73000,0x00007ff375d73000] [id=14548]
  0x00007ff33c001000 GCTaskThread "GC Thread#1" [stack: 0x00007ff350355000,0x00007ff350455000] [id=14584]
  0x00007ff33c003800 GCTaskThread "GC Thread#2" [stack: 0x00007ff349dff000,0x00007ff349eff000] [id=14594]
  0x00007ff33c005000 GCTaskThread "GC Thread#3" [stack: 0x00007ff349cfd000,0x00007ff349dfd000] [id=14595]
  0x00007ff370059000 ConcurrentGCThread "G1 Main Marker" [stack: 0x00007ff374d81000,0x00007ff374e81000] [id=14549]
  0x00007ff37005b000 ConcurrentGCThread "G1 Conc#0" [stack: 0x00007ff374c7f000,0x00007ff374d7f000] [id=14550]
  0x00007ff3700c2000 ConcurrentGCThread "G1 Refine#0" [stack: 0x00007ff374779000,0x00007ff374879000] [id=14552]
  0x00007ff340001000 ConcurrentGCThread "G1 Refine#1" [stack: 0x00007ff350253000,0x00007ff350353000] [id=14585]
  0x00007ff3700c4000 ConcurrentGCThread "G1 Young RemSet Sampling" [stack: 0x00007ff374677000,0x00007ff374777000] [id=14553]

Threads with active compile tasks:

VM state:not at safepoint (normal execution)

VM Mutex/Monitor currently owned by a thread: None

Heap address: 0x0000000098800000, size: 1656 MB, Compressed Oops mode: 32-bit
Narrow klass base: 0x0000000800000000, Narrow klass shift: 3
Compressed class space size: 1073741824 Address: 0x0000000840000000

Heap:
 garbage-first heap   total 45056K, used 22361K [0x0000000098800000, 0x0000000100000000)
  region size 1024K, 4 young (4096K), 1 survivors (1024K)
 Metaspace       used 44229K, capacity 48405K, committed 49072K, reserved 1091584K
  class space    used 4923K, capacity 6851K, committed 7168K, reserved 1048576K
Heap Regions: E=young(eden), S=young(survivor), O=old, HS=humongous(starts), HC=humongous(continues), CS=collection set, F=free, A=archive, TAMS=top-at-mark-start (previous, next)
|   0|0x0000000098800000, 0x00000000988fffb0, 0x0000000098900000| 99%| O|  |TAMS 0x00000000988fffb0, 0x0000000098800000| Untracked 
|   1|0x0000000098900000, 0x00000000989ffff8, 0x0000000098a00000| 99%| O|  |TAMS 0x00000000989ffff8, 0x0000000098900000| Untracked 
|   2|0x0000000098a00000, 0x0000000098affff8, 0x0000000098b00000| 99%| O|  |TAMS 0x0000000098affff8, 0x0000000098a00000| Untracked 
|   3|0x0000000098b00000, 0x0000000098bffff8, 0x0000000098c00000| 99%| O|  |TAMS 0x0000000098bffff8, 0x0000000098b00000| Untracked 
|   4|0x0000000098c00000, 0x0000000098d00000, 0x0000000098d00000|100%| O|  |TAMS 0x0000000098d00000, 0x0000000098c00000| Untracked 
|   5|0x0000000098d00000, 0x0000000098dfffe8, 0x0000000098e00000| 99%| O|  |TAMS 0x0000000098dfffe8, 0x0000000098d00000| Untracked 
|   6|0x0000000098e00000, 0x0000000098effff8, 0x0000000098f00000| 99%| O|  |TAMS 0x0000000098effff8, 0x0000000098e00000| Untracked 
|   7|0x0000000098f00000, 0x0000000098ffffd8, 0x0000000099000000| 99%| O|  |TAMS 0x0000000098ffffd8, 0x0000000098f00000| Untracked 
|   8|0x0000000099000000, 0x00000000990ffe20, 0x0000000099100000| 99%| O|  |TAMS 0x00000000990ffe20, 0x0000000099000000| Untracked 
|   9|0x0000000099100000, 0x00000000991fff98, 0x0000000099200000| 99%| O|  |TAMS 0x00000000991fff98, 0x0000000099100000| Untracked 
|  10|0x0000000099200000, 0x00000000992fffc0, 0x0000000099300000| 99%| O|  |TAMS 0x00000000992fffc0, 0x0000000099200000| Untracked 
|  11|0x0000000099300000, 0x00000000993fffc0, 0x0000000099400000| 99%| O|  |TAMS 0x00000000993fffc0, 0x0000000099300000| Untracked 
|  12|0x0000000099400000, 0x00000000994ff7f8, 0x0000000099500000| 99%| O|  |TAMS 0x00000000994ff7f8, 0x0000000099400000| Untracked 
|  13|0x0000000099500000, 0x00000000995ffe20, 0x0000000099600000| 99%| O|  |TAMS 0x00000000995ffe20, 0x0000000099500000| Untracked 
|  14|0x0000000099600000, 0x00000000996ffff0, 0x0000000099700000| 99%| O|  |TAMS 0x00000000996ffff0, 0x0000000099600000| Untracked 
|  15|0x0000000099700000, 0x0000000099800000, 0x0000000099800000|100%| O|  |TAMS 0x0000000099700000, 0x0000000099700000| Untracked 
|  16|0x0000000099800000, 0x0000000099800000, 0x0000000099900000|  0%| F|  |TAMS 0x0000000099800000, 0x0000000099800000| Untracked 
|  17|0x0000000099900000, 0x0000000099900000, 0x0000000099a00000|  0%| F|  |TAMS 0x0000000099900000, 0x0000000099900000| Untracked 
|  18|0x0000000099a00000, 0x0000000099b00000, 0x0000000099b00000|100%| O|  |TAMS 0x0000000099b00000, 0x0000000099a00000| Untracked 
|  19|0x0000000099b00000, 0x0000000099c00000, 0x0000000099c00000|100%| O|  |TAMS 0x0000000099bd9400, 0x0000000099b00000| Untracked 
|  20|0x0000000099c00000, 0x0000000099d00000, 0x0000000099d00000|100%| O|  |TAMS 0x0000000099c00000, 0x0000000099c00000| Untracked 
|  21|0x0000000099d00000, 0x0000000099d00000, 0x0000000099e00000|  0%| F|  |TAMS 0x0000000099d00000, 0x0000000099d00000| Untracked 
|  22|0x0000000099e00000, 0x0000000099e00000, 0x0000000099f00000|  0%| F|  |TAMS 0x0000000099e00000, 0x0000000099e00000| Untracked 
|  23|0x0000000099f00000, 0x0000000099f00000, 0x000000009a000000|  0%| F|  |TAMS 0x0000000099f00000, 0x0000000099f00000| Untracked 
|  24|0x000000009a000000, 0x000000009a000000, 0x000000009a100000|  0%| F|  |TAMS 0x000000009a000000, 0x000000009a000000| Untracked 
|  25|0x000000009a100000, 0x000000009a100000, 0x000000009a200000|  0%| F|  |TAMS 0x000000009a100000, 0x000000009a100000| Untracked 
|  26|0x000000009a200000, 0x000000009a200000, 0x000000009a300000|  0%| F|  |TAMS 0x000000009a200000, 0x000000009a200000| Untracked 
|  27|0x000000009a300000, 0x000000009a300000, 0x000000009a400000|  0%| F|  |TAMS 0x000000009a300000, 0x000000009a300000| Untracked 
|  28|0x000000009a400000, 0x000000009a400000, 0x000000009a500000|  0%| F|  |TAMS 0x000000009a400000, 0x000000009a400000| Untracked 
|  29|0x000000009a500000, 0x000000009a500000, 0x000000009a600000|  0%| F|  |TAMS 0x000000009a500000, 0x000000009a500000| Untracked 
|  30|0x000000009a600000, 0x000000009a600000, 0x000000009a700000|  0%| F|  |TAMS 0x000000009a600000, 0x000000009a600000| Untracked 
|  31|0x000000009a700000, 0x000000009a700000, 0x000000009a800000|  0%| F|  |TAMS 0x000000009a700000, 0x000000009a700000| Untracked 
|  32|0x000000009a800000, 0x000000009a800000, 0x000000009a900000|  0%| F|  |TAMS 0x000000009a800000, 0x000000009a800000| Untracked 
|  33|0x000000009a900000, 0x000000009a900000, 0x000000009aa00000|  0%| F|  |TAMS 0x000000009a900000, 0x000000009a900000| Untracked 
|  34|0x000000009aa00000, 0x000000009aa00000, 0x000000009ab00000|  0%| F|  |TAMS 0x000000009aa00000, 0x000000009aa00000| Untracked 
|  35|0x000000009ab00000, 0x000000009ab00000, 0x000000009ac00000|  0%| F|  |TAMS 0x000000009ab00000, 0x000000009ab00000| Untracked 
|  36|0x000000009ac00000, 0x000000009ac00000, 0x000000009ad00000|  0%| F|  |TAMS 0x000000009ac00000, 0x000000009ac00000| Untracked 
|  37|0x000000009ad00000, 0x000000009ad00000, 0x000000009ae00000|  0%| F|  |TAMS 0x000000009ad00000, 0x000000009ad00000| Untracked 
|  38|0x000000009ae00000, 0x000000009ae874d8, 0x000000009af00000| 52%| E|  |TAMS 0x000000009ae00000, 0x000000009ae00000| Complete 
|  39|0x000000009af00000, 0x000000009b000000, 0x000000009b000000|100%| E|CS|TAMS 0x000000009af00000, 0x000000009af00000| Complete 
|  40|0x000000009b000000, 0x000000009b025358, 0x000000009b100000| 14%| S|CS|TAMS 0x000000009b000000, 0x000000009b000000| Complete 
|  63|0x000000009c700000, 0x000000009c800000, 0x000000009c800000|100%| E|CS|TAMS 0x000000009c700000, 0x000000009c700000| Complete 
|1654|0x00000000ffe00000, 0x00000000ffe47000, 0x00000000fff00000| 27%|OA|  |TAMS 0x00000000ffe47000, 0x00000000ffe00000| Untracked 
|1655|0x00000000fff00000, 0x00000000fff6b000, 0x0000000100000000| 41%|CA|  |TAMS 0x00000000fff6b000, 0x00000000fff00000| Untracked 

Card table byte_map: [0x00007ff3751f5000,0x00007ff375531000] _byte_map_base: 0x00007ff374d31000

Marking Bits (Prev, Next): (CMBitMap*) 0x00007ff370051de8, (CMBitMap*) 0x00007ff370051e20
 Prev Bits: [0x00007ff352620000, 0x00007ff354000000)
 Next Bits: [0x00007ff350c40000, 0x00007ff352620000)

Polling page: 0x00007ff375f7d000

Metaspace:

Usage:
  Non-class:     40.58 MB capacity,    38.38 MB ( 95%) used,     1.98 MB (  5%) free+waste,   220.56 KB ( <1%) overhead. 
      Class:      6.69 MB capacity,     4.81 MB ( 72%) used,     1.78 MB ( 27%) free+waste,   104.25 KB (  2%) overhead. 
       Both:     47.27 MB capacity,    43.19 MB ( 91%) used,     3.76 MB (  8%) free+waste,   324.81 KB ( <1%) overhead. 

Virtual space:
  Non-class space:       42.00 MB reserved,      40.92 MB ( 97%) committed 
      Class space:        1.00 GB reserved,       7.00 MB ( <1%) committed 
             Both:        1.04 GB reserved,      47.92 MB (  4%) committed 

Chunk freelists:
   Non-Class:  162.00 KB
       Class:  253.00 KB
        Both:  415.00 KB

MaxMetaspaceSize: unlimited
CompressedClassSpaceSize: 1.00 GB
Initial GC threshold: 20.80 MB
Current GC threshold: 79.87 MB
CDS: on

CodeHeap 'non-profiled nmethods': size=120032Kb used=12081Kb max_used=12081Kb free=107950Kb
 bounds [0x00007ff360327000, 0x00007ff360ef7000, 0x00007ff36785f000]
CodeHeap 'profiled nmethods': size=120032Kb used=31081Kb max_used=31081Kb free=88951Kb
 bounds [0x00007ff358def000, 0x00007ff35ac4f000, 0x00007ff360327000]
CodeHeap 'non-nmethods': size=5696Kb used=1258Kb max_used=1320Kb free=4438Kb
 bounds [0x00007ff35885f000, 0x00007ff358acf000, 0x00007ff358def000]
 total_blobs=13208 nmethods=12673 adapters=448
 compilation: enabled
              stopped_count=0, restarted_count=0
 full_count=0

Compilation events (20 events):
Event: 5992.638 Thread 0x00007ff370104000 nmethod 13058 0x00007ff35ac45c90 code [0x00007ff35ac45ea0, 0x00007ff35ac46400]
Event: 5992.638 Thread 0x00007ff370104000 13060       3       nl.han.minor.alliander.rfid.prototype.persistence.SQLiteDB::closeConnection (17 bytes)
Event: 5992.638 Thread 0x00007ff370104000 nmethod 13060 0x00007ff35ac46610 code [0x00007ff35ac467e0, 0x00007ff35ac46ab0]
Event: 5992.639 Thread 0x00007ff370104000 13059       3       nl.han.minor.alliander.rfid.prototype.persistence.SQLiteDB::executeSelectQuery (10 bytes)
Event: 5992.639 Thread 0x00007ff370104000 nmethod 13059 0x00007ff35ac46b90 code [0x00007ff35ac46d40, 0x00007ff35ac46f20]
Event: 5992.648 Thread 0x00007ff370102000 nmethod 13061 0x00007ff360eeec10 code [0x00007ff360eeede0, 0x00007ff360eef0d8]
Event: 5993.646 Thread 0x00007ff370104000 13062       3       java.lang.StringBuilder::append (8 bytes)
Event: 5993.646 Thread 0x00007ff370104000 nmethod 13062 0x00007ff35ac47010 code [0x00007ff35ac471c0, 0x00007ff35ac47320]
Event: 5993.651 Thread 0x00007ff370104000 13063       3       org.springframework.util.LinkedCaseInsensitiveMap::put (66 bytes)
Event: 5993.653 Thread 0x00007ff370104000 nmethod 13063 0x00007ff35ac47410 code [0x00007ff35ac47680, 0x00007ff35ac48100]
Event: 5993.653 Thread 0x00007ff370104000 13064       3       org.springframework.util.LinkedCaseInsensitiveMap$1::removeEldestEntry (32 bytes)
Event: 5993.654 Thread 0x00007ff370104000 nmethod 13064 0x00007ff35ac48490 code [0x00007ff35ac48640, 0x00007ff35ac487f0]
Event: 5994.659 Thread 0x00007ff370104000 13065       1       nl.han.minor.alliander.rfid.prototype.persistence.DAOs.ComponentDAO::getName (5 bytes)
Event: 5994.659 Thread 0x00007ff370104000 nmethod 13065 0x00007ff360eef490 code [0x00007ff360eef640, 0x00007ff360eef710]
Event: 5994.660 Thread 0x00007ff370104000 13066       1       nl.han.minor.alliander.rfid.prototype.persistence.DAOs.ComponentDAO::getSpecification (5 bytes)
Event: 5994.661 Thread 0x00007ff370104000 nmethod 13066 0x00007ff360eef790 code [0x00007ff360eef940, 0x00007ff360eefa10]
Event: 5995.647 Thread 0x00007ff370102000 13067   !   4       org.springframework.beans.factory.annotation.AutowiredAnnotationBeanPostProcessor::findAutowiringMetadata (124 bytes)
Event: 5995.834 Thread 0x00007ff370102000 nmethod 13067 0x00007ff360eefa90 code [0x00007ff360eefd80, 0x00007ff360ef2550]
Event: 5997.656 Thread 0x00007ff370104000 13068   !   3       jdk.internal.reflect.GeneratedMethodAccessor349::invoke (61 bytes)
Event: 5997.660 Thread 0x00007ff370104000 nmethod 13068 0x00007ff35ac48910 code [0x00007ff35ac48b40, 0x00007ff35ac49100]

GC Heap History (20 events):
Event: 5905.465 GC heap before
{Heap before GC invocations=197 (full 58):
 garbage-first heap   total 45056K, used 29220K [0x0000000098800000, 0x0000000100000000)
  region size 1024K, 12 young (12288K), 1 survivors (1024K)
 Metaspace       used 44192K, capacity 48478K, committed 49072K, reserved 1091584K
  class space    used 4922K, capacity 6880K, committed 7168K, reserved 1048576K
}
Event: 5905.636 GC heap after
{Heap after GC invocations=198 (full 59):
 garbage-first heap   total 45056K, used 16953K [0x0000000098800000, 0x0000000100000000)
  region size 1024K, 0 young (0K), 0 survivors (0K)
 Metaspace       used 44189K, capacity 48472K, committed 49072K, reserved 1091584K
  class space    used 4921K, capacity 6878K, committed 7168K, reserved 1048576K
}
Event: 5905.939 GC heap before
{Heap before GC invocations=198 (full 59):
 garbage-first heap   total 45056K, used 30265K [0x0000000098800000, 0x0000000100000000)
  region size 1024K, 13 young (13312K), 0 survivors (0K)
 Metaspace       used 44207K, capacity 48492K, committed 49072K, reserved 1091584K
  class space    used 4924K, capacity 6882K, committed 7168K, reserved 1048576K
}
Event: 5905.946 GC heap after
{Heap after GC invocations=199 (full 59):
 garbage-first heap   total 45056K, used 18495K [0x0000000098800000, 0x0000000100000000)
  region size 1024K, 2 young (2048K), 2 survivors (2048K)
 Metaspace       used 44207K, capacity 48492K, committed 49072K, reserved 1091584K
  class space    used 4924K, capacity 6882K, committed 7168K, reserved 1048576K
}
Event: 5906.217 GC heap before
{Heap before GC invocations=199 (full 59):
 garbage-first heap   total 45056K, used 30783K [0x0000000098800000, 0x0000000100000000)
  region size 1024K, 14 young (14336K), 2 survivors (2048K)
 Metaspace       used 44248K, capacity 48592K, committed 49072K, reserved 1091584K
  class space    used 4931K, capacity 6918K, committed 7168K, reserved 1048576K
}
Event: 5906.223 GC heap after
{Heap after GC invocations=200 (full 59):
 garbage-first heap   total 45056K, used 18942K [0x0000000098800000, 0x0000000100000000)
  region size 1024K, 1 young (1024K), 1 survivors (1024K)
 Metaspace       used 44248K, capacity 48592K, committed 49072K, reserved 1091584K
  class space    used 4931K, capacity 6918K, committed 7168K, reserved 1048576K
}
Event: 5931.641 GC heap before
{Heap before GC invocations=200 (full 59):
 garbage-first heap   total 45056K, used 31230K [0x0000000098800000, 0x0000000100000000)
  region size 1024K, 13 young (13312K), 1 survivors (1024K)
 Metaspace       used 44284K, capacity 48625K, committed 49072K, reserved 1091584K
  class space    used 4936K, capacity 6926K, committed 7168K, reserved 1048576K
}
Event: 5931.662 GC heap after
{Heap after GC invocations=201 (full 59):
 garbage-first heap   total 45056K, used 20788K [0x0000000098800000, 0x0000000100000000)
  region size 1024K, 2 young (2048K), 2 survivors (2048K)
 Metaspace       used 44284K, capacity 48625K, committed 49072K, reserved 1091584K
  class space    used 4936K, capacity 6926K, committed 7168K, reserved 1048576K
}
Event: 5940.116 GC heap before
{Heap before GC invocations=202 (full 59):
 garbage-first heap   total 45056K, used 22836K [0x0000000098800000, 0x0000000100000000)
  region size 1024K, 5 young (5120K), 2 survivors (2048K)
 Metaspace       used 44099K, capacity 48259K, committed 49072K, reserved 1091584K
  class space    used 4907K, capacity 6805K, committed 7168K, reserved 1048576K
}
Event: 5940.255 GC heap after
{Heap after GC invocations=203 (full 60):
 garbage-first heap   total 45056K, used 16912K [0x0000000098800000, 0x0000000100000000)
  region size 1024K, 0 young (0K), 0 survivors (0K)
 Metaspace       used 44099K, capacity 48259K, committed 49072K, reserved 1091584K
  class space    used 4907K, capacity 6805K, committed 7168K, reserved 1048576K
}
Event: 5940.530 GC heap before
{Heap before GC invocations=203 (full 60):
 garbage-first heap   total 45056K, used 29200K [0x0000000098800000, 0x0000000100000000)
  region size 1024K, 12 young (12288K), 0 survivors (0K)
 Metaspace       used 44117K, capacity 48279K, committed 49072K, reserved 1091584K
  class space    used 4910K, capacity 6809K, committed 7168K, reserved 1048576K
}
Event: 5940.555 GC heap after
{Heap after GC invocations=204 (full 60):
 garbage-first heap   total 45056K, used 18530K [0x0000000098800000, 0x0000000100000000)
  region size 1024K, 2 young (2048K), 2 survivors (2048K)
 Metaspace       used 44117K, capacity 48279K, committed 49072K, reserved 1091584K
  class space    used 4910K, capacity 6809K, committed 7168K, reserved 1048576K
}
Event: 5940.829 GC heap before
{Heap before GC invocations=205 (full 60):
 garbage-first heap   total 45056K, used 28770K [0x0000000098800000, 0x0000000100000000)
  region size 1024K, 13 young (13312K), 2 survivors (2048K)
 Metaspace       used 44123K, capacity 48343K, committed 49072K, reserved 1091584K
  class space    used 4910K, capacity 6809K, committed 7168K, reserved 1048576K
}
Event: 5940.839 GC heap after
{Heap after GC invocations=206 (full 60):
 garbage-first heap   total 45056K, used 18847K [0x0000000098800000, 0x0000000100000000)
  region size 1024K, 1 young (1024K), 1 survivors (1024K)
 Metaspace       used 44123K, capacity 48343K, committed 49072K, reserved 1091584K
  class space    used 4910K, capacity 6809K, committed 7168K, reserved 1048576K
}
Event: 5953.521 GC heap before
{Heap before GC invocations=206 (full 60):
 garbage-first heap   total 45056K, used 30111K [0x0000000098800000, 0x0000000100000000)
  region size 1024K, 13 young (13312K), 1 survivors (1024K)
 Metaspace       used 44177K, capacity 48394K, committed 49072K, reserved 1091584K
  class space    used 4918K, capacity 6848K, committed 7168K, reserved 1048576K
}
Event: 5953.537 GC heap after
{Heap after GC invocations=207 (full 60):
 garbage-first heap   total 45056K, used 20853K [0x0000000098800000, 0x0000000100000000)
  region size 1024K, 2 young (2048K), 2 survivors (2048K)
 Metaspace       used 44177K, capacity 48394K, committed 49072K, reserved 1091584K
  class space    used 4918K, capacity 6848K, committed 7168K, reserved 1048576K
}
Event: 5988.651 GC heap before
{Heap before GC invocations=208 (full 60):
 garbage-first heap   total 45056K, used 31020K [0x0000000098800000, 0x0000000100000000)
  region size 1024K, 12 young (12288K), 2 survivors (2048K)
 Metaspace       used 44221K, capacity 48404K, committed 49072K, reserved 1091584K
  class space    used 4922K, capacity 6851K, committed 7168K, reserved 1048576K
}
Event: 5988.659 GC heap after
{Heap after GC invocations=209 (full 60):
 garbage-first heap   total 45056K, used 20897K [0x0000000098800000, 0x0000000100000000)
  region size 1024K, 1 young (1024K), 1 survivors (1024K)
 Metaspace       used 44221K, capacity 48404K, committed 49072K, reserved 1091584K
  class space    used 4922K, capacity 6851K, committed 7168K, reserved 1048576K
}
Event: 5991.666 GC heap before
{Heap before GC invocations=209 (full 60):
 garbage-first heap   total 45056K, used 21921K [0x0000000098800000, 0x0000000100000000)
  region size 1024K, 2 young (2048K), 1 survivors (1024K)
 Metaspace       used 44221K, capacity 48404K, committed 49072K, reserved 1091584K
  class space    used 4922K, capacity 6851K, committed 7168K, reserved 1048576K
}
Event: 5991.671 GC heap after
{Heap after GC invocations=210 (full 60):
 garbage-first heap   total 45056K, used 20313K [0x0000000098800000, 0x0000000100000000)
  region size 1024K, 1 young (1024K), 1 survivors (1024K)
 Metaspace       used 44221K, capacity 48404K, committed 49072K, reserved 1091584K
  class space    used 4922K, capacity 6851K, committed 7168K, reserved 1048576K
}

Deoptimization events (20 events):
Event: 5980.509 Thread 0x00007ff2e84dd000 Uncommon trap: trap_request=0xffffffbe fr.pc=0x00007ff360eea690 relative=0x00000000000002b0
Event: 5980.509 Thread 0x00007ff2e84dd000 Uncommon trap: reason=profile_predicate action=maybe_recompile pc=0x00007ff360eea690 method=org.thymeleaf.linkbuilder.StandardLinkBuilder.findCharInSequence(Ljava/lang/CharSequence;C)I @ 11 c2
Event: 5980.509 Thread 0x00007ff2e84dd000 DEOPT PACKING pc=0x00007ff360eea690 sp=0x00007ff2d6c0b330
Event: 5980.509 Thread 0x00007ff2e84dd000 DEOPT UNPACKING pc=0x00007ff3588a8e9f sp=0x00007ff2d6c0b2e0 mode 2
Event: 5980.510 Thread 0x00007ff2e84dd000 Uncommon trap: trap_request=0xffffffbe fr.pc=0x00007ff360eea690 relative=0x00000000000002b0
Event: 5980.510 Thread 0x00007ff2e84dd000 Uncommon trap: reason=profile_predicate action=maybe_recompile pc=0x00007ff360eea690 method=org.thymeleaf.linkbuilder.StandardLinkBuilder.findCharInSequence(Ljava/lang/CharSequence;C)I @ 11 c2
Event: 5980.510 Thread 0x00007ff2e84dd000 DEOPT PACKING pc=0x00007ff360eea690 sp=0x00007ff2d6c0b330
Event: 5980.510 Thread 0x00007ff2e84dd000 DEOPT UNPACKING pc=0x00007ff3588a8e9f sp=0x00007ff2d6c0b2e0 mode 2
Event: 5980.510 Thread 0x00007ff2e84dd000 Uncommon trap: trap_request=0xffffffbe fr.pc=0x00007ff360eea690 relative=0x00000000000002b0
Event: 5980.510 Thread 0x00007ff2e84dd000 Uncommon trap: reason=profile_predicate action=maybe_recompile pc=0x00007ff360eea690 method=org.thymeleaf.linkbuilder.StandardLinkBuilder.findCharInSequence(Ljava/lang/CharSequence;C)I @ 11 c2
Event: 5980.510 Thread 0x00007ff2e84dd000 DEOPT PACKING pc=0x00007ff360eea690 sp=0x00007ff2d6c0b330
Event: 5980.510 Thread 0x00007ff2e84dd000 DEOPT UNPACKING pc=0x00007ff3588a8e9f sp=0x00007ff2d6c0b2e0 mode 2
Event: 5993.643 Thread 0x00007ff2e8a94000 Uncommon trap: trap_request=0xffffff4d fr.pc=0x00007ff36034d8cc relative=0x000000000000050c
Event: 5993.643 Thread 0x00007ff2e8a94000 Uncommon trap: reason=unstable_if action=reinterpret pc=0x00007ff36034d8cc method=java.lang.AbstractStringBuilder.append(Ljava/lang/String;)Ljava/lang/AbstractStringBuilder; @ 1 c2
Event: 5993.643 Thread 0x00007ff2e8a94000 DEOPT PACKING pc=0x00007ff36034d8cc sp=0x00007ff34838ca90
Event: 5993.643 Thread 0x00007ff2e8a94000 DEOPT UNPACKING pc=0x00007ff3588a8e9f sp=0x00007ff34838ca20 mode 2
Event: 5997.635 Thread 0x00007ff2f0064000 Uncommon trap: trap_request=0xffffff4d fr.pc=0x00007ff360e723d0 relative=0x0000000000000a90
Event: 5997.635 Thread 0x00007ff2f0064000 Uncommon trap: reason=unstable_if action=reinterpret pc=0x00007ff360e723d0 method=org.sqlite.core.DB.finalize(Lorg/sqlite/core/CoreStatement;)I @ 6 c2
Event: 5997.635 Thread 0x00007ff2f0064000 DEOPT PACKING pc=0x00007ff360e723d0 sp=0x00007ff2d76fd3c0
Event: 5997.635 Thread 0x00007ff2f0064000 DEOPT UNPACKING pc=0x00007ff3588a8e9f sp=0x00007ff2d76fd328 mode 2

Classes redefined (0 events):
No events

Internal exceptions (20 events):
Event: 5771.827 Thread 0x00007ff33c79e000 Exception <a 'java/io/FileNotFoundException'{0x000000009a6041a0}> (0x000000009a6041a0) thrown at [src/hotspot/share/prims/jni.cpp, line 615]
Event: 5888.680 Thread 0x00007ff30409d800 Exception <a 'java/lang/InterruptedException'{0x000000009aa60ad0}: sleep interrupted> (0x000000009aa60ad0) thrown at [src/hotspot/share/prims/jvm.cpp, line 3125]
Event: 5888.892 Thread 0x00007ff2dc12d000 Exception <a 'java/io/FileNotFoundException'{0x000000009c7a9c68}> (0x000000009c7a9c68) thrown at [src/hotspot/share/prims/jni.cpp, line 615]
Event: 5889.557 Thread 0x00007ff2dc12d000 Exception <a 'java/lang/NoClassDefFoundError'{0x000000009ad805c0}: org/flywaydb/core/Flyway> (0x000000009ad805c0) thrown at [src/hotspot/share/oops/constantPool.cpp, line 775]
Event: 5889.557 Thread 0x00007ff2dc12d000 Exception <a 'java/lang/NoClassDefFoundError'{0x000000009ad808e8}: liquibase/integration/spring/SpringLiquibase> (0x000000009ad808e8) thrown at [src/hotspot/share/oops/constantPool.cpp, line 775]
Event: 5889.638 Thread 0x00007ff2dc12d000 Exception <a 'java/io/FileNotFoundException'{0x000000009a748d70}> (0x000000009a748d70) thrown at [src/hotspot/share/prims/jni.cpp, line 615]
Event: 5889.658 Thread 0x00007ff2dc12d000 Exception <a 'java/io/FileNotFoundException'{0x000000009a6181c8}> (0x000000009a6181c8) thrown at [src/hotspot/share/prims/jni.cpp, line 615]
Event: 5905.455 Thread 0x00007ff2e4100800 Exception <a 'java/lang/InterruptedException'{0x000000009a6dd080}: sleep interrupted> (0x000000009a6dd080) thrown at [src/hotspot/share/prims/jvm.cpp, line 3125]
Event: 5905.654 Thread 0x00007ff2fc012000 Exception <a 'java/io/FileNotFoundException'{0x000000009c7ad4b0}> (0x000000009c7ad4b0) thrown at [src/hotspot/share/prims/jni.cpp, line 615]
Event: 5906.082 Thread 0x00007ff2fc012000 Exception <a 'java/lang/NoClassDefFoundError'{0x000000009ad5c198}: org/flywaydb/core/Flyway> (0x000000009ad5c198) thrown at [src/hotspot/share/oops/constantPool.cpp, line 775]
Event: 5906.082 Thread 0x00007ff2fc012000 Exception <a 'java/lang/NoClassDefFoundError'{0x000000009ad5c4c0}: liquibase/integration/spring/SpringLiquibase> (0x000000009ad5c4c0) thrown at [src/hotspot/share/oops/constantPool.cpp, line 775]
Event: 5906.160 Thread 0x00007ff2fc012000 Exception <a 'java/io/FileNotFoundException'{0x000000009a723548}> (0x000000009a723548) thrown at [src/hotspot/share/prims/jni.cpp, line 615]
Event: 5906.179 Thread 0x00007ff2fc012000 Exception <a 'java/io/FileNotFoundException'{0x000000009a7f20a8}> (0x000000009a7f20a8) thrown at [src/hotspot/share/prims/jni.cpp, line 615]
Event: 5940.103 Thread 0x00007ff2e8a94000 Exception <a 'java/lang/InterruptedException'{0x000000009af48990}: sleep interrupted> (0x000000009af48990) thrown at [src/hotspot/share/prims/jvm.cpp, line 3125]
Event: 5940.272 Thread 0x00007ff31c003800 Exception <a 'java/io/FileNotFoundException'{0x000000009c7ae990}> (0x000000009c7ae990) thrown at [src/hotspot/share/prims/jni.cpp, line 615]
Event: 5940.762 Thread 0x00007ff31c003800 Exception <a 'java/lang/NoClassDefFoundError'{0x000000009ac6b6f0}: org/flywaydb/core/Flyway> (0x000000009ac6b6f0) thrown at [src/hotspot/share/oops/constantPool.cpp, line 775]
Event: 5940.762 Thread 0x00007ff31c003800 Exception <a 'java/lang/NoClassDefFoundError'{0x000000009ac6ba18}: liquibase/integration/spring/SpringLiquibase> (0x000000009ac6ba18) thrown at [src/hotspot/share/oops/constantPool.cpp, line 775]
Event: 5940.851 Thread 0x00007ff31c003800 Exception <a 'java/io/FileNotFoundException'{0x000000009c7366f8}> (0x000000009c7366f8) thrown at [src/hotspot/share/prims/jni.cpp, line 615]
Event: 5940.868 Thread 0x00007ff31c003800 Exception <a 'java/io/FileNotFoundException'{0x000000009b005248}> (0x000000009b005248) thrown at [src/hotspot/share/prims/jni.cpp, line 615]
Event: 5993.643 Thread 0x00007ff2e8a94000 Implicit null exception at 0x00007ff36034d404 to 0x00007ff36034d8b8

Events (20 events):
Event: 5991.642 Executing VM operation: BulkRevokeBias
Event: 5991.643 Executing VM operation: BulkRevokeBias done
Event: 5991.665 Executing VM operation: G1CollectForAllocation
Event: 5991.672 Executing VM operation: G1CollectForAllocation done
Event: 5992.625 Executing VM operation: RevokeBias
Event: 5992.625 Executing VM operation: RevokeBias done
Event: 5993.632 Executing VM operation: RevokeBias
Event: 5993.633 Executing VM operation: RevokeBias done
Event: 5993.635 loading class org/springframework/web/context/request/async/AsyncRequestTimeoutException
Event: 5993.635 loading class org/springframework/web/context/request/async/AsyncRequestTimeoutException done
Event: 5993.640 loading class jdk/internal/reflect/GeneratedMethodAccessor355
Event: 5993.640 loading class jdk/internal/reflect/GeneratedMethodAccessor355 done
Event: 5993.640 loading class jdk/internal/reflect/GeneratedMethodAccessor355
Event: 5993.640 loading class jdk/internal/reflect/GeneratedMethodAccessor355 done
Event: 5995.641 Executing VM operation: RevokeBias
Event: 5995.641 Executing VM operation: RevokeBias done
Event: 5997.631 Executing VM operation: RevokeBias
Event: 5997.632 Executing VM operation: RevokeBias done
Event: 5999.630 Executing VM operation: RevokeBias
Event: 5999.630 Executing VM operation: RevokeBias done


Dynamic libraries:
98800000-9b100000 rw-p 00000000 00:00 0 
9b100000-9c700000 ---p 00000000 00:00 0 
9c700000-9c800000 rw-p 00000000 00:00 0 
9c800000-ffe00000 ---p 00000000 00:00 0 
ffe00000-ffe47000 rw-p 01113000 00:2c 142357                             /usr/lib/jvm/java-11-openjdk-amd64/lib/server/classes.jsa
ffe47000-fff00000 rw-p 00000000 00:00 0 
fff00000-fff6b000 rw-p 010a8000 00:2c 142357                             /usr/lib/jvm/java-11-openjdk-amd64/lib/server/classes.jsa
fff6b000-100000000 rw-p 00000000 00:00 0 
800000000-800002000 rwxp 00001000 00:2c 142357                           /usr/lib/jvm/java-11-openjdk-amd64/lib/server/classes.jsa
800002000-8003b9000 rw-p 00003000 00:2c 142357                           /usr/lib/jvm/java-11-openjdk-amd64/lib/server/classes.jsa
8003b9000-800a97000 r--p 003ba000 00:2c 142357                           /usr/lib/jvm/java-11-openjdk-amd64/lib/server/classes.jsa
800a97000-800a98000 rw-p 00a98000 00:2c 142357                           /usr/lib/jvm/java-11-openjdk-amd64/lib/server/classes.jsa
800a98000-8010a7000 r--p 00a99000 00:2c 142357                           /usr/lib/jvm/java-11-openjdk-amd64/lib/server/classes.jsa
840000000-840700000 rw-p 00000000 00:00 0 
840700000-880000000 ---p 00000000 00:00 0 
5c5d0b452000-5c5d0b453000 r--p 00000000 00:2c 140864                     /usr/lib/jvm/java-11-openjdk-amd64/bin/java
5c5d0b453000-5c5d0b454000 r-xp 00001000 00:2c 140864                     /usr/lib/jvm/java-11-openjdk-amd64/bin/java
5c5d0b454000-5c5d0b455000 r--p 00002000 00:2c 140864                     /usr/lib/jvm/java-11-openjdk-amd64/bin/java
5c5d0b455000-5c5d0b456000 r--p 00002000 00:2c 140864                     /usr/lib/jvm/java-11-openjdk-amd64/bin/java
5c5d0b456000-5c5d0b457000 rw-p 00003000 00:2c 140864                     /usr/lib/jvm/java-11-openjdk-amd64/bin/java
5c5d0d0d3000-5c5d0d18f000 rw-p 00000000 00:00 0                          [heap]
7ff2d670f000-7ff2d680f000 rw-p 00000000 00:00 0 
7ff2d680f000-7ff2d690f000 ---p 00000000 00:00 0 
7ff2d690f000-7ff2d6b0f000 rw-p 00000000 00:00 0 
7ff2d6b0f000-7ff2d6b13000 ---p 00000000 00:00 0 
7ff2d6b13000-7ff2d6c10000 rw-p 00000000 00:00 0 
7ff2d6c10000-7ff2d6c14000 ---p 00000000 00:00 0 
7ff2d6c14000-7ff2d6d11000 rw-p 00000000 00:00 0 
7ff2d6d11000-7ff2d6d15000 ---p 00000000 00:00 0 
7ff2d6d15000-7ff2d6e12000 rw-p 00000000 00:00 0 
7ff2d6e12000-7ff2d6e16000 ---p 00000000 00:00 0 
7ff2d6e16000-7ff2d7113000 rw-p 00000000 00:00 0 
7ff2d7113000-7ff2d71f6000 r-xp 00000000 00:2c 238458                     /tmp/sqlite-3.36.0.3-99f35408-b922-4cba-99d8-91ce04fe3109-libsqlitejdbc.so
7ff2d71f6000-7ff2d73f5000 ---p 000e3000 00:2c 238458                     /tmp/sqlite-3.36.0.3-99f35408-b922-4cba-99d8-91ce04fe3109-libsqlitejdbc.so
7ff2d73f5000-7ff2d73fc000 rw-p 000e2000 00:2c 238458                     /tmp/sqlite-3.36.0.3-99f35408-b922-4cba-99d8-91ce04fe3109-libsqlitejdbc.so
7ff2d73fc000-7ff2d7400000 ---p 00000000 00:00 0 
7ff2d7400000-7ff2d74fd000 rw-p 00000000 00:00 0 
7ff2d74fd000-7ff2d7501000 ---p 00000000 00:00 0 
7ff2d7501000-7ff2d75fe000 rw-p 00000000 00:00 0 
7ff2d75fe000-7ff2d7602000 ---p 00000000 00:00 0 
7ff2d7602000-7ff2d76ff000 rw-p 00000000 00:00 0 
7ff2d76ff000-7ff2d7703000 ---p 00000000 00:00 0 
7ff2d7703000-7ff2d7a00000 rw-p 00000000 00:00 0 
7ff2d7a00000-7ff2d7c00000 rw-p 00000000 00:00 0 
7ff2d7c00000-7ff2d7e00000 rw-p 00000000 00:00 0 
7ff2d7e00000-7ff2d8000000 rw-p 00000000 00:00 0 
7ff2d8000000-7ff2d8733000 rw-p 00000000 00:00 0 
7ff2d8733000-7ff2dc000000 ---p 00000000 00:00 0 
7ff2dc000000-7ff2dd141000 rw-p 00000000 00:00 0 
7ff2dd141000-7ff2e0000000 ---p 00000000 00:00 0 
7ff2e0000000-7ff2e009e000 rw-p 00000000 00:00 0 
7ff2e009e000-7ff2e4000000 ---p 00000000 00:00 0 
7ff2e4000000-7ff2e5100000 rw-p 00000000 00:00 0 
7ff2e5100000-7ff2e8000000 ---p 00000000 00:00 0 
7ff2e8000000-7ff2e9869000 rw-p 00000000 00:00 0 
7ff2e9869000-7ff2ec000000 ---p 00000000 00:00 0 
7ff2ec000000-7ff2ece1e000 rw-p 00000000 00:00 0 
7ff2ece1e000-7ff2f0000000 ---p 00000000 00:00 0 
7ff2f0000000-7ff2f0526000 rw-p 00000000 00:00 0 
7ff2f0526000-7ff2f4000000 ---p 00000000 00:00 0 
7ff2f4000000-7ff2f5ba6000 rw-p 00000000 00:00 0 
7ff2f5ba6000-7ff2f8000000 ---p 00000000 00:00 0 
7ff2f8000000-7ff2f805a000 rw-p 00000000 00:00 0 
7ff2f805a000-7ff2fc000000 ---p 00000000 00:00 0 
7ff2fc000000-7ff2fc05a000 rw-p 00000000 00:00 0 
7ff2fc05a000-7ff300000000 ---p 00000000 00:00 0 
7ff300000000-7ff30119f000 rw-p 00000000 00:00 0 
7ff30119f000-7ff304000000 ---p 00000000 00:00 0 
7ff304000000-7ff30562c000 rw-p 00000000 00:00 0 
7ff30562c000-7ff308000000 ---p 00000000 00:00 0 
7ff308000000-7ff308044000 rw-p 00000000 00:00 0 
7ff308044000-7ff30c000000 ---p 00000000 00:00 0 
7ff30c000000-7ff30d024000 rw-p 00000000 00:00 0 
7ff30d024000-7ff310000000 ---p 00000000 00:00 0 
7ff310000000-7ff310044000 rw-p 00000000 00:00 0 
7ff310044000-7ff314000000 ---p 00000000 00:00 0 
7ff314000000-7ff314050000 rw-p 00000000 00:00 0 
7ff314050000-7ff318000000 ---p 00000000 00:00 0 
7ff318000000-7ff318043000 rw-p 00000000 00:00 0 
7ff318043000-7ff31c000000 ---p 00000000 00:00 0 
7ff31c000000-7ff31c02e000 rw-p 00000000 00:00 0 
7ff31c02e000-7ff320000000 ---p 00000000 00:00 0 
7ff320000000-7ff322152000 rw-p 00000000 00:00 0 
7ff322152000-7ff324000000 ---p 00000000 00:00 0 
7ff324000000-7ff324d09000 rw-p 00000000 00:00 0 
7ff324d09000-7ff328000000 ---p 00000000 00:00 0 
7ff328000000-7ff328059000 rw-p 00000000 00:00 0 
7ff328059000-7ff32c000000 ---p 00000000 00:00 0 
7ff32c000000-7ff32c030000 rw-p 00000000 00:00 0 
7ff32c030000-7ff330000000 ---p 00000000 00:00 0 
7ff330000000-7ff330045000 rw-p 00000000 00:00 0 
7ff330045000-7ff334000000 ---p 00000000 00:00 0 
7ff334000000-7ff334061000 rw-p 00000000 00:00 0 
7ff334061000-7ff338000000 ---p 00000000 00:00 0 
7ff338000000-7ff338032000 rw-p 00000000 00:00 0 
7ff338032000-7ff33c000000 ---p 00000000 00:00 0 
7ff33c000000-7ff33cbb2000 rw-p 00000000 00:00 0 
7ff33cbb2000-7ff340000000 ---p 00000000 00:00 0 
7ff340000000-7ff340030000 rw-p 00000000 00:00 0 
7ff340030000-7ff344000000 ---p 00000000 00:00 0 
7ff344000000-7ff344047000 rw-p 00000000 00:00 0 
7ff344047000-7ff348000000 ---p 00000000 00:00 0 
7ff34808f000-7ff34828f000 rw-p 00000000 00:00 0 
7ff34828f000-7ff348293000 ---p 00000000 00:00 0 
7ff348293000-7ff348390000 rw-p 00000000 00:00 0 
7ff348390000-7ff348394000 ---p 00000000 00:00 0 
7ff348394000-7ff348491000 rw-p 00000000 00:00 0 
7ff348491000-7ff348495000 ---p 00000000 00:00 0 
7ff348495000-7ff348592000 rw-p 00000000 00:00 0 
7ff348592000-7ff348596000 ---p 00000000 00:00 0 
7ff348596000-7ff348693000 rw-p 00000000 00:00 0 
7ff348693000-7ff348697000 ---p 00000000 00:00 0 
7ff348697000-7ff348994000 rw-p 00000000 00:00 0 
7ff348994000-7ff348b94000 rw-p 00000000 00:00 0 
7ff348b94000-7ff348b98000 ---p 00000000 00:00 0 
7ff348b98000-7ff348c95000 rw-p 00000000 00:00 0 
7ff348c95000-7ff348c99000 ---p 00000000 00:00 0 
7ff348c99000-7ff348f96000 rw-p 00000000 00:00 0 
7ff348f96000-7ff349196000 rw-p 00000000 00:00 0 
7ff349196000-7ff349382000 rw-p 00000000 00:00 0 
7ff349382000-7ff349396000 ---p 00000000 00:00 0 
7ff349396000-7ff349596000 rw-p 00000000 00:00 0 
7ff349596000-7ff349796000 rw-p 00000000 00:00 0 
7ff3497fa000-7ff3499fa000 rw-p 00000000 00:00 0 
7ff3499fa000-7ff3499fe000 ---p 00000000 00:00 0 
7ff3499fe000-7ff349cfb000 rw-p 00000000 00:00 0 
7ff349cfb000-7ff349cfc000 ---p 00000000 00:00 0 
7ff349cfc000-7ff349dfd000 rw-p 00000000 00:00 0 
7ff349dfd000-7ff349dfe000 ---p 00000000 00:00 0 
7ff349dfe000-7ff349eff000 rw-p 00000000 00:00 0 
7ff349eff000-7ff349f03000 ---p 00000000 00:00 0 
7ff349f03000-7ff34c000000 rw-p 00000000 00:00 0 
7ff34c000000-7ff34c02f000 rw-p 00000000 00:00 0 
7ff34c02f000-7ff350000000 ---p 00000000 00:00 0 
7ff35002d000-7ff350031000 ---p 00000000 00:00 0 
7ff350031000-7ff35004f000 rw-p 00000000 00:00 0 
7ff35004f000-7ff350053000 ---p 00000000 00:00 0 
7ff350053000-7ff350150000 rw-p 00000000 00:00 0 
7ff350150000-7ff350154000 ---p 00000000 00:00 0 
7ff350154000-7ff350251000 rw-p 00000000 00:00 0 
7ff350251000-7ff350252000 ---p 00000000 00:00 0 
7ff350252000-7ff350353000 rw-p 00000000 00:00 0 
7ff350353000-7ff350354000 ---p 00000000 00:00 0 
7ff350354000-7ff350455000 rw-p 00000000 00:00 0 
7ff350455000-7ff350459000 ---p 00000000 00:00 0 
7ff350459000-7ff350556000 rw-p 00000000 00:00 0 
7ff350556000-7ff350557000 ---p 00000000 00:00 0 
7ff350557000-7ff350658000 rw-p 00000000 00:00 0 
7ff350658000-7ff35065c000 ---p 00000000 00:00 0 
7ff35065c000-7ff350759000 rw-p 00000000 00:00 0 
7ff350759000-7ff35075d000 ---p 00000000 00:00 0 
7ff35075d000-7ff35085a000 rw-p 00000000 00:00 0 
7ff35085a000-7ff35085e000 ---p 00000000 00:00 0 
7ff35085e000-7ff35095b000 rw-p 00000000 00:00 0 
7ff35095b000-7ff350c40000 r--p 00000000 00:2c 2943                       /usr/lib/locale/locale-archive
7ff350c40000-7ff350ce4000 rw-p 00000000 00:00 0 
7ff350ce4000-7ff350d3c000 ---p 00000000 00:00 0 
7ff350d3c000-7ff350d40000 rw-p 00000000 00:00 0 
7ff350d40000-7ff352618000 ---p 00000000 00:00 0 
7ff352618000-7ff3526c4000 rw-p 00000000 00:00 0 
7ff3526c4000-7ff35271c000 ---p 00000000 00:00 0 
7ff35271c000-7ff352720000 rw-p 00000000 00:00 0 
7ff352720000-7ff353ff8000 ---p 00000000 00:00 0 
7ff353ff8000-7ff354000000 rw-p 00000000 00:00 0 
7ff354000000-7ff35404e000 rw-p 00000000 00:00 0 
7ff35404e000-7ff358000000 ---p 00000000 00:00 0 
7ff358015000-7ff358046000 rw-p 00000000 00:00 0 
7ff358046000-7ff35804a000 r--p 00000000 00:2c 141013                     /usr/lib/jvm/java-11-openjdk-amd64/lib/libnet.so
7ff35804a000-7ff358059000 r-xp 00004000 00:2c 141013                     /usr/lib/jvm/java-11-openjdk-amd64/lib/libnet.so
7ff358059000-7ff35805d000 r--p 00013000 00:2c 141013                     /usr/lib/jvm/java-11-openjdk-amd64/lib/libnet.so
7ff35805d000-7ff35805e000 r--p 00016000 00:2c 141013                     /usr/lib/jvm/java-11-openjdk-amd64/lib/libnet.so
7ff35805e000-7ff35805f000 rw-p 00017000 00:2c 141013                     /usr/lib/jvm/java-11-openjdk-amd64/lib/libnet.so
7ff35805f000-7ff35885f000 rw-p 00000000 00:00 0 
7ff35885f000-7ff358acf000 rwxp 00000000 00:00 0 
7ff358acf000-7ff358def000 ---p 00000000 00:00 0 
7ff358def000-7ff35ac4f000 rwxp 00000000 00:00 0 
7ff35ac4f000-7ff360327000 ---p 00000000 00:00 0 
7ff360327000-7ff360ef7000 rwxp 00000000 00:00 0 
7ff360ef7000-7ff36785f000 ---p 00000000 00:00 0 
7ff36785f000-7ff370000000 r--s 00000000 00:2c 141023                     /usr/lib/jvm/java-11-openjdk-amd64/lib/modules
7ff370000000-7ff370604000 rw-p 00000000 00:00 0 
7ff370604000-7ff374000000 ---p 00000000 00:00 0 
7ff374001000-7ff374002000 r--p 00000000 00:2c 140995                     /usr/lib/jvm/java-11-openjdk-amd64/lib/libextnet.so
7ff374002000-7ff374003000 r-xp 00001000 00:2c 140995                     /usr/lib/jvm/java-11-openjdk-amd64/lib/libextnet.so
7ff374003000-7ff374004000 r--p 00002000 00:2c 140995                     /usr/lib/jvm/java-11-openjdk-amd64/lib/libextnet.so
7ff374004000-7ff374005000 r--p 00002000 00:2c 140995                     /usr/lib/jvm/java-11-openjdk-amd64/lib/libextnet.so
7ff374005000-7ff374006000 rw-p 00003000 00:2c 140995                     /usr/lib/jvm/java-11-openjdk-amd64/lib/libextnet.so
7ff374006000-7ff374008000 r--p 00000000 00:2c 141011                     /usr/lib/jvm/java-11-openjdk-amd64/lib/libmanagement_ext.so
7ff374008000-7ff37400b000 r-xp 00002000 00:2c 141011                     /usr/lib/jvm/java-11-openjdk-amd64/lib/libmanagement_ext.so
7ff37400b000-7ff37400c000 r--p 00005000 00:2c 141011                     /usr/lib/jvm/java-11-openjdk-amd64/lib/libmanagement_ext.so
7ff37400c000-7ff37400d000 ---p 00006000 00:2c 141011                     /usr/lib/jvm/java-11-openjdk-amd64/lib/libmanagement_ext.so
7ff37400d000-7ff37400e000 r--p 00006000 00:2c 141011                     /usr/lib/jvm/java-11-openjdk-amd64/lib/libmanagement_ext.so
7ff37400e000-7ff37400f000 rw-p 00007000 00:2c 141011                     /usr/lib/jvm/java-11-openjdk-amd64/lib/libmanagement_ext.so
7ff37400f000-7ff374012000 r--p 00000000 00:2c 141009                     /usr/lib/jvm/java-11-openjdk-amd64/lib/libmanagement.so
7ff374012000-7ff374013000 r-xp 00003000 00:2c 141009                     /usr/lib/jvm/java-11-openjdk-amd64/lib/libmanagement.so
7ff374013000-7ff374014000 r--p 00004000 00:2c 141009                     /usr/lib/jvm/java-11-openjdk-amd64/lib/libmanagement.so
7ff374014000-7ff374015000 r--p 00004000 00:2c 141009                     /usr/lib/jvm/java-11-openjdk-amd64/lib/libmanagement.so
7ff374015000-7ff374016000 rw-p 00005000 00:2c 141009                     /usr/lib/jvm/java-11-openjdk-amd64/lib/libmanagement.so
7ff374016000-7ff37401d000 r--p 00000000 00:2c 141014                     /usr/lib/jvm/java-11-openjdk-amd64/lib/libnio.so
7ff37401d000-7ff374024000 r-xp 00007000 00:2c 141014                     /usr/lib/jvm/java-11-openjdk-amd64/lib/libnio.so
7ff374024000-7ff374027000 r--p 0000e000 00:2c 141014                     /usr/lib/jvm/java-11-openjdk-amd64/lib/libnio.so
7ff374027000-7ff374028000 r--p 00010000 00:2c 141014                     /usr/lib/jvm/java-11-openjdk-amd64/lib/libnio.so
7ff374028000-7ff374029000 rw-p 00011000 00:2c 141014                     /usr/lib/jvm/java-11-openjdk-amd64/lib/libnio.so
7ff374029000-7ff37402d000 ---p 00000000 00:00 0 
7ff37402d000-7ff37412a000 rw-p 00000000 00:00 0 
7ff37412a000-7ff37412e000 ---p 00000000 00:00 0 
7ff37412e000-7ff37422b000 rw-p 00000000 00:00 0 
7ff37422b000-7ff37422f000 ---p 00000000 00:00 0 
7ff37422f000-7ff37432c000 rw-p 00000000 00:00 0 
7ff37432c000-7ff374330000 ---p 00000000 00:00 0 
7ff374330000-7ff37442d000 rw-p 00000000 00:00 0 
7ff37442d000-7ff37442e000 ---p 00000000 00:00 0 
7ff37442e000-7ff374675000 rw-p 00000000 00:00 0 
7ff374675000-7ff374676000 ---p 00000000 00:00 0 
7ff374676000-7ff374777000 rw-p 00000000 00:00 0 
7ff374777000-7ff374778000 ---p 00000000 00:00 0 
7ff374778000-7ff374c7d000 rw-p 00000000 00:00 0 
7ff374c7d000-7ff374c7e000 ---p 00000000 00:00 0 
7ff374c7e000-7ff374d7f000 rw-p 00000000 00:00 0 
7ff374d7f000-7ff374d80000 ---p 00000000 00:00 0 
7ff374d80000-7ff374ece000 rw-p 00000000 00:00 0 
7ff374ece000-7ff374ed8000 ---p 00000000 00:00 0 
7ff374ed8000-7ff374ed9000 rw-p 00000000 00:00 0 
7ff374ed9000-7ff3751f4000 ---p 00000000 00:00 0 
7ff3751f4000-7ff37520a000 rw-p 00000000 00:00 0 
7ff37520a000-7ff375214000 ---p 00000000 00:00 0 
7ff375214000-7ff375215000 rw-p 00000000 00:00 0 
7ff375215000-7ff375530000 ---p 00000000 00:00 0 
7ff375530000-7ff375546000 rw-p 00000000 00:00 0 
7ff375546000-7ff375550000 ---p 00000000 00:00 0 
7ff375550000-7ff375551000 rw-p 00000000 00:00 0 
7ff375551000-7ff37586c000 ---p 00000000 00:00 0 
7ff37586c000-7ff375c71000 rw-p 00000000 00:00 0 
7ff375c71000-7ff375c72000 ---p 00000000 00:00 0 
7ff375c72000-7ff375d8b000 rw-p 00000000 00:00 0 
7ff375d8b000-7ff375e5e000 ---p 00000000 00:00 0 
7ff375e5e000-7ff375e9b000 rw-p 00000000 00:00 0 
7ff375e9b000-7ff375f49000 ---p 00000000 00:00 0 
7ff375f49000-7ff375f4e000 rw-p 00000000 00:00 0 
7ff375f4e000-7ff375f55000 ---p 00000000 00:00 0 
7ff375f55000-7ff375f57000 r--p 00000000 00:2c 141022                     /usr/lib/jvm/java-11-openjdk-amd64/lib/libzip.so
7ff375f57000-7ff375f5b000 r-xp 00002000 00:2c 141022                     /usr/lib/jvm/java-11-openjdk-amd64/lib/libzip.so
7ff375f5b000-7ff375f5d000 r--p 00006000 00:2c 141022                     /usr/lib/jvm/java-11-openjdk-amd64/lib/libzip.so
7ff375f5d000-7ff375f5e000 r--p 00007000 00:2c 141022                     /usr/lib/jvm/java-11-openjdk-amd64/lib/libzip.so
7ff375f5e000-7ff375f5f000 rw-p 00008000 00:2c 141022                     /usr/lib/jvm/java-11-openjdk-amd64/lib/libzip.so
7ff375f5f000-7ff375f62000 r--p 00000000 00:2c 1861                       /lib/x86_64-linux-gnu/libnss_files-2.28.so
7ff375f62000-7ff375f69000 r-xp 00003000 00:2c 1861                       /lib/x86_64-linux-gnu/libnss_files-2.28.so
7ff375f69000-7ff375f6b000 r--p 0000a000 00:2c 1861                       /lib/x86_64-linux-gnu/libnss_files-2.28.so
7ff375f6b000-7ff375f6c000 ---p 0000c000 00:2c 1861                       /lib/x86_64-linux-gnu/libnss_files-2.28.so
7ff375f6c000-7ff375f6d000 r--p 0000c000 00:2c 1861                       /lib/x86_64-linux-gnu/libnss_files-2.28.so
7ff375f6d000-7ff375f6e000 rw-p 0000d000 00:2c 1861                       /lib/x86_64-linux-gnu/libnss_files-2.28.so
7ff375f6e000-7ff375f74000 rw-p 00000000 00:00 0 
7ff375f74000-7ff375f75000 r--s 00008000 00:2c 141485                     /usr/share/java/java-atk-wrapper.jar
7ff375f75000-7ff375f7d000 rw-s 00000000 00:2c 238156                     /tmp/hsperfdata_evanwf2001/14543
7ff375f7d000-7ff375f7e000 ---p 00000000 00:00 0 
7ff375f7e000-7ff375f7f000 r--p 00000000 00:00 0 
7ff375f7f000-7ff375f8d000 r--p 00000000 00:2c 141002                     /usr/lib/jvm/java-11-openjdk-amd64/lib/libjava.so
7ff375f8d000-7ff375fa2000 r-xp 0000e000 00:2c 141002                     /usr/lib/jvm/java-11-openjdk-amd64/lib/libjava.so
7ff375fa2000-7ff375fa9000 r--p 00023000 00:2c 141002                     /usr/lib/jvm/java-11-openjdk-amd64/lib/libjava.so
7ff375fa9000-7ff375faa000 r--p 00029000 00:2c 141002                     /usr/lib/jvm/java-11-openjdk-amd64/lib/libjava.so
7ff375faa000-7ff375fab000 rw-p 0002a000 00:2c 141002                     /usr/lib/jvm/java-11-openjdk-amd64/lib/libjava.so
7ff375fab000-7ff375fac000 rw-p 00000000 00:00 0 
7ff375fac000-7ff375fb1000 r--p 00000000 00:2c 141021                     /usr/lib/jvm/java-11-openjdk-amd64/lib/libverify.so
7ff375fb1000-7ff375fb8000 r-xp 00005000 00:2c 141021                     /usr/lib/jvm/java-11-openjdk-amd64/lib/libverify.so
7ff375fb8000-7ff375fba000 r--p 0000c000 00:2c 141021                     /usr/lib/jvm/java-11-openjdk-amd64/lib/libverify.so
7ff375fba000-7ff375fbc000 r--p 0000d000 00:2c 141021                     /usr/lib/jvm/java-11-openjdk-amd64/lib/libverify.so
7ff375fbc000-7ff375fbd000 rw-p 0000f000 00:2c 141021                     /usr/lib/jvm/java-11-openjdk-amd64/lib/libverify.so
7ff375fbd000-7ff375fbf000 r--p 00000000 00:2c 1887                       /lib/x86_64-linux-gnu/librt-2.28.so
7ff375fbf000-7ff375fc3000 r-xp 00002000 00:2c 1887                       /lib/x86_64-linux-gnu/librt-2.28.so
7ff375fc3000-7ff375fc5000 r--p 00006000 00:2c 1887                       /lib/x86_64-linux-gnu/librt-2.28.so
7ff375fc5000-7ff375fc6000 r--p 00007000 00:2c 1887                       /lib/x86_64-linux-gnu/librt-2.28.so
7ff375fc6000-7ff375fc7000 rw-p 00008000 00:2c 1887                       /lib/x86_64-linux-gnu/librt-2.28.so
7ff375fc7000-7ff375fcb000 ---p 00000000 00:00 0 
7ff375fcb000-7ff3760c8000 rw-p 00000000 00:00 0 
7ff3760c8000-7ff3760cb000 r--p 00000000 00:2c 1827                       /lib/x86_64-linux-gnu/libgcc_s.so.1
7ff3760cb000-7ff3760dc000 r-xp 00003000 00:2c 1827                       /lib/x86_64-linux-gnu/libgcc_s.so.1
7ff3760dc000-7ff3760df000 r--p 00014000 00:2c 1827                       /lib/x86_64-linux-gnu/libgcc_s.so.1
7ff3760df000-7ff3760e0000 ---p 00017000 00:2c 1827                       /lib/x86_64-linux-gnu/libgcc_s.so.1
7ff3760e0000-7ff3760e1000 r--p 00017000 00:2c 1827                       /lib/x86_64-linux-gnu/libgcc_s.so.1
7ff3760e1000-7ff3760e2000 rw-p 00018000 00:2c 1827                       /lib/x86_64-linux-gnu/libgcc_s.so.1
7ff3760e2000-7ff3760ef000 r--p 00000000 00:2c 1842                       /lib/x86_64-linux-gnu/libm-2.28.so
7ff3760ef000-7ff37618e000 r-xp 0000d000 00:2c 1842                       /lib/x86_64-linux-gnu/libm-2.28.so
7ff37618e000-7ff376263000 r--p 000ac000 00:2c 1842                       /lib/x86_64-linux-gnu/libm-2.28.so
7ff376263000-7ff376264000 r--p 00180000 00:2c 1842                       /lib/x86_64-linux-gnu/libm-2.28.so
7ff376264000-7ff376265000 rw-p 00181000 00:2c 1842                       /lib/x86_64-linux-gnu/libm-2.28.so
7ff376265000-7ff3762ee000 r--p 00000000 00:2c 5141                       /usr/lib/x86_64-linux-gnu/libstdc++.so.6.0.25
7ff3762ee000-7ff37639a000 r-xp 00089000 00:2c 5141                       /usr/lib/x86_64-linux-gnu/libstdc++.so.6.0.25
7ff37639a000-7ff3763d8000 r--p 00135000 00:2c 5141                       /usr/lib/x86_64-linux-gnu/libstdc++.so.6.0.25
7ff3763d8000-7ff3763d9000 ---p 00173000 00:2c 5141                       /usr/lib/x86_64-linux-gnu/libstdc++.so.6.0.25
7ff3763d9000-7ff3763e3000 r--p 00173000 00:2c 5141                       /usr/lib/x86_64-linux-gnu/libstdc++.so.6.0.25
7ff3763e3000-7ff3763e5000 rw-p 0017d000 00:2c 5141                       /usr/lib/x86_64-linux-gnu/libstdc++.so.6.0.25
7ff3763e5000-7ff3763e9000 rw-p 00000000 00:00 0 
7ff3763e9000-7ff37666b000 r--p 00000000 00:2c 141028                     /usr/lib/jvm/java-11-openjdk-amd64/lib/server/libjvm.so
7ff37666b000-7ff377293000 r-xp 00282000 00:2c 141028                     /usr/lib/jvm/java-11-openjdk-amd64/lib/server/libjvm.so
7ff377293000-7ff3774ed000 r--p 00eaa000 00:2c 141028                     /usr/lib/jvm/java-11-openjdk-amd64/lib/server/libjvm.so
7ff3774ed000-7ff3775b1000 r--p 01103000 00:2c 141028                     /usr/lib/jvm/java-11-openjdk-amd64/lib/server/libjvm.so
7ff3775b1000-7ff3775ec000 rw-p 011c7000 00:2c 141028                     /usr/lib/jvm/java-11-openjdk-amd64/lib/server/libjvm.so
7ff3775ec000-7ff377645000 rw-p 00000000 00:00 0 
7ff377645000-7ff377667000 r--p 00000000 00:2c 1798                       /lib/x86_64-linux-gnu/libc-2.28.so
7ff377667000-7ff3777af000 r-xp 00022000 00:2c 1798                       /lib/x86_64-linux-gnu/libc-2.28.so
7ff3777af000-7ff3777fb000 r--p 0016a000 00:2c 1798                       /lib/x86_64-linux-gnu/libc-2.28.so
7ff3777fb000-7ff3777fc000 ---p 001b6000 00:2c 1798                       /lib/x86_64-linux-gnu/libc-2.28.so
7ff3777fc000-7ff377800000 r--p 001b6000 00:2c 1798                       /lib/x86_64-linux-gnu/libc-2.28.so
7ff377800000-7ff377802000 rw-p 001ba000 00:2c 1798                       /lib/x86_64-linux-gnu/libc-2.28.so
7ff377802000-7ff377806000 rw-p 00000000 00:00 0 
7ff377806000-7ff377807000 r--p 00000000 00:2c 1813                       /lib/x86_64-linux-gnu/libdl-2.28.so
7ff377807000-7ff377808000 r-xp 00001000 00:2c 1813                       /lib/x86_64-linux-gnu/libdl-2.28.so
7ff377808000-7ff377809000 r--p 00002000 00:2c 1813                       /lib/x86_64-linux-gnu/libdl-2.28.so
7ff377809000-7ff37780a000 r--p 00002000 00:2c 1813                       /lib/x86_64-linux-gnu/libdl-2.28.so
7ff37780a000-7ff37780b000 rw-p 00003000 00:2c 1813                       /lib/x86_64-linux-gnu/libdl-2.28.so
7ff37780b000-7ff37780e000 r--p 00000000 00:2c 140987                     /usr/lib/jvm/java-11-openjdk-amd64/lib/jli/libjli.so
7ff37780e000-7ff377818000 r-xp 00003000 00:2c 140987                     /usr/lib/jvm/java-11-openjdk-amd64/lib/jli/libjli.so
7ff377818000-7ff37781b000 r--p 0000d000 00:2c 140987                     /usr/lib/jvm/java-11-openjdk-amd64/lib/jli/libjli.so
7ff37781b000-7ff37781c000 ---p 00010000 00:2c 140987                     /usr/lib/jvm/java-11-openjdk-amd64/lib/jli/libjli.so
7ff37781c000-7ff37781d000 r--p 00010000 00:2c 140987                     /usr/lib/jvm/java-11-openjdk-amd64/lib/jli/libjli.so
7ff37781d000-7ff37781e000 rw-p 00011000 00:2c 140987                     /usr/lib/jvm/java-11-openjdk-amd64/lib/jli/libjli.so
7ff37781e000-7ff377824000 r--p 00000000 00:2c 1881                       /lib/x86_64-linux-gnu/libpthread-2.28.so
7ff377824000-7ff377833000 r-xp 00006000 00:2c 1881                       /lib/x86_64-linux-gnu/libpthread-2.28.so
7ff377833000-7ff377839000 r--p 00015000 00:2c 1881                       /lib/x86_64-linux-gnu/libpthread-2.28.so
7ff377839000-7ff37783a000 r--p 0001a000 00:2c 1881                       /lib/x86_64-linux-gnu/libpthread-2.28.so
7ff37783a000-7ff37783b000 rw-p 0001b000 00:2c 1881                       /lib/x86_64-linux-gnu/libpthread-2.28.so
7ff37783b000-7ff37783f000 rw-p 00000000 00:00 0 
7ff37783f000-7ff37785b000 r-xp 00000000 00:2c 1914                       /lib/x86_64-linux-gnu/libz.so.1.2.11
7ff37785b000-7ff377a5b000 ---p 0001c000 00:2c 1914                       /lib/x86_64-linux-gnu/libz.so.1.2.11
7ff377a5b000-7ff377a5c000 r--p 0001c000 00:2c 1914                       /lib/x86_64-linux-gnu/libz.so.1.2.11
7ff377a5c000-7ff377a5d000 rw-p 0001d000 00:2c 1914                       /lib/x86_64-linux-gnu/libz.so.1.2.11
7ff377a5d000-7ff377a5f000 rw-p 00000000 00:00 0 
7ff377a5f000-7ff377a61000 r--p 00000000 00:2c 141005                     /usr/lib/jvm/java-11-openjdk-amd64/lib/libjimage.so
7ff377a61000-7ff377a64000 r-xp 00002000 00:2c 141005                     /usr/lib/jvm/java-11-openjdk-amd64/lib/libjimage.so
7ff377a64000-7ff377a65000 r--p 00005000 00:2c 141005                     /usr/lib/jvm/java-11-openjdk-amd64/lib/libjimage.so
7ff377a65000-7ff377a66000 ---p 00006000 00:2c 141005                     /usr/lib/jvm/java-11-openjdk-amd64/lib/libjimage.so
7ff377a66000-7ff377a67000 r--p 00006000 00:2c 141005                     /usr/lib/jvm/java-11-openjdk-amd64/lib/libjimage.so
7ff377a67000-7ff377a68000 rw-p 00007000 00:2c 141005                     /usr/lib/jvm/java-11-openjdk-amd64/lib/libjimage.so
7ff377a68000-7ff377a69000 r--p 00000000 00:2c 1780                       /lib/x86_64-linux-gnu/ld-2.28.so
7ff377a69000-7ff377a87000 r-xp 00001000 00:2c 1780                       /lib/x86_64-linux-gnu/ld-2.28.so
7ff377a87000-7ff377a8f000 r--p 0001f000 00:2c 1780                       /lib/x86_64-linux-gnu/ld-2.28.so
7ff377a8f000-7ff377a90000 r--p 00026000 00:2c 1780                       /lib/x86_64-linux-gnu/ld-2.28.so
7ff377a90000-7ff377a91000 rw-p 00027000 00:2c 1780                       /lib/x86_64-linux-gnu/ld-2.28.so
7ff377a91000-7ff377a92000 rw-p 00000000 00:00 0 
7fff3b939000-7fff3b95a000 rw-p 00000000 00:00 0                          [stack]
7fff3b9ac000-7fff3b9af000 r--p 00000000 00:00 0                          [vvar]
7fff3b9af000-7fff3b9b0000 r-xp 00000000 00:00 0                          [vdso]
ffffffffff600000-ffffffffff601000 --xp 00000000 00:00 0                  [vsyscall]


VM Arguments:
java_command: nl.han.minor.alliander.rfid.prototype.PrototypeApplication
java_class_path (initial): /home/evanwf2001/Documents/Alliander/prototype/target/classes:/home/evanwf2001/.m2/repository/org/springframework/boot/spring-boot-starter-thymeleaf/2.5.6/spring-boot-starter-thymeleaf-2.5.6.jar:/home/evanwf2001/.m2/repository/org/springframework/boot/spring-boot-starter/2.5.6/spring-boot-starter-2.5.6.jar:/home/evanwf2001/.m2/repository/org/springframework/boot/spring-boot-starter-logging/2.5.6/spring-boot-starter-logging-2.5.6.jar:/home/evanwf2001/.m2/repository/ch/qos/logback/logback-classic/1.2.6/logback-classic-1.2.6.jar:/home/evanwf2001/.m2/repository/ch/qos/logback/logback-core/1.2.6/logback-core-1.2.6.jar:/home/evanwf2001/.m2/repository/org/apache/logging/log4j/log4j-to-slf4j/2.14.1/log4j-to-slf4j-2.14.1.jar:/home/evanwf2001/.m2/repository/org/apache/logging/log4j/log4j-api/2.14.1/log4j-api-2.14.1.jar:/home/evanwf2001/.m2/repository/org/slf4j/jul-to-slf4j/1.7.32/jul-to-slf4j-1.7.32.jar:/home/evanwf2001/.m2/repository/jakarta/annotation/jakarta.annotation-api/1.3.5/jakarta.annotation-api-1.3.5.jar:/home/evanwf2001/.m2/repository/org/yaml/snakeyaml/1.28/snakeyaml-1.28.jar:/home/evanwf2001/.m2/repository/org/thymeleaf/thymeleaf-spring5/3.0.12.RELEASE/thymeleaf-spring5-3.0.12.RELEASE.jar:/home/evanwf2001/.m2/repository/org/thymeleaf/thymeleaf/3.0.12.RELEASE/thymeleaf-3.0.12.RELEASE.jar:/home/evanwf2001/.m2/repository/org/attoparser/attoparser/2.0.5.RELEASE/attoparser-2.0.5.RELEASE.jar:/home/evanwf2001/.m2/repository/org/unbescape/unbescape/1.1.6.RELEASE/unbescape-1.1.6.RELEASE.jar:/home/evanwf2001/.m2/repository/org/slf4j/slf4j-api/1.7.32/slf4j-api-1.7.32.jar:/home/evanwf2001/.m2/repository/org/thymeleaf/extras/thymeleaf-extras-java8time/3.0.4.RELEASE/thymeleaf-extras-java8time-3.0.4.RELEASE.jar:/home/evanwf2001/.m2/repository/org/springframework/boot/spring-boot-starter-web/2.5.6/spring-boot-starter-web-2.5.6.jar:/home/evanwf2001/.m2/repository/org/springframework/boot/spring-boot-starter-json/2.5.6/spring-boot-starter-json-2.5.6.ja
Launcher Type: SUN_STANDARD

[Global flags]
     intx CICompilerCount                          = 3                                         {product} {ergonomic}
     uint ConcGCThreads                            = 1                                         {product} {ergonomic}
     uint G1ConcRefinementThreads                  = 4                                         {product} {ergonomic}
   size_t G1HeapRegionSize                         = 1048576                                   {product} {ergonomic}
    uintx GCDrainStackTargetSize                   = 64                                        {product} {ergonomic}
   size_t InitialHeapSize                          = 109051904                                 {product} {ergonomic}
   size_t MarkStackSize                            = 4194304                                   {product} {ergonomic}
   size_t MaxHeapSize                              = 1736441856                                {product} {ergonomic}
   size_t MaxNewSize                               = 1041235968                                {product} {ergonomic}
   size_t MinHeapDeltaBytes                        = 1048576                                   {product} {ergonomic}
    uintx NonNMethodCodeHeapSize                   = 5830732                                {pd product} {ergonomic}
    uintx NonProfiledCodeHeapSize                  = 122913754                              {pd product} {ergonomic}
    uintx ProfiledCodeHeapSize                     = 122913754                              {pd product} {ergonomic}
    uintx ReservedCodeCacheSize                    = 251658240                              {pd product} {ergonomic}
     bool SegmentedCodeCache                       = true                                      {product} {ergonomic}
     bool UseCompressedClassPointers               = true                                 {lp64_product} {ergonomic}
     bool UseCompressedOops                        = true                                 {lp64_product} {ergonomic}
     bool UseG1GC                                  = true                                      {product} {ergonomic}

Logging:
Log output configuration:
 #0: stdout all=warning uptime,level,tags
 #1: stderr all=off uptime,level,tags

Environment Variables:
PATH=/usr/local/bin:/usr/bin:/bin:/usr/local/games:/usr/games
SHELL=/bin/bash
DISPLAY=:0
LANG=en_US.UTF-8

Signal Handlers:
SIGSEGV: [libjvm.so+0xe36750], sa_mask[0]=11111111011111111101111111111110, sa_flags=SA_RESTART|SA_SIGINFO
SIGBUS: [libjvm.so+0xe36750], sa_mask[0]=11111111011111111101111111111110, sa_flags=SA_RESTART|SA_SIGINFO
SIGFPE: [libjvm.so+0xe36750], sa_mask[0]=11111111011111111101111111111110, sa_flags=SA_RESTART|SA_SIGINFO
SIGPIPE: [libjvm.so+0xb89470], sa_mask[0]=11111111011111111101111111111110, sa_flags=SA_RESTART|SA_SIGINFO
SIGXFSZ: [libjvm.so+0xb89470], sa_mask[0]=11111111011111111101111111111110, sa_flags=SA_RESTART|SA_SIGINFO
SIGILL: [libjvm.so+0xe36750], sa_mask[0]=11111111011111111101111111111110, sa_flags=SA_RESTART|SA_SIGINFO
SIGUSR2: [libjvm.so+0xb89300], sa_mask[0]=00000000000000000000000000000000, sa_flags=SA_RESTART|SA_SIGINFO
SIGHUP: [libjvm.so+0xb897b0], sa_mask[0]=11111111011111111101111111111110, sa_flags=SA_RESTART|SA_SIGINFO
SIGINT: [libjvm.so+0xb897b0], sa_mask[0]=11111111011111111101111111111110, sa_flags=SA_RESTART|SA_SIGINFO
SIGTERM: [libjvm.so+0xb897b0], sa_mask[0]=11111111011111111101111111111110, sa_flags=SA_RESTART|SA_SIGINFO
SIGQUIT: [libjvm.so+0xb897b0], sa_mask[0]=11111111011111111101111111111110, sa_flags=SA_RESTART|SA_SIGINFO


---------------  S Y S T E M  ---------------

OS:PRETTY_NAME="Debian GNU/Linux 10 (buster)"
NAME="Debian GNU/Linux"
VERSION_ID="10"
VERSION="10 (buster)"
VERSION_CODENAME=buster
ID=debian
HOME_URL="https://www.debian.org/"
SUPPORT_URL="https://www.debian.org/support"
BUG_REPORT_URL="https://bugs.debian.org/"
uname:Linux 5.4.157-17178-ge2a77dd180f6 #1 SMP PREEMPT Sun Dec 12 19:18:37 PST 2021 x86_64
OS uptime: 5 days 6:25 hours
libc:glibc 2.28 NPTL 2.28 
rlimit (soft/hard): STACK 8192k/infinity , CORE 0k/infinity , NPROC 26465/26465 , NOFILE 1048576/1048576 , AS infinity/infinity , CPU infinity/infinity , DATA infinity/infinity , FSIZE infinity/infinity , MEMLOCK infinity/infinity
load average:0.35 0.57 1.38

/proc/meminfo:
MemTotal:        6780104 kB
MemFree:         6747536 kB
MemAvailable:    6772104 kB
Buffers:               0 kB
Cached:            24568 kB
SwapCached:            0 kB
Active:            19708 kB
Inactive:           7600 kB
Active(anon):       3036 kB
Inactive(anon):        0 kB
Active(file):      16672 kB
Inactive(file):     7600 kB
Unevictable:           0 kB
Mlocked:              32 kB
SwapTotal:             0 kB
SwapFree:              0 kB
Dirty:               156 kB
Writeback:             0 kB
AnonPages:       1904820 kB
Mapped:           370424 kB
Shmem:                 0 kB
KReclaimable:      63276 kB
Slab:               0 kB
SReclaimable:          0 kB
SUnreclaim:            0 kB
KernelStack:        6720 kB
PageTables:        16024 kB
NFS_Unstable:          0 kB
Bounce:                0 kB
WritebackTmp:          0 kB
CommitLimit:     3390052 kB
Committed_AS:    5135492 kB
VmallocTotal:   34359738367 kB
VmallocUsed:        7236 kB
VmallocChunk:          0 kB
Percpu:             1792 kB
AnonHugePages:         0 kB
ShmemHugePages:        0 kB
ShmemPmdMapped:        0 kB
FileHugePages:         0 kB
FilePmdMapped:         0 kB
HugePages_Total:       0
HugePages_Free:        0
HugePages_Rsvd:        0
HugePages_Surp:        0
Hugepagesize:       2048 kB
Hugetlb:               0 kB
DirectMap4k:      233472 kB
DirectMap2M:     6150144 kB
DirectMap1G:     2097152 kB

/sys/kernel/mm/transparent_hugepage/enabled:
always [madvise] never
/sys/kernel/mm/transparent_hugepage/defrag (defrag/compaction efforts parameter):
always defer defer+madvise [madvise] never

Process Memory:
Virtual Size: 5402472K (peak: 13115840K)
Resident Set Size: 347376K (peak: 347376K) (anon: 318796K, file: 28580K, shmem: 0K)
Swapped out: 0K
C-Heap outstanding allocations: 25691K

/proc/sys/kernel/threads-max (system-wide limit on the number of threads):
52930
/proc/sys/vm/max_map_count (maximum number of memory map areas a process may have):
262144
/proc/sys/kernel/pid_max (system-wide limit on number of process identifiers):
32768

container (cgroup) information:
container_type: cgroupv1
cpu_cpuset_cpus: 0-3
cpu_memory_nodes: 0
active_processor_count: 4
cpu_quota: -1
cpu_period: 100000
cpu_shares: -1
memory_limit_in_bytes: -1
memory_and_swap_limit_in_bytes: -2
memory_soft_limit_in_bytes: -1
memory_usage_in_bytes: 3025850368
memory_max_usage_in_bytes: 3868254208

KVM virtualization detected
Steal ticks since vm start: 68634
Steal ticks percentage since vm start:  0.044

CPU:total 4 (initial active 4) (4 cores per cpu, 1 threads per core) family 6 model 92 stepping 9 microcode 0x1, cmov, cx8, fxsr, mmx, sse, sse2, sse3, ssse3, sse4.1, sse4.2, popcnt, aes, clmul, erms, 3dnowpref, tsc, tscinvbit
CPU Model and flags from /proc/cpuinfo:
model name	: 06/5c
flags		: fpu vme de pse tsc msr pae mce cx8 apic sep mtrr pge mca cmov pat pse36 clflush mmx fxsr sse sse2 ss ht syscall nx pdpe1gb rdtscp lm constant_tsc arch_perfmon rep_good nopl xtopology nonstop_tsc cpuid tsc_known_freq pni pclmulqdq ssse3 cx16 sse4_1 sse4_2 x2apic movbe popcnt tsc_deadline_timer aes xsave rdrand hypervisor lahf_lm 3dnowprefetch ibrs ibpb stibp fsgsbase tsc_adjust smep erms mpx rdseed smap clflushopt xsaveopt xsavec xgetbv1 arat md_clear arch_capabilities
Online cpus:
0-3
Offline cpus:

BIOS frequency limitation:
<Not Available>
Frequency switch latency (ns):
<Not Available>
Available cpu frequencies:
<Not Available>
Current governor:
<Not Available>
Core performance/turbo boost:
<Not Available>

Memory: 4k page, physical 6780104k(639940k free), swap 0k(0k free)

vm_info: OpenJDK 64-Bit Server VM (11.0.12+7-post-Debian-2deb10u1) for linux-amd64 JRE (11.0.12+7-post-Debian-2deb10u1), built on Jul 22 2021 17:25:10 by "unknown" with gcc 8.3.0

END.
